[2018-04-25T16:56:56.430] [ERROR] errorLogger - 
*************** error log start ***************
request method: GET
request originalUrl:  /api/captcha
request client ip:  ::ffff:127.0.0.1
request query:  {}
response time: 0
err name: Error
err message: ENOENT: no such file or directory, scandir 'D:\work\liushiyizu\server\service\webApp\static\images\captcha'
err stack: Error: ENOENT: no such file or directory, scandir 'D:\work\liushiyizu\server\service\webApp\static\images\captcha'
    at Object.fs.readdirSync (fs.js:904:18)
    at exports.captcha (D:\work\liushiyizu\server\service\controllers\misc_controller.js:9:20)
    at dispatch (D:\work\liushiyizu\server\node_modules\koa-compose\index.js:44:32)
    at next (D:\work\liushiyizu\server\node_modules\koa-compose\index.js:45:18)
    at D:\work\liushiyizu\server\node_modules\koa-router\lib\router.js:345:16
    at dispatch (D:\work\liushiyizu\server\node_modules\koa-compose\index.js:44:32)
    at next (D:\work\liushiyizu\server\node_modules\koa-compose\index.js:45:18)
    at allowedMethods (D:\work\liushiyizu\server\node_modules\koa-router\lib\router.js:406:12)
    at dispatch (D:\work\liushiyizu\server\node_modules\koa-compose\index.js:44:32)
    at next (D:\work\liushiyizu\server\node_modules\koa-compose\index.js:45:18)
*************** error log end ***************

