[2018-04-26T10:40:09.404] [ERROR] errorLogger - 
*************** error log start ***************
request method: GET
request originalUrl:  /user/private
request client ip:  ::ffff:127.0.0.1
request query:  {}
response time: 1
err name: TypeError
err message: Cannot read property 'user' of undefined
err stack: TypeError: Cannot read property 'user' of undefined
    at router.get (D:\work\liushiyizu\client\service\routes\user\index.js:4:19)
    at dispatch (D:\work\liushiyizu\client\node_modules\koa-compose\index.js:44:32)
    at next (D:\work\liushiyizu\client\node_modules\koa-compose\index.js:45:18)
    at D:\work\liushiyizu\client\node_modules\koa-router\lib\router.js:345:16
    at dispatch (D:\work\liushiyizu\client\node_modules\koa-compose\index.js:44:32)
    at next (D:\work\liushiyizu\client\node_modules\koa-compose\index.js:45:18)
    at allowedMethods (D:\work\liushiyizu\client\node_modules\koa-router\lib\router.js:406:12)
    at dispatch (D:\work\liushiyizu\client\node_modules\koa-compose\index.js:44:32)
    at next (D:\work\liushiyizu\client\node_modules\koa-compose\index.js:45:18)
    at D:\work\liushiyizu\client\node_modules\koa-router\lib\router.js:345:16
    at dispatch (D:\work\liushiyizu\client\node_modules\koa-compose\index.js:44:32)
    at D:\work\liushiyizu\client\node_modules\koa-compose\index.js:36:12
    at dispatch (D:\work\liushiyizu\client\node_modules\koa-router\lib\router.js:350:31)
    at dispatch (D:\work\liushiyizu\client\node_modules\koa\node_modules\koa-compose\index.js:42:32)
    at next (D:\work\liushiyizu\client\node_modules\koa\node_modules\koa-compose\index.js:43:18)
    at dispatch (D:\work\liushiyizu\client\node_modules\koa-router\lib\router.js:332:32)
*************** error log end ***************

[2018-04-26T11:10:20.816] [ERROR] errorLogger - 
*************** error log start ***************
request method: GET
request originalUrl:  /user/private
request client ip:  ::ffff:127.0.0.1
request query:  {}
response time: 3
err name: Error
err message: Unable to determine the domain name
err stack: Error: Unable to determine the domain name
    at new ClientRequest (_http_client.js:85:13)
    at request (http.js:38:10)
    at Object.get (http.js:42:13)
    at router.get (D:\work\liushiyizu\client\service\routes\user\index.js:5:7)
    at dispatch (D:\work\liushiyizu\client\node_modules\koa-compose\index.js:44:32)
    at next (D:\work\liushiyizu\client\node_modules\koa-compose\index.js:45:18)
    at D:\work\liushiyizu\client\node_modules\koa-router\lib\router.js:345:16
    at dispatch (D:\work\liushiyizu\client\node_modules\koa-compose\index.js:44:32)
    at next (D:\work\liushiyizu\client\node_modules\koa-compose\index.js:45:18)
    at allowedMethods (D:\work\liushiyizu\client\node_modules\koa-router\lib\router.js:406:12)
    at dispatch (D:\work\liushiyizu\client\node_modules\koa-compose\index.js:44:32)
    at next (D:\work\liushiyizu\client\node_modules\koa-compose\index.js:45:18)
    at D:\work\liushiyizu\client\node_modules\koa-router\lib\router.js:345:16
    at dispatch (D:\work\liushiyizu\client\node_modules\koa-compose\index.js:44:32)
    at D:\work\liushiyizu\client\node_modules\koa-compose\index.js:36:12
    at dispatch (D:\work\liushiyizu\client\node_modules\koa-router\lib\router.js:350:31)
*************** error log end ***************

[2018-04-26T17:17:39.506] [ERROR] errorLogger - 
*************** error log start ***************
request method: GET
request originalUrl:  /user/private
request client ip:  ::ffff:127.0.0.1
request query:  {}
response time: 1002
err name: Error
err message: connect ECONNREFUSED 127.0.0.1:6868
err stack: Error: connect ECONNREFUSED 127.0.0.1:6868
    at Object._errnoException (util.js:1024:11)
    at _exceptionWithHostPort (util.js:1046:20)
    at TCPConnectWrap.afterConnect [as oncomplete] (net.js:1182:14)
*************** error log end ***************

