[2017-12-27T15:44:35.230] [ERROR] errorLogger - 
*************** error log start ***************
request method: GET
request originalUrl:  /api/users/getUsers?id=
request client ip:  ::1
request query:  {"id":""}
response time: 13
err name: userNotExist
err message: 用户不存在
err stack: userNotExist: 用户不存在
    at exports.getUser (D:\work\liushiyizu\service\controllers\test_controller.js:16:15)
    at dispatch (D:\work\liushiyizu\node_modules\koa-compose\index.js:44:32)
    at next (D:\work\liushiyizu\node_modules\koa-compose\index.js:45:18)
    at D:\work\liushiyizu\node_modules\koa-router\lib\router.js:345:16
    at dispatch (D:\work\liushiyizu\node_modules\koa-compose\index.js:44:32)
    at D:\work\liushiyizu\node_modules\koa-compose\index.js:36:12
    at dispatch (D:\work\liushiyizu\node_modules\koa-router\lib\router.js:350:31)
    at dispatch (D:\work\liushiyizu\node_modules\koa\node_modules\koa-compose\index.js:42:32)
    at next (D:\work\liushiyizu\node_modules\koa\node_modules\koa-compose\index.js:43:18)
    at dispatch (D:\work\liushiyizu\node_modules\koa-router\lib\router.js:332:32)
    at dispatch (D:\work\liushiyizu\node_modules\koa\node_modules\koa-compose\index.js:42:32)
    at next (D:\work\liushiyizu\node_modules\koa\node_modules\koa-compose\index.js:43:18)
    at D:\work\liushiyizu\service\middlewares\response_formatter.js:31:19
    at dispatch (D:\work\liushiyizu\node_modules\koa\node_modules\koa-compose\index.js:42:32)
    at next (D:\work\liushiyizu\node_modules\koa\node_modules\koa-compose\index.js:43:18)
    at app.use (D:\work\liushiyizu\service\app.js:41:11)
*************** error log end ***************

[2017-12-27T15:48:27.290] [ERROR] errorLogger - 
*************** error log start ***************
request method: GET
request originalUrl:  /api/users/getUsers?id=
request client ip:  ::1
request query:  {"id":""}
response time: 6
err name: userNotExist
err message: 用户不存在
err stack: userNotExist: 用户不存在
    at exports.getUser (D:\work\liushiyizu\service\controllers\test_controller.js:16:15)
    at dispatch (D:\work\liushiyizu\node_modules\koa-compose\index.js:44:32)
    at next (D:\work\liushiyizu\node_modules\koa-compose\index.js:45:18)
    at D:\work\liushiyizu\node_modules\koa-router\lib\router.js:345:16
    at dispatch (D:\work\liushiyizu\node_modules\koa-compose\index.js:44:32)
    at D:\work\liushiyizu\node_modules\koa-compose\index.js:36:12
    at dispatch (D:\work\liushiyizu\node_modules\koa-router\lib\router.js:350:31)
    at dispatch (D:\work\liushiyizu\node_modules\koa\node_modules\koa-compose\index.js:42:32)
    at next (D:\work\liushiyizu\node_modules\koa\node_modules\koa-compose\index.js:43:18)
    at dispatch (D:\work\liushiyizu\node_modules\koa-router\lib\router.js:332:32)
    at dispatch (D:\work\liushiyizu\node_modules\koa\node_modules\koa-compose\index.js:42:32)
    at next (D:\work\liushiyizu\node_modules\koa\node_modules\koa-compose\index.js:43:18)
    at D:\work\liushiyizu\service\middlewares\response_formatter.js:31:19
    at dispatch (D:\work\liushiyizu\node_modules\koa\node_modules\koa-compose\index.js:42:32)
    at next (D:\work\liushiyizu\node_modules\koa\node_modules\koa-compose\index.js:43:18)
    at app.use (D:\work\liushiyizu\service\app.js:41:11)
*************** error log end ***************

[2017-12-29T13:59:41.806] [ERROR] errorLogger - 
*************** error log start ***************
request method: GET
request originalUrl:  /error/404
request client ip:  ::1
request query:  {}
response time: 2
err name: Error
err message: ENOENT: no such file or directory, stat 'D:\work\liushiyizu\webApp\html\error\404.html'
err stack: Error: ENOENT: no such file or directory, stat 'D:\work\liushiyizu\webApp\html\error\404.html'
*************** error log end ***************

[2017-12-29T14:01:38.168] [ERROR] errorLogger - 
*************** error log start ***************
request method: GET
request originalUrl:  /error
request client ip:  ::1
request query:  {}
response time: 0
err name: Error
err message: ENOENT: no such file or directory, stat 'D:\work\liushiyizu\webApp\html\error\404.html'
err stack: Error: ENOENT: no such file or directory, stat 'D:\work\liushiyizu\webApp\html\error\404.html'
*************** error log end ***************

[2017-12-29T14:01:41.846] [ERROR] errorLogger - 
*************** error log start ***************
request method: GET
request originalUrl:  /error
request client ip:  ::1
request query:  {}
response time: 0
err name: Error
err message: ENOENT: no such file or directory, stat 'D:\work\liushiyizu\webApp\html\error\404.html'
err stack: Error: ENOENT: no such file or directory, stat 'D:\work\liushiyizu\webApp\html\error\404.html'
*************** error log end ***************

[2017-12-29T14:01:42.385] [ERROR] errorLogger - 
*************** error log start ***************
request method: GET
request originalUrl:  /error
request client ip:  ::1
request query:  {}
response time: 0
err name: Error
err message: ENOENT: no such file or directory, stat 'D:\work\liushiyizu\webApp\html\error\404.html'
err stack: Error: ENOENT: no such file or directory, stat 'D:\work\liushiyizu\webApp\html\error\404.html'
*************** error log end ***************

[2017-12-29T14:07:02.493] [ERROR] errorLogger - 
*************** error log start ***************
request method: GET
request originalUrl:  /error
request client ip:  ::1
request query:  {}
response time: 1
err name: Error
err message: ENOENT: no such file or directory, stat 'D:\work\liushiyizu\service\views\error\404.html'
err stack: Error: ENOENT: no such file or directory, stat 'D:\work\liushiyizu\service\views\error\404.html'
*************** error log end ***************

[2017-12-29T14:07:40.180] [ERROR] errorLogger - 
*************** error log start ***************
request method: GET
request originalUrl:  /error
request client ip:  ::1
request query:  {}
response time: 1
err name: Error
err message: ENOENT: no such file or directory, stat 'D:\work\liushiyizu\service\views\error\404.html'
err stack: Error: ENOENT: no such file or directory, stat 'D:\work\liushiyizu\service\views\error\404.html'
*************** error log end ***************

[2017-12-29T14:13:38.826] [ERROR] errorLogger - 
*************** error log start ***************
request method: GET
request originalUrl:  /error
request client ip:  ::1
request query:  {}
response time: 0
err name: Error
err message: ENOENT: no such file or directory, stat 'D:\work\liushiyizu\service\views\error\404.html'
err stack: Error: ENOENT: no such file or directory, stat 'D:\work\liushiyizu\service\views\error\404.html'
*************** error log end ***************

[2017-12-29T14:19:40.048] [ERROR] errorLogger - 
*************** error log start ***************
request method: GET
request originalUrl:  /error
request client ip:  ::1
request query:  {}
response time: 0
err name: Error
err message: ENOENT: no such file or directory, stat 'D:\work\liushiyizu\service\error\404.html'
err stack: Error: ENOENT: no such file or directory, stat 'D:\work\liushiyizu\service\error\404.html'
*************** error log end ***************

[2017-12-29T14:19:44.864] [ERROR] errorLogger - 
*************** error log start ***************
request method: GET
request originalUrl:  /
request client ip:  ::1
request query:  {}
response time: 0
err name: Error
err message: ENOENT: no such file or directory, stat 'D:\work\liushiyizu\service\index.html'
err stack: Error: ENOENT: no such file or directory, stat 'D:\work\liushiyizu\service\index.html'
*************** error log end ***************

[2017-12-29T14:29:13.669] [ERROR] errorLogger - 
*************** error log start ***************
request method: GET
request originalUrl:  /
request client ip:  ::1
request query:  {}
response time: 2
err name: Error
err message: ENOENT: no such file or directory, stat 'D:\work\liushiyizu\service\webApp\views\index.html'
err stack: Error: ENOENT: no such file or directory, stat 'D:\work\liushiyizu\service\webApp\views\index.html'
*************** error log end ***************

[2017-12-31T18:42:21.707] [ERROR] errorLogger - 
*************** error log start ***************
request method: POST
request originalUrl:  /api/upload
request client ip:  ::1
request body: 
{}
response time: 3
err name: ReferenceError
err message: type is not defined
err stack: ReferenceError: type is not defined
    at module.exports (D:\work\sublime\liushiyizu\service\controllers\upload_controller.js:10:36)
    at dispatch (D:\work\sublime\liushiyizu\node_modules\koa-compose\index.js:44:32)
    at next (D:\work\sublime\liushiyizu\node_modules\koa-compose\index.js:45:18)
    at D:\work\sublime\liushiyizu\node_modules\koa-router\lib\router.js:345:16
    at dispatch (D:\work\sublime\liushiyizu\node_modules\koa-compose\index.js:44:32)
    at D:\work\sublime\liushiyizu\node_modules\koa-compose\index.js:36:12
    at dispatch (D:\work\sublime\liushiyizu\node_modules\koa-router\lib\router.js:350:31)
    at dispatch (D:\work\sublime\liushiyizu\node_modules\koa\node_modules\koa-compose\index.js:42:32)
    at next (D:\work\sublime\liushiyizu\node_modules\koa\node_modules\koa-compose\index.js:43:18)
    at dispatch (D:\work\sublime\liushiyizu\node_modules\koa-router\lib\router.js:332:32)
    at dispatch (D:\work\sublime\liushiyizu\node_modules\koa\node_modules\koa-compose\index.js:42:32)
    at next (D:\work\sublime\liushiyizu\node_modules\koa\node_modules\koa-compose\index.js:43:18)
    at dispatch (D:\work\sublime\liushiyizu\node_modules\koa-router\lib\router.js:332:32)
    at dispatch (D:\work\sublime\liushiyizu\node_modules\koa\node_modules\koa-compose\index.js:42:32)
    at next (D:\work\sublime\liushiyizu\node_modules\koa\node_modules\koa-compose\index.js:43:18)
    at D:\work\sublime\liushiyizu\service\middlewares\response_formatter.js:60:19
*************** error log end ***************

[2017-12-31T19:30:40.689] [ERROR] errorLogger - 
*************** error log start ***************
request method: POST
request originalUrl:  /api/upload
request client ip:  ::1
request body: 
{}
response time: 15
err name: TypeError
err message: Cannot read property 'file' of undefined
err stack: TypeError: Cannot read property 'file' of undefined
    at module.exports (D:\work\sublime\liushiyizu\service\controllers\upload_controller.js:5:38)
    at dispatch (D:\work\sublime\liushiyizu\node_modules\koa-compose\index.js:44:32)
    at next (D:\work\sublime\liushiyizu\node_modules\koa-compose\index.js:45:18)
    at D:\work\sublime\liushiyizu\node_modules\koa-router\lib\router.js:345:16
    at dispatch (D:\work\sublime\liushiyizu\node_modules\koa-compose\index.js:44:32)
    at D:\work\sublime\liushiyizu\node_modules\koa-compose\index.js:36:12
    at dispatch (D:\work\sublime\liushiyizu\node_modules\koa-router\lib\router.js:350:31)
    at dispatch (D:\work\sublime\liushiyizu\node_modules\koa\node_modules\koa-compose\index.js:42:32)
    at next (D:\work\sublime\liushiyizu\node_modules\koa\node_modules\koa-compose\index.js:43:18)
    at dispatch (D:\work\sublime\liushiyizu\node_modules\koa-router\lib\router.js:332:32)
    at dispatch (D:\work\sublime\liushiyizu\node_modules\koa\node_modules\koa-compose\index.js:42:32)
    at next (D:\work\sublime\liushiyizu\node_modules\koa\node_modules\koa-compose\index.js:43:18)
    at dispatch (D:\work\sublime\liushiyizu\node_modules\koa-router\lib\router.js:332:32)
    at dispatch (D:\work\sublime\liushiyizu\node_modules\koa\node_modules\koa-compose\index.js:42:32)
    at next (D:\work\sublime\liushiyizu\node_modules\koa\node_modules\koa-compose\index.js:43:18)
    at D:\work\sublime\liushiyizu\service\middlewares\response_formatter.js:60:19
*************** error log end ***************

[2017-12-31T19:34:44.324] [ERROR] errorLogger - 
*************** error log start ***************
request method: POST
request originalUrl:  /api/users/registerUser
request client ip:  ::1
request body: 
{}
response time: 0
err name: TypeError
err message: Cannot read property 'file' of undefined
err stack: TypeError: Cannot read property 'file' of undefined
    at exports.registerUser (D:\work\sublime\liushiyizu\service\controllers\user_controller.js:37:41)
    at dispatch (D:\work\sublime\liushiyizu\node_modules\koa-compose\index.js:44:32)
    at next (D:\work\sublime\liushiyizu\node_modules\koa-compose\index.js:45:18)
    at D:\work\sublime\liushiyizu\node_modules\koa-router\lib\router.js:345:16
    at dispatch (D:\work\sublime\liushiyizu\node_modules\koa-compose\index.js:44:32)
    at D:\work\sublime\liushiyizu\node_modules\koa-compose\index.js:36:12
    at dispatch (D:\work\sublime\liushiyizu\node_modules\koa-router\lib\router.js:350:31)
    at dispatch (D:\work\sublime\liushiyizu\node_modules\koa\node_modules\koa-compose\index.js:42:32)
    at next (D:\work\sublime\liushiyizu\node_modules\koa\node_modules\koa-compose\index.js:43:18)
    at dispatch (D:\work\sublime\liushiyizu\node_modules\koa-router\lib\router.js:332:32)
    at dispatch (D:\work\sublime\liushiyizu\node_modules\koa\node_modules\koa-compose\index.js:42:32)
    at next (D:\work\sublime\liushiyizu\node_modules\koa\node_modules\koa-compose\index.js:43:18)
    at dispatch (D:\work\sublime\liushiyizu\node_modules\koa-router\lib\router.js:332:32)
    at dispatch (D:\work\sublime\liushiyizu\node_modules\koa\node_modules\koa-compose\index.js:42:32)
    at next (D:\work\sublime\liushiyizu\node_modules\koa\node_modules\koa-compose\index.js:43:18)
    at D:\work\sublime\liushiyizu\service\middlewares\response_formatter.js:60:19
*************** error log end ***************

[2017-12-31T19:34:46.535] [ERROR] errorLogger - 
*************** error log start ***************
request method: POST
request originalUrl:  /api/users/registerUser
request client ip:  ::1
request body: 
{}
response time: 0
err name: TypeError
err message: Cannot read property 'file' of undefined
err stack: TypeError: Cannot read property 'file' of undefined
    at exports.registerUser (D:\work\sublime\liushiyizu\service\controllers\user_controller.js:37:41)
    at dispatch (D:\work\sublime\liushiyizu\node_modules\koa-compose\index.js:44:32)
    at next (D:\work\sublime\liushiyizu\node_modules\koa-compose\index.js:45:18)
    at D:\work\sublime\liushiyizu\node_modules\koa-router\lib\router.js:345:16
    at dispatch (D:\work\sublime\liushiyizu\node_modules\koa-compose\index.js:44:32)
    at D:\work\sublime\liushiyizu\node_modules\koa-compose\index.js:36:12
    at dispatch (D:\work\sublime\liushiyizu\node_modules\koa-router\lib\router.js:350:31)
    at dispatch (D:\work\sublime\liushiyizu\node_modules\koa\node_modules\koa-compose\index.js:42:32)
    at next (D:\work\sublime\liushiyizu\node_modules\koa\node_modules\koa-compose\index.js:43:18)
    at dispatch (D:\work\sublime\liushiyizu\node_modules\koa-router\lib\router.js:332:32)
    at dispatch (D:\work\sublime\liushiyizu\node_modules\koa\node_modules\koa-compose\index.js:42:32)
    at next (D:\work\sublime\liushiyizu\node_modules\koa\node_modules\koa-compose\index.js:43:18)
    at dispatch (D:\work\sublime\liushiyizu\node_modules\koa-router\lib\router.js:332:32)
    at dispatch (D:\work\sublime\liushiyizu\node_modules\koa\node_modules\koa-compose\index.js:42:32)
    at next (D:\work\sublime\liushiyizu\node_modules\koa\node_modules\koa-compose\index.js:43:18)
    at D:\work\sublime\liushiyizu\service\middlewares\response_formatter.js:60:19
*************** error log end ***************

[2017-12-31T19:34:49.231] [ERROR] errorLogger - 
*************** error log start ***************
request method: POST
request originalUrl:  /api/users/registerUser
request client ip:  ::1
request body: 
{}
response time: 0
err name: TypeError
err message: Cannot read property 'file' of undefined
err stack: TypeError: Cannot read property 'file' of undefined
    at exports.registerUser (D:\work\sublime\liushiyizu\service\controllers\user_controller.js:37:41)
    at dispatch (D:\work\sublime\liushiyizu\node_modules\koa-compose\index.js:44:32)
    at next (D:\work\sublime\liushiyizu\node_modules\koa-compose\index.js:45:18)
    at D:\work\sublime\liushiyizu\node_modules\koa-router\lib\router.js:345:16
    at dispatch (D:\work\sublime\liushiyizu\node_modules\koa-compose\index.js:44:32)
    at D:\work\sublime\liushiyizu\node_modules\koa-compose\index.js:36:12
    at dispatch (D:\work\sublime\liushiyizu\node_modules\koa-router\lib\router.js:350:31)
    at dispatch (D:\work\sublime\liushiyizu\node_modules\koa\node_modules\koa-compose\index.js:42:32)
    at next (D:\work\sublime\liushiyizu\node_modules\koa\node_modules\koa-compose\index.js:43:18)
    at dispatch (D:\work\sublime\liushiyizu\node_modules\koa-router\lib\router.js:332:32)
    at dispatch (D:\work\sublime\liushiyizu\node_modules\koa\node_modules\koa-compose\index.js:42:32)
    at next (D:\work\sublime\liushiyizu\node_modules\koa\node_modules\koa-compose\index.js:43:18)
    at dispatch (D:\work\sublime\liushiyizu\node_modules\koa-router\lib\router.js:332:32)
    at dispatch (D:\work\sublime\liushiyizu\node_modules\koa\node_modules\koa-compose\index.js:42:32)
    at next (D:\work\sublime\liushiyizu\node_modules\koa\node_modules\koa-compose\index.js:43:18)
    at D:\work\sublime\liushiyizu\service\middlewares\response_formatter.js:60:19
*************** error log end ***************

[2017-12-31T19:40:14.056] [ERROR] errorLogger - 
*************** error log start ***************
request method: POST
request originalUrl:  /api/users/registerUser
request client ip:  ::1
request body: 
{}
response time: 0
err name: TypeError
err message: Cannot read property 'file' of undefined
err stack: TypeError: Cannot read property 'file' of undefined
    at exports.registerUser (D:\work\sublime\liushiyizu\service\controllers\user_controller.js:38:41)
    at dispatch (D:\work\sublime\liushiyizu\node_modules\koa-compose\index.js:44:32)
    at next (D:\work\sublime\liushiyizu\node_modules\koa-compose\index.js:45:18)
    at D:\work\sublime\liushiyizu\node_modules\koa-router\lib\router.js:345:16
    at dispatch (D:\work\sublime\liushiyizu\node_modules\koa-compose\index.js:44:32)
    at D:\work\sublime\liushiyizu\node_modules\koa-compose\index.js:36:12
    at dispatch (D:\work\sublime\liushiyizu\node_modules\koa-router\lib\router.js:350:31)
    at dispatch (D:\work\sublime\liushiyizu\node_modules\koa\node_modules\koa-compose\index.js:42:32)
    at next (D:\work\sublime\liushiyizu\node_modules\koa\node_modules\koa-compose\index.js:43:18)
    at dispatch (D:\work\sublime\liushiyizu\node_modules\koa-router\lib\router.js:332:32)
    at dispatch (D:\work\sublime\liushiyizu\node_modules\koa\node_modules\koa-compose\index.js:42:32)
    at next (D:\work\sublime\liushiyizu\node_modules\koa\node_modules\koa-compose\index.js:43:18)
    at dispatch (D:\work\sublime\liushiyizu\node_modules\koa-router\lib\router.js:332:32)
    at dispatch (D:\work\sublime\liushiyizu\node_modules\koa\node_modules\koa-compose\index.js:42:32)
    at next (D:\work\sublime\liushiyizu\node_modules\koa\node_modules\koa-compose\index.js:43:18)
    at D:\work\sublime\liushiyizu\service\middlewares\response_formatter.js:60:19
*************** error log end ***************

[2017-12-31T19:40:55.721] [ERROR] errorLogger - 
*************** error log start ***************
request method: POST
request originalUrl:  /api/users/registerUser
request client ip:  ::1
request body: 
{}
response time: 1
err name: TypeError
err message: Cannot read property 'file' of undefined
err stack: TypeError: Cannot read property 'file' of undefined
    at exports.registerUser (D:\work\sublime\liushiyizu\service\controllers\user_controller.js:39:41)
    at dispatch (D:\work\sublime\liushiyizu\node_modules\koa-compose\index.js:44:32)
    at next (D:\work\sublime\liushiyizu\node_modules\koa-compose\index.js:45:18)
    at D:\work\sublime\liushiyizu\node_modules\koa-router\lib\router.js:345:16
    at dispatch (D:\work\sublime\liushiyizu\node_modules\koa-compose\index.js:44:32)
    at D:\work\sublime\liushiyizu\node_modules\koa-compose\index.js:36:12
    at dispatch (D:\work\sublime\liushiyizu\node_modules\koa-router\lib\router.js:350:31)
    at dispatch (D:\work\sublime\liushiyizu\node_modules\koa\node_modules\koa-compose\index.js:42:32)
    at next (D:\work\sublime\liushiyizu\node_modules\koa\node_modules\koa-compose\index.js:43:18)
    at dispatch (D:\work\sublime\liushiyizu\node_modules\koa-router\lib\router.js:332:32)
    at dispatch (D:\work\sublime\liushiyizu\node_modules\koa\node_modules\koa-compose\index.js:42:32)
    at next (D:\work\sublime\liushiyizu\node_modules\koa\node_modules\koa-compose\index.js:43:18)
    at dispatch (D:\work\sublime\liushiyizu\node_modules\koa-router\lib\router.js:332:32)
    at dispatch (D:\work\sublime\liushiyizu\node_modules\koa\node_modules\koa-compose\index.js:42:32)
    at next (D:\work\sublime\liushiyizu\node_modules\koa\node_modules\koa-compose\index.js:43:18)
    at D:\work\sublime\liushiyizu\service\middlewares\response_formatter.js:60:19
*************** error log end ***************

[2017-12-31T19:51:55.377] [ERROR] errorLogger - 
*************** error log start ***************
request method: POST
request originalUrl:  /upload
request client ip:  ::1
request body: 
{}
response time: 1
err name: TypeError
err message: Cannot read property 'file' of undefined
err stack: TypeError: Cannot read property 'file' of undefined
    at router.post (D:\work\sublime\liushiyizu\service\app.js:95:39)
    at dispatch (D:\work\sublime\liushiyizu\node_modules\koa-compose\index.js:44:32)
    at next (D:\work\sublime\liushiyizu\node_modules\koa-compose\index.js:45:18)
    at D:\work\sublime\liushiyizu\node_modules\koa-router\lib\router.js:345:16
    at dispatch (D:\work\sublime\liushiyizu\node_modules\koa-compose\index.js:44:32)
    at D:\work\sublime\liushiyizu\node_modules\koa-compose\index.js:36:12
    at dispatch (D:\work\sublime\liushiyizu\node_modules\koa-router\lib\router.js:350:31)
    at dispatch (D:\work\sublime\liushiyizu\node_modules\koa\node_modules\koa-compose\index.js:42:32)
    at next (D:\work\sublime\liushiyizu\node_modules\koa\node_modules\koa-compose\index.js:43:18)
    at dispatch (D:\work\sublime\liushiyizu\node_modules\koa-router\lib\router.js:332:32)
    at dispatch (D:\work\sublime\liushiyizu\node_modules\koa\node_modules\koa-compose\index.js:42:32)
    at next (D:\work\sublime\liushiyizu\node_modules\koa\node_modules\koa-compose\index.js:43:18)
    at dispatch (D:\work\sublime\liushiyizu\node_modules\koa-router\lib\router.js:332:32)
    at dispatch (D:\work\sublime\liushiyizu\node_modules\koa\node_modules\koa-compose\index.js:42:32)
    at next (D:\work\sublime\liushiyizu\node_modules\koa\node_modules\koa-compose\index.js:43:18)
    at D:\work\sublime\liushiyizu\service\middlewares\response_formatter.js:60:19
*************** error log end ***************

[2017-12-31T19:54:42.522] [ERROR] errorLogger - 
*************** error log start ***************
request method: POST
request originalUrl:  /upload
request client ip:  ::1
request body: 
{}
response time: 1
err name: TypeError
err message: Cannot read property 'file' of undefined
err stack: TypeError: Cannot read property 'file' of undefined
    at router.post (D:\work\sublime\liushiyizu\service\app.js:94:39)
    at dispatch (D:\work\sublime\liushiyizu\node_modules\koa-compose\index.js:44:32)
    at next (D:\work\sublime\liushiyizu\node_modules\koa-compose\index.js:45:18)
    at D:\work\sublime\liushiyizu\node_modules\koa-router\lib\router.js:345:16
    at dispatch (D:\work\sublime\liushiyizu\node_modules\koa-compose\index.js:44:32)
    at D:\work\sublime\liushiyizu\node_modules\koa-compose\index.js:36:12
    at dispatch (D:\work\sublime\liushiyizu\node_modules\koa-router\lib\router.js:350:31)
    at dispatch (D:\work\sublime\liushiyizu\node_modules\koa\node_modules\koa-compose\index.js:42:32)
    at next (D:\work\sublime\liushiyizu\node_modules\koa\node_modules\koa-compose\index.js:43:18)
    at dispatch (D:\work\sublime\liushiyizu\node_modules\koa-router\lib\router.js:332:32)
    at dispatch (D:\work\sublime\liushiyizu\node_modules\koa\node_modules\koa-compose\index.js:42:32)
    at next (D:\work\sublime\liushiyizu\node_modules\koa\node_modules\koa-compose\index.js:43:18)
    at dispatch (D:\work\sublime\liushiyizu\node_modules\koa-router\lib\router.js:332:32)
    at dispatch (D:\work\sublime\liushiyizu\node_modules\koa\node_modules\koa-compose\index.js:42:32)
    at next (D:\work\sublime\liushiyizu\node_modules\koa\node_modules\koa-compose\index.js:43:18)
    at D:\work\sublime\liushiyizu\service\middlewares\response_formatter.js:60:19
*************** error log end ***************

[2017-12-31T20:00:07.846] [ERROR] errorLogger - 
*************** error log start ***************
request method: POST
request originalUrl:  /upload
request client ip:  ::1
request body: 
{"fields":{},"files":{"file":{"size":55877,"path":"C:\\Users\\pc\\AppData\\Local\\Temp\\upload_fa2d96b046014c434f244c2d2d1dea51","name":"王铁建.jpg","type":"image/jpeg","mtime":"2017-12-31T12:00:04.669Z"}}}
response time: 2
err name: ReferenceError
err message: fs is not defined
err stack: ReferenceError: fs is not defined
    at router.post (D:\work\sublime\liushiyizu\service\app.js:97:18)
    at dispatch (D:\work\sublime\liushiyizu\node_modules\koa-compose\index.js:44:32)
    at next (D:\work\sublime\liushiyizu\node_modules\koa-compose\index.js:45:18)
    at D:\work\sublime\liushiyizu\node_modules\koa-router\lib\router.js:345:16
    at dispatch (D:\work\sublime\liushiyizu\node_modules\koa-compose\index.js:44:32)
    at D:\work\sublime\liushiyizu\node_modules\koa-compose\index.js:36:12
    at dispatch (D:\work\sublime\liushiyizu\node_modules\koa-router\lib\router.js:350:31)
    at dispatch (D:\work\sublime\liushiyizu\node_modules\koa\node_modules\koa-compose\index.js:42:32)
    at next (D:\work\sublime\liushiyizu\node_modules\koa\node_modules\koa-compose\index.js:43:18)
    at dispatch (D:\work\sublime\liushiyizu\node_modules\koa-router\lib\router.js:332:32)
    at dispatch (D:\work\sublime\liushiyizu\node_modules\koa\node_modules\koa-compose\index.js:42:32)
    at next (D:\work\sublime\liushiyizu\node_modules\koa\node_modules\koa-compose\index.js:43:18)
    at dispatch (D:\work\sublime\liushiyizu\node_modules\koa-router\lib\router.js:332:32)
    at dispatch (D:\work\sublime\liushiyizu\node_modules\koa\node_modules\koa-compose\index.js:42:32)
    at next (D:\work\sublime\liushiyizu\node_modules\koa\node_modules\koa-compose\index.js:43:18)
    at D:\work\sublime\liushiyizu\service\middlewares\response_formatter.js:60:19
*************** error log end ***************

[2017-12-31T20:00:42.021] [ERROR] errorLogger - 
*************** error log start ***************
request method: POST
request originalUrl:  /upload
request client ip:  ::1
request body: 
{"fields":{},"files":{"file":{"size":55877,"path":"C:\\Users\\pc\\AppData\\Local\\Temp\\upload_5ea56fcbe0786d4f1e5f82a25abde362","name":"王铁建.jpg","type":"image/jpeg","mtime":"2017-12-31T12:00:42.019Z"}}}
response time: 1
err name: ReferenceError
err message: fs is not defined
err stack: ReferenceError: fs is not defined
    at router.post (D:\work\sublime\liushiyizu\service\app.js:98:18)
    at dispatch (D:\work\sublime\liushiyizu\node_modules\koa-compose\index.js:44:32)
    at next (D:\work\sublime\liushiyizu\node_modules\koa-compose\index.js:45:18)
    at D:\work\sublime\liushiyizu\node_modules\koa-router\lib\router.js:345:16
    at dispatch (D:\work\sublime\liushiyizu\node_modules\koa-compose\index.js:44:32)
    at D:\work\sublime\liushiyizu\node_modules\koa-compose\index.js:36:12
    at dispatch (D:\work\sublime\liushiyizu\node_modules\koa-router\lib\router.js:350:31)
    at dispatch (D:\work\sublime\liushiyizu\node_modules\koa\node_modules\koa-compose\index.js:42:32)
    at next (D:\work\sublime\liushiyizu\node_modules\koa\node_modules\koa-compose\index.js:43:18)
    at dispatch (D:\work\sublime\liushiyizu\node_modules\koa-router\lib\router.js:332:32)
    at dispatch (D:\work\sublime\liushiyizu\node_modules\koa\node_modules\koa-compose\index.js:42:32)
    at next (D:\work\sublime\liushiyizu\node_modules\koa\node_modules\koa-compose\index.js:43:18)
    at dispatch (D:\work\sublime\liushiyizu\node_modules\koa-router\lib\router.js:332:32)
    at dispatch (D:\work\sublime\liushiyizu\node_modules\koa\node_modules\koa-compose\index.js:42:32)
    at next (D:\work\sublime\liushiyizu\node_modules\koa\node_modules\koa-compose\index.js:43:18)
    at D:\work\sublime\liushiyizu\service\middlewares\response_formatter.js:60:19
*************** error log end ***************

[2017-12-31T20:02:26.855] [ERROR] errorLogger - 
*************** error log start ***************
request method: POST
request originalUrl:  /upload
request client ip:  ::1
request body: 
{"fields":{},"files":{"file":{"size":55877,"path":"C:\\Users\\pc\\AppData\\Local\\Temp\\upload_6f272260746aeb238ec1110a23e14525","name":"王铁建.jpg","type":"image/jpeg","mtime":"2017-12-31T12:02:26.853Z"}}}
response time: 1
err name: ReferenceError
err message: fs is not defined
err stack: ReferenceError: fs is not defined
    at router.post (D:\work\sublime\liushiyizu\service\app.js:97:18)
    at dispatch (D:\work\sublime\liushiyizu\node_modules\koa-compose\index.js:44:32)
    at next (D:\work\sublime\liushiyizu\node_modules\koa-compose\index.js:45:18)
    at D:\work\sublime\liushiyizu\node_modules\koa-router\lib\router.js:345:16
    at dispatch (D:\work\sublime\liushiyizu\node_modules\koa-compose\index.js:44:32)
    at D:\work\sublime\liushiyizu\node_modules\koa-compose\index.js:36:12
    at dispatch (D:\work\sublime\liushiyizu\node_modules\koa-router\lib\router.js:350:31)
    at dispatch (D:\work\sublime\liushiyizu\node_modules\koa\node_modules\koa-compose\index.js:42:32)
    at next (D:\work\sublime\liushiyizu\node_modules\koa\node_modules\koa-compose\index.js:43:18)
    at dispatch (D:\work\sublime\liushiyizu\node_modules\koa-router\lib\router.js:332:32)
    at dispatch (D:\work\sublime\liushiyizu\node_modules\koa\node_modules\koa-compose\index.js:42:32)
    at next (D:\work\sublime\liushiyizu\node_modules\koa\node_modules\koa-compose\index.js:43:18)
    at dispatch (D:\work\sublime\liushiyizu\node_modules\koa-router\lib\router.js:332:32)
    at dispatch (D:\work\sublime\liushiyizu\node_modules\koa\node_modules\koa-compose\index.js:42:32)
    at next (D:\work\sublime\liushiyizu\node_modules\koa\node_modules\koa-compose\index.js:43:18)
    at D:\work\sublime\liushiyizu\service\middlewares\response_formatter.js:60:19
*************** error log end ***************

[2017-12-31T20:04:05.844] [ERROR] errorLogger - 
*************** error log start ***************
request method: POST
request originalUrl:  /upload
request client ip:  ::1
request body: 
{"fields":{},"files":{"file":{"size":55877,"path":"C:\\Users\\pc\\AppData\\Local\\Temp\\upload_cc6832d2fad08470afab50b3b9aad1c0","name":"王铁建.jpg","type":"image/jpeg","mtime":"2017-12-31T12:04:05.839Z"}}}
response time: 4
err name: ReferenceError
err message: fs is not defined
err stack: ReferenceError: fs is not defined
    at router.post (D:\work\sublime\liushiyizu\service\app.js:98:18)
    at dispatch (D:\work\sublime\liushiyizu\node_modules\koa-compose\index.js:44:32)
    at next (D:\work\sublime\liushiyizu\node_modules\koa-compose\index.js:45:18)
    at D:\work\sublime\liushiyizu\node_modules\koa-router\lib\router.js:345:16
    at dispatch (D:\work\sublime\liushiyizu\node_modules\koa-compose\index.js:44:32)
    at D:\work\sublime\liushiyizu\node_modules\koa-compose\index.js:36:12
    at dispatch (D:\work\sublime\liushiyizu\node_modules\koa-router\lib\router.js:350:31)
    at dispatch (D:\work\sublime\liushiyizu\node_modules\koa\node_modules\koa-compose\index.js:42:32)
    at next (D:\work\sublime\liushiyizu\node_modules\koa\node_modules\koa-compose\index.js:43:18)
    at dispatch (D:\work\sublime\liushiyizu\node_modules\koa-router\lib\router.js:332:32)
    at dispatch (D:\work\sublime\liushiyizu\node_modules\koa\node_modules\koa-compose\index.js:42:32)
    at next (D:\work\sublime\liushiyizu\node_modules\koa\node_modules\koa-compose\index.js:43:18)
    at dispatch (D:\work\sublime\liushiyizu\node_modules\koa-router\lib\router.js:332:32)
    at dispatch (D:\work\sublime\liushiyizu\node_modules\koa\node_modules\koa-compose\index.js:42:32)
    at next (D:\work\sublime\liushiyizu\node_modules\koa\node_modules\koa-compose\index.js:43:18)
    at D:\work\sublime\liushiyizu\service\middlewares\response_formatter.js:60:19
*************** error log end ***************

[2017-12-31T20:05:51.329] [ERROR] errorLogger - 
*************** error log start ***************
request method: POST
request originalUrl:  /upload
request client ip:  ::1
request body: 
{"fields":{},"files":{"file":{"size":55877,"path":"C:\\Users\\pc\\AppData\\Local\\Temp\\upload_83680c728d320c7fa5f639eb44986d6f","name":"王铁建.jpg","type":"image/jpeg","mtime":"2017-12-31T12:05:51.324Z"}}}
response time: 4
err name: ReferenceError
err message: fs is not defined
err stack: ReferenceError: fs is not defined
    at router.post (D:\work\sublime\liushiyizu\service\app.js:99:18)
    at dispatch (D:\work\sublime\liushiyizu\node_modules\koa-compose\index.js:44:32)
    at next (D:\work\sublime\liushiyizu\node_modules\koa-compose\index.js:45:18)
    at D:\work\sublime\liushiyizu\node_modules\koa-router\lib\router.js:345:16
    at dispatch (D:\work\sublime\liushiyizu\node_modules\koa-compose\index.js:44:32)
    at D:\work\sublime\liushiyizu\node_modules\koa-compose\index.js:36:12
    at dispatch (D:\work\sublime\liushiyizu\node_modules\koa-router\lib\router.js:350:31)
    at dispatch (D:\work\sublime\liushiyizu\node_modules\koa\node_modules\koa-compose\index.js:42:32)
    at next (D:\work\sublime\liushiyizu\node_modules\koa\node_modules\koa-compose\index.js:43:18)
    at dispatch (D:\work\sublime\liushiyizu\node_modules\koa-router\lib\router.js:332:32)
    at dispatch (D:\work\sublime\liushiyizu\node_modules\koa\node_modules\koa-compose\index.js:42:32)
    at next (D:\work\sublime\liushiyizu\node_modules\koa\node_modules\koa-compose\index.js:43:18)
    at dispatch (D:\work\sublime\liushiyizu\node_modules\koa-router\lib\router.js:332:32)
    at dispatch (D:\work\sublime\liushiyizu\node_modules\koa\node_modules\koa-compose\index.js:42:32)
    at next (D:\work\sublime\liushiyizu\node_modules\koa\node_modules\koa-compose\index.js:43:18)
    at D:\work\sublime\liushiyizu\service\middlewares\response_formatter.js:60:19
*************** error log end ***************

[2017-12-31T20:11:56.248] [ERROR] errorLogger - 
*************** error log start ***************
request method: POST
request originalUrl:  /upload
request client ip:  ::1
request body: 
{"fields":{},"files":{"file":{"size":55877,"path":"C:\\Users\\pc\\AppData\\Local\\Temp\\upload_21e4e8215cc8812c7378122b10bc44f3","name":"王铁建.jpg","type":"image/jpeg","mtime":"2017-12-31T12:11:56.240Z"}}}
response time: 5
err name: ReferenceError
err message: fs is not defined
err stack: ReferenceError: fs is not defined
    at router.post (D:\work\sublime\liushiyizu\service\app.js:104:20)
    at dispatch (D:\work\sublime\liushiyizu\node_modules\koa-compose\index.js:44:32)
    at next (D:\work\sublime\liushiyizu\node_modules\koa-compose\index.js:45:18)
    at D:\work\sublime\liushiyizu\node_modules\koa-router\lib\router.js:345:16
    at dispatch (D:\work\sublime\liushiyizu\node_modules\koa-compose\index.js:44:32)
    at D:\work\sublime\liushiyizu\node_modules\koa-compose\index.js:36:12
    at dispatch (D:\work\sublime\liushiyizu\node_modules\koa-router\lib\router.js:350:31)
    at dispatch (D:\work\sublime\liushiyizu\node_modules\koa\node_modules\koa-compose\index.js:42:32)
    at next (D:\work\sublime\liushiyizu\node_modules\koa\node_modules\koa-compose\index.js:43:18)
    at dispatch (D:\work\sublime\liushiyizu\node_modules\koa-router\lib\router.js:332:32)
    at dispatch (D:\work\sublime\liushiyizu\node_modules\koa\node_modules\koa-compose\index.js:42:32)
    at next (D:\work\sublime\liushiyizu\node_modules\koa\node_modules\koa-compose\index.js:43:18)
    at dispatch (D:\work\sublime\liushiyizu\node_modules\koa-router\lib\router.js:332:32)
    at dispatch (D:\work\sublime\liushiyizu\node_modules\koa\node_modules\koa-compose\index.js:42:32)
    at next (D:\work\sublime\liushiyizu\node_modules\koa\node_modules\koa-compose\index.js:43:18)
    at D:\work\sublime\liushiyizu\service\middlewares\response_formatter.js:60:19
*************** error log end ***************

[2017-12-31T20:12:23.476] [ERROR] errorLogger - 
*************** error log start ***************
request method: POST
request originalUrl:  /upload
request client ip:  ::1
request body: 
{"fields":{},"files":{"file":{"size":55877,"path":"C:\\Users\\pc\\AppData\\Local\\Temp\\upload_5f327df232bd5424df2b2603fcc75008","name":"王铁建.jpg","type":"image/jpeg","mtime":"2017-12-31T12:12:23.472Z"}}}
response time: 3
err name: ReferenceError
err message: fs is not defined
err stack: ReferenceError: fs is not defined
    at router.post (D:\work\sublime\liushiyizu\service\app.js:104:20)
    at dispatch (D:\work\sublime\liushiyizu\node_modules\koa-compose\index.js:44:32)
    at next (D:\work\sublime\liushiyizu\node_modules\koa-compose\index.js:45:18)
    at D:\work\sublime\liushiyizu\node_modules\koa-router\lib\router.js:345:16
    at dispatch (D:\work\sublime\liushiyizu\node_modules\koa-compose\index.js:44:32)
    at D:\work\sublime\liushiyizu\node_modules\koa-compose\index.js:36:12
    at dispatch (D:\work\sublime\liushiyizu\node_modules\koa-router\lib\router.js:350:31)
    at dispatch (D:\work\sublime\liushiyizu\node_modules\koa\node_modules\koa-compose\index.js:42:32)
    at next (D:\work\sublime\liushiyizu\node_modules\koa\node_modules\koa-compose\index.js:43:18)
    at dispatch (D:\work\sublime\liushiyizu\node_modules\koa-router\lib\router.js:332:32)
    at dispatch (D:\work\sublime\liushiyizu\node_modules\koa\node_modules\koa-compose\index.js:42:32)
    at next (D:\work\sublime\liushiyizu\node_modules\koa\node_modules\koa-compose\index.js:43:18)
    at dispatch (D:\work\sublime\liushiyizu\node_modules\koa-router\lib\router.js:332:32)
    at dispatch (D:\work\sublime\liushiyizu\node_modules\koa\node_modules\koa-compose\index.js:42:32)
    at next (D:\work\sublime\liushiyizu\node_modules\koa\node_modules\koa-compose\index.js:43:18)
    at D:\work\sublime\liushiyizu\service\middlewares\response_formatter.js:60:19
*************** error log end ***************

[2017-12-31T20:35:44.327] [ERROR] errorLogger - 
*************** error log start ***************
request method: POST
request originalUrl:  /upload
request client ip:  ::1
request body: 
{}
response time: 1
err name: TypeError
err message: Cannot read property 'file' of undefined
err stack: TypeError: Cannot read property 'file' of undefined
    at router.post (D:\work\sublime\liushiyizu\service\app.js:102:41)
    at dispatch (D:\work\sublime\liushiyizu\node_modules\koa-compose\index.js:44:32)
    at next (D:\work\sublime\liushiyizu\node_modules\koa-compose\index.js:45:18)
    at D:\work\sublime\liushiyizu\node_modules\koa-router\lib\router.js:345:16
    at dispatch (D:\work\sublime\liushiyizu\node_modules\koa-compose\index.js:44:32)
    at D:\work\sublime\liushiyizu\node_modules\koa-compose\index.js:36:12
    at dispatch (D:\work\sublime\liushiyizu\node_modules\koa-router\lib\router.js:350:31)
    at dispatch (D:\work\sublime\liushiyizu\node_modules\koa\node_modules\koa-compose\index.js:42:32)
    at next (D:\work\sublime\liushiyizu\node_modules\koa\node_modules\koa-compose\index.js:43:18)
    at dispatch (D:\work\sublime\liushiyizu\node_modules\koa-router\lib\router.js:332:32)
    at dispatch (D:\work\sublime\liushiyizu\node_modules\koa\node_modules\koa-compose\index.js:42:32)
    at next (D:\work\sublime\liushiyizu\node_modules\koa\node_modules\koa-compose\index.js:43:18)
    at dispatch (D:\work\sublime\liushiyizu\node_modules\koa-router\lib\router.js:332:32)
    at dispatch (D:\work\sublime\liushiyizu\node_modules\koa\node_modules\koa-compose\index.js:42:32)
    at next (D:\work\sublime\liushiyizu\node_modules\koa\node_modules\koa-compose\index.js:43:18)
    at D:\work\sublime\liushiyizu\service\middlewares\response_formatter.js:60:19
*************** error log end ***************

[2017-12-31T20:41:34.581] [ERROR] errorLogger - 
*************** error log start ***************
request method: POST
request originalUrl:  /upload
request client ip:  ::1
request body: 
{}
response time: 4
err name: TypeError
err message: Cannot read property 'file' of undefined
err stack: TypeError: Cannot read property 'file' of undefined
    at router.post (D:\work\sublime\liushiyizu\service\app.js:103:41)
    at dispatch (D:\work\sublime\liushiyizu\node_modules\koa-compose\index.js:44:32)
    at next (D:\work\sublime\liushiyizu\node_modules\koa-compose\index.js:45:18)
    at D:\work\sublime\liushiyizu\node_modules\koa-router\lib\router.js:345:16
    at dispatch (D:\work\sublime\liushiyizu\node_modules\koa-compose\index.js:44:32)
    at D:\work\sublime\liushiyizu\node_modules\koa-compose\index.js:36:12
    at dispatch (D:\work\sublime\liushiyizu\node_modules\koa-router\lib\router.js:350:31)
    at dispatch (D:\work\sublime\liushiyizu\node_modules\koa\node_modules\koa-compose\index.js:42:32)
    at next (D:\work\sublime\liushiyizu\node_modules\koa\node_modules\koa-compose\index.js:43:18)
    at dispatch (D:\work\sublime\liushiyizu\node_modules\koa-router\lib\router.js:332:32)
    at dispatch (D:\work\sublime\liushiyizu\node_modules\koa\node_modules\koa-compose\index.js:42:32)
    at next (D:\work\sublime\liushiyizu\node_modules\koa\node_modules\koa-compose\index.js:43:18)
    at dispatch (D:\work\sublime\liushiyizu\node_modules\koa-router\lib\router.js:332:32)
    at dispatch (D:\work\sublime\liushiyizu\node_modules\koa\node_modules\koa-compose\index.js:42:32)
    at next (D:\work\sublime\liushiyizu\node_modules\koa\node_modules\koa-compose\index.js:43:18)
    at D:\work\sublime\liushiyizu\service\middlewares\response_formatter.js:60:19
*************** error log end ***************

