[2019-03-26T17:32:37.194] [ERROR] errorLogger - 
*************** error log start ***************
request method: GET
request originalUrl:  /articles
request client ip:  ::ffff:127.0.0.1
request query:  {}
response time: 22
err name: ReferenceError
err message: C:\work\liushiyizu\client\dist\html\article\index.html:58
    56|         <liu-footer></liu-footer>
    57|     </div>
 >> 58|     <script id="userData" type="text/json"><%-userData%></script>
    59| 
    60| <script data-loader src="/static/js/common/mod.js"></script>
    61| <script data-loader src="/static/js/common/utils.js"></script>

userData is not defined
err stack: ReferenceError: C:\work\liushiyizu\client\dist\html\article\index.html:58
    56|         <liu-footer></liu-footer>
    57|     </div>
 >> 58|     <script id="userData" type="text/json"><%-userData%></script>
    59| 
    60| <script data-loader src="/static/js/common/mod.js"></script>
    61| <script data-loader src="/static/js/common/utils.js"></script>

userData is not defined
    at eval (eval at compile (C:\work\liushiyizu\client\node_modules\ejs\lib\ejs.js:618:12), <anonymous>:11:16)
    at returnedFn (C:\work\liushiyizu\client\node_modules\ejs\lib\ejs.js:653:17)
    at C:\work\liushiyizu\client\node_modules\consolidate\lib\consolidate.js:503:16
    at C:\work\liushiyizu\client\node_modules\consolidate\lib\consolidate.js:144:5
    at Promise._execute (C:\work\liushiyizu\client\node_modules\bluebird\js\release\debuggability.js:303:9)
    at Promise._resolveFromExecutor (C:\work\liushiyizu\client\node_modules\bluebird\js\release\promise.js:483:18)
    at new Promise (C:\work\liushiyizu\client\node_modules\bluebird\js\release\promise.js:79:10)
    at promisify (C:\work\liushiyizu\client\node_modules\consolidate\lib\consolidate.js:137:10)
    at Function.exports.ejs.render (C:\work\liushiyizu\client\node_modules\consolidate\lib\consolidate.js:499:10)
    at C:\work\liushiyizu\client\node_modules\consolidate\lib\consolidate.js:165:27
    at C:\work\liushiyizu\client\node_modules\consolidate\lib\consolidate.js:99:5
    at FSReqWrap.readFileAfterClose [as oncomplete] (internal/fs/read_file_context.js:53:3)
*************** error log end ***************

[2019-03-26T17:33:58.321] [ERROR] errorLogger - 
*************** error log start ***************
request method: GET
request originalUrl:  /articles
request client ip:  ::ffff:127.0.0.1
request query:  {}
response time: 4
err name: ReferenceError
err message: C:\work\liushiyizu\client\dist\html\article\index.html:58
    56|         <liu-footer></liu-footer>
    57|     </div>
 >> 58|     <script id="userData" type="text/json"><%-userData%></script>
    59| 
    60| <script data-loader src="/static/js/common/mod.js"></script>
    61| <script data-loader src="/static/js/common/utils.js"></script>

userData is not defined
err stack: ReferenceError: C:\work\liushiyizu\client\dist\html\article\index.html:58
    56|         <liu-footer></liu-footer>
    57|     </div>
 >> 58|     <script id="userData" type="text/json"><%-userData%></script>
    59| 
    60| <script data-loader src="/static/js/common/mod.js"></script>
    61| <script data-loader src="/static/js/common/utils.js"></script>

userData is not defined
    at eval (eval at compile (C:\work\liushiyizu\client\node_modules\ejs\lib\ejs.js:618:12), <anonymous>:11:16)
    at returnedFn (C:\work\liushiyizu\client\node_modules\ejs\lib\ejs.js:653:17)
    at C:\work\liushiyizu\client\node_modules\consolidate\lib\consolidate.js:503:16
    at C:\work\liushiyizu\client\node_modules\consolidate\lib\consolidate.js:144:5
    at Promise._execute (C:\work\liushiyizu\client\node_modules\bluebird\js\release\debuggability.js:303:9)
    at Promise._resolveFromExecutor (C:\work\liushiyizu\client\node_modules\bluebird\js\release\promise.js:483:18)
    at new Promise (C:\work\liushiyizu\client\node_modules\bluebird\js\release\promise.js:79:10)
    at promisify (C:\work\liushiyizu\client\node_modules\consolidate\lib\consolidate.js:137:10)
    at Function.exports.ejs.render (C:\work\liushiyizu\client\node_modules\consolidate\lib\consolidate.js:499:10)
    at C:\work\liushiyizu\client\node_modules\consolidate\lib\consolidate.js:165:27
    at C:\work\liushiyizu\client\node_modules\consolidate\lib\consolidate.js:99:5
    at FSReqWrap.readFileAfterClose [as oncomplete] (internal/fs/read_file_context.js:53:3)
*************** error log end ***************

[2019-03-26T17:34:02.863] [ERROR] errorLogger - 
*************** error log start ***************
request method: GET
request originalUrl:  /articles
request client ip:  ::ffff:127.0.0.1
request query:  {}
response time: 4
err name: ReferenceError
err message: C:\work\liushiyizu\client\dist\html\article\index.html:58
    56|         <liu-footer></liu-footer>
    57|     </div>
 >> 58|     <script id="userData" type="text/json"><%-userData%></script>
    59| 
    60| <script data-loader src="/static/js/common/mod.js"></script>
    61| <script data-loader src="/static/js/common/utils.js"></script>

userData is not defined
err stack: ReferenceError: C:\work\liushiyizu\client\dist\html\article\index.html:58
    56|         <liu-footer></liu-footer>
    57|     </div>
 >> 58|     <script id="userData" type="text/json"><%-userData%></script>
    59| 
    60| <script data-loader src="/static/js/common/mod.js"></script>
    61| <script data-loader src="/static/js/common/utils.js"></script>

userData is not defined
    at eval (eval at compile (C:\work\liushiyizu\client\node_modules\ejs\lib\ejs.js:618:12), <anonymous>:11:16)
    at returnedFn (C:\work\liushiyizu\client\node_modules\ejs\lib\ejs.js:653:17)
    at C:\work\liushiyizu\client\node_modules\consolidate\lib\consolidate.js:503:16
    at C:\work\liushiyizu\client\node_modules\consolidate\lib\consolidate.js:144:5
    at Promise._execute (C:\work\liushiyizu\client\node_modules\bluebird\js\release\debuggability.js:303:9)
    at Promise._resolveFromExecutor (C:\work\liushiyizu\client\node_modules\bluebird\js\release\promise.js:483:18)
    at new Promise (C:\work\liushiyizu\client\node_modules\bluebird\js\release\promise.js:79:10)
    at promisify (C:\work\liushiyizu\client\node_modules\consolidate\lib\consolidate.js:137:10)
    at Function.exports.ejs.render (C:\work\liushiyizu\client\node_modules\consolidate\lib\consolidate.js:499:10)
    at C:\work\liushiyizu\client\node_modules\consolidate\lib\consolidate.js:165:27
    at C:\work\liushiyizu\client\node_modules\consolidate\lib\consolidate.js:99:5
    at FSReqWrap.readFileAfterClose [as oncomplete] (internal/fs/read_file_context.js:53:3)
*************** error log end ***************

[2019-03-26T17:36:45.367] [ERROR] errorLogger - 
*************** error log start ***************
request method: GET
request originalUrl:  /articles
request client ip:  ::ffff:127.0.0.1
request query:  {}
response time: 6
err name: ReferenceError
err message: C:\work\liushiyizu\client\dist\html\article\index.html:58
    56|         <liu-footer></liu-footer>
    57|     </div>
 >> 58|     <script id="userData" type="text/json"><%-userData%></script>
    59| 
    60| <script data-loader src="/static/js/common/mod.js"></script>
    61| <script data-loader src="/static/js/common/utils.js"></script>

userData is not defined
err stack: ReferenceError: C:\work\liushiyizu\client\dist\html\article\index.html:58
    56|         <liu-footer></liu-footer>
    57|     </div>
 >> 58|     <script id="userData" type="text/json"><%-userData%></script>
    59| 
    60| <script data-loader src="/static/js/common/mod.js"></script>
    61| <script data-loader src="/static/js/common/utils.js"></script>

userData is not defined
    at eval (eval at compile (C:\work\liushiyizu\client\node_modules\ejs\lib\ejs.js:618:12), <anonymous>:11:16)
    at returnedFn (C:\work\liushiyizu\client\node_modules\ejs\lib\ejs.js:653:17)
    at C:\work\liushiyizu\client\node_modules\consolidate\lib\consolidate.js:503:16
    at C:\work\liushiyizu\client\node_modules\consolidate\lib\consolidate.js:144:5
    at Promise._execute (C:\work\liushiyizu\client\node_modules\bluebird\js\release\debuggability.js:303:9)
    at Promise._resolveFromExecutor (C:\work\liushiyizu\client\node_modules\bluebird\js\release\promise.js:483:18)
    at new Promise (C:\work\liushiyizu\client\node_modules\bluebird\js\release\promise.js:79:10)
    at promisify (C:\work\liushiyizu\client\node_modules\consolidate\lib\consolidate.js:137:10)
    at Function.exports.ejs.render (C:\work\liushiyizu\client\node_modules\consolidate\lib\consolidate.js:499:10)
    at C:\work\liushiyizu\client\node_modules\consolidate\lib\consolidate.js:165:27
    at C:\work\liushiyizu\client\node_modules\consolidate\lib\consolidate.js:99:5
    at FSReqWrap.readFileAfterClose [as oncomplete] (internal/fs/read_file_context.js:53:3)
*************** error log end ***************

