[2019-03-26T10:42:46.315] [ERROR] errorLogger - Error Error: Redis connection to 127.0.0.1:6379 failed - connect ECONNREFUSED 127.0.0.1:6379
[2019-03-26T10:42:47.528] [ERROR] errorLogger - Error Error: Redis connection to 127.0.0.1:6379 failed - connect ECONNREFUSED 127.0.0.1:6379
[2019-03-26T11:23:04.681] [ERROR] errorLogger - 
*************** error log start ***************
request method: GET
request originalUrl:  /api/users/checkLogin
request client ip:  ::ffff:127.0.0.1
request query:  {}
response time: 3420
err name: TypeError
err message: Cannot read property 'user' of null
err stack: TypeError: Cannot read property 'user' of null
    at exports.checkLogin (C:\work\liushiyizu\server\controllers\user_controller.js:15:28)
    at dispatch (C:\work\liushiyizu\server\node_modules\koa-compose\index.js:44:32)
    at next (C:\work\liushiyizu\server\node_modules\koa-compose\index.js:45:18)
    at C:\work\liushiyizu\server\node_modules\koa-router\lib\router.js:345:16
    at dispatch (C:\work\liushiyizu\server\node_modules\koa-compose\index.js:44:32)
    at C:\work\liushiyizu\server\node_modules\koa-compose\index.js:36:12
    at dispatch (C:\work\liushiyizu\server\node_modules\koa-router\lib\router.js:350:31)
    at dispatch (C:\work\liushiyizu\server\node_modules\koa\node_modules\koa-compose\index.js:42:32)
    at next (C:\work\liushiyizu\server\node_modules\koa\node_modules\koa-compose\index.js:43:18)
    at url_filter (C:\work\liushiyizu\server\middlewares\urlFilter.js:89:15)
*************** error log end ***************

[2019-03-26T11:53:04.542] [ERROR] errorLogger - 
*************** error log start ***************
request method: GET
request originalUrl:  /api/users/checkLogin
request client ip:  ::ffff:127.0.0.1
request query:  {}
response time: 12397
err name: TypeError
err message: Cannot read property 'user' of null
err stack: TypeError: Cannot read property 'user' of null
    at exports.checkLogin (C:\work\liushiyizu\server\controllers\user_controller.js:15:28)
    at dispatch (C:\work\liushiyizu\server\node_modules\koa-compose\index.js:44:32)
    at next (C:\work\liushiyizu\server\node_modules\koa-compose\index.js:45:18)
    at C:\work\liushiyizu\server\node_modules\koa-router\lib\router.js:345:16
    at dispatch (C:\work\liushiyizu\server\node_modules\koa-compose\index.js:44:32)
    at C:\work\liushiyizu\server\node_modules\koa-compose\index.js:36:12
    at dispatch (C:\work\liushiyizu\server\node_modules\koa-router\lib\router.js:350:31)
    at dispatch (C:\work\liushiyizu\server\node_modules\koa\node_modules\koa-compose\index.js:42:32)
    at next (C:\work\liushiyizu\server\node_modules\koa\node_modules\koa-compose\index.js:43:18)
    at url_filter (C:\work\liushiyizu\server\middlewares\urlFilter.js:89:15)
*************** error log end ***************

[2019-03-26T14:17:05.309] [ERROR] errorLogger - 
*************** error log start ***************
request method: GET
request originalUrl:  /api/users/checkLogin
request client ip:  ::ffff:127.0.0.1
request query:  {}
response time: 1
err name: TypeError
err message: Cannot read property 'user' of null
err stack: TypeError: Cannot read property 'user' of null
    at exports.checkLogin (C:\work\liushiyizu\server\controllers\user_controller.js:15:28)
    at dispatch (C:\work\liushiyizu\server\node_modules\koa-compose\index.js:44:32)
    at next (C:\work\liushiyizu\server\node_modules\koa-compose\index.js:45:18)
    at C:\work\liushiyizu\server\node_modules\koa-router\lib\router.js:345:16
    at dispatch (C:\work\liushiyizu\server\node_modules\koa-compose\index.js:44:32)
    at C:\work\liushiyizu\server\node_modules\koa-compose\index.js:36:12
    at dispatch (C:\work\liushiyizu\server\node_modules\koa-router\lib\router.js:350:31)
    at dispatch (C:\work\liushiyizu\server\node_modules\koa\node_modules\koa-compose\index.js:42:32)
    at next (C:\work\liushiyizu\server\node_modules\koa\node_modules\koa-compose\index.js:43:18)
    at url_filter (C:\work\liushiyizu\server\middlewares\urlFilter.js:89:15)
*************** error log end ***************

[2019-03-26T14:20:43.403] [ERROR] errorLogger - 
*************** error log start ***************
request method: GET
request originalUrl:  /api/users/checkLogin
request client ip:  ::ffff:127.0.0.1
request query:  {}
response time: 54300
err name: TypeError
err message: Cannot read property 'user' of null
err stack: TypeError: Cannot read property 'user' of null
    at exports.checkLogin (C:\work\liushiyizu\server\controllers\user_controller.js:15:28)
    at dispatch (C:\work\liushiyizu\server\node_modules\koa-compose\index.js:44:32)
    at next (C:\work\liushiyizu\server\node_modules\koa-compose\index.js:45:18)
    at C:\work\liushiyizu\server\node_modules\koa-router\lib\router.js:345:16
    at dispatch (C:\work\liushiyizu\server\node_modules\koa-compose\index.js:44:32)
    at C:\work\liushiyizu\server\node_modules\koa-compose\index.js:36:12
    at dispatch (C:\work\liushiyizu\server\node_modules\koa-router\lib\router.js:350:31)
    at dispatch (C:\work\liushiyizu\server\node_modules\koa\node_modules\koa-compose\index.js:42:32)
    at next (C:\work\liushiyizu\server\node_modules\koa\node_modules\koa-compose\index.js:43:18)
    at url_filter (C:\work\liushiyizu\server\middlewares\urlFilter.js:89:15)
*************** error log end ***************

