[2018-08-01T16:28:29.522] [ERROR] errorLogger - 
*************** error log start ***************
request method: POST
request originalUrl:  /api/users/login
request client ip:  ::ffff:127.0.0.1
request body: 
{"user_name":"liu","user_password":"123456","user_seven":"false"}
response time: 2
err name: TypeError
err message: Cannot read property 'name' of undefined
err stack: TypeError: Cannot read property 'name' of undefined
    at Object.checkField (C:\work\liushiyizu\server\models\user_model.js:173:25)
    at exports.login (C:\work\liushiyizu\server\controllers\user_controller.js:82:20)
    at dispatch (C:\work\liushiyizu\server\node_modules\koa-compose\index.js:44:32)
    at next (C:\work\liushiyizu\server\node_modules\koa-compose\index.js:45:18)
    at C:\work\liushiyizu\server\node_modules\koa-router\lib\router.js:345:16
    at dispatch (C:\work\liushiyizu\server\node_modules\koa-compose\index.js:44:32)
    at C:\work\liushiyizu\server\node_modules\koa-compose\index.js:36:12
    at dispatch (C:\work\liushiyizu\server\node_modules\koa-router\lib\router.js:350:31)
    at dispatch (C:\work\liushiyizu\server\node_modules\koa\node_modules\koa-compose\index.js:42:32)
    at next (C:\work\liushiyizu\server\node_modules\koa\node_modules\koa-compose\index.js:43:18)
    at url_filter (C:\work\liushiyizu\server\middlewares\urlFilter.js:52:15)
    at dispatch (C:\work\liushiyizu\server\node_modules\koa\node_modules\koa-compose\index.js:42:32)
    at next (C:\work\liushiyizu\server\node_modules\koa\node_modules\koa-compose\index.js:43:18)
    at logUtil.logs (C:\work\liushiyizu\server\utils\log_util.js:113:13)
    at dispatch (C:\work\liushiyizu\server\node_modules\koa\node_modules\koa-compose\index.js:42:32)
    at next (C:\work\liushiyizu\server\node_modules\koa\node_modules\koa-compose\index.js:43:18)
*************** error log end ***************

[2018-08-01T16:33:24.600] [ERROR] errorLogger - 
*************** error log start ***************
request method: POST
request originalUrl:  /api/users/login
request client ip:  ::ffff:127.0.0.1
request body: 
{"user_name":"liu","user_password":"123456","user_seven":"false"}
response time: 29470
err name: TypeError
err message: Cannot read property 'name' of undefined
err stack: TypeError: Cannot read property 'name' of undefined
    at Object.checkField (C:\work\liushiyizu\server\models\user_model.js:173:25)
    at exports.login (C:\work\liushiyizu\server\controllers\user_controller.js:82:20)
    at dispatch (C:\work\liushiyizu\server\node_modules\koa-compose\index.js:44:32)
    at next (C:\work\liushiyizu\server\node_modules\koa-compose\index.js:45:18)
    at C:\work\liushiyizu\server\node_modules\koa-router\lib\router.js:345:16
    at dispatch (C:\work\liushiyizu\server\node_modules\koa-compose\index.js:44:32)
    at C:\work\liushiyizu\server\node_modules\koa-compose\index.js:36:12
    at dispatch (C:\work\liushiyizu\server\node_modules\koa-router\lib\router.js:350:31)
    at dispatch (C:\work\liushiyizu\server\node_modules\koa\node_modules\koa-compose\index.js:42:32)
    at next (C:\work\liushiyizu\server\node_modules\koa\node_modules\koa-compose\index.js:43:18)
    at url_filter (C:\work\liushiyizu\server\middlewares\urlFilter.js:52:15)
    at dispatch (C:\work\liushiyizu\server\node_modules\koa\node_modules\koa-compose\index.js:42:32)
    at next (C:\work\liushiyizu\server\node_modules\koa\node_modules\koa-compose\index.js:43:18)
    at logUtil.logs (C:\work\liushiyizu\server\utils\log_util.js:113:13)
    at dispatch (C:\work\liushiyizu\server\node_modules\koa\node_modules\koa-compose\index.js:42:32)
    at next (C:\work\liushiyizu\server\node_modules\koa\node_modules\koa-compose\index.js:43:18)
*************** error log end ***************

[2018-08-01T16:36:22.893] [ERROR] errorLogger - 
*************** error log start ***************
request method: POST
request originalUrl:  /api/users/login
request client ip:  ::ffff:127.0.0.1
request body: 
{"user_name":"liu","user_password":"123456","user_seven":"false"}
response time: 0
err name: TypeError
err message: Cannot read property 'name' of undefined
err stack: TypeError: Cannot read property 'name' of undefined
    at Object.checkField (C:\work\liushiyizu\server\models\user_model.js:173:25)
    at exports.login (C:\work\liushiyizu\server\controllers\user_controller.js:82:20)
    at dispatch (C:\work\liushiyizu\server\node_modules\koa-compose\index.js:44:32)
    at next (C:\work\liushiyizu\server\node_modules\koa-compose\index.js:45:18)
    at C:\work\liushiyizu\server\node_modules\koa-router\lib\router.js:345:16
    at dispatch (C:\work\liushiyizu\server\node_modules\koa-compose\index.js:44:32)
    at C:\work\liushiyizu\server\node_modules\koa-compose\index.js:36:12
    at dispatch (C:\work\liushiyizu\server\node_modules\koa-router\lib\router.js:350:31)
    at dispatch (C:\work\liushiyizu\server\node_modules\koa\node_modules\koa-compose\index.js:42:32)
    at next (C:\work\liushiyizu\server\node_modules\koa\node_modules\koa-compose\index.js:43:18)
    at url_filter (C:\work\liushiyizu\server\middlewares\urlFilter.js:52:15)
    at dispatch (C:\work\liushiyizu\server\node_modules\koa\node_modules\koa-compose\index.js:42:32)
    at next (C:\work\liushiyizu\server\node_modules\koa\node_modules\koa-compose\index.js:43:18)
    at logUtil.logs (C:\work\liushiyizu\server\utils\log_util.js:113:13)
    at dispatch (C:\work\liushiyizu\server\node_modules\koa\node_modules\koa-compose\index.js:42:32)
    at next (C:\work\liushiyizu\server\node_modules\koa\node_modules\koa-compose\index.js:43:18)
*************** error log end ***************

[2018-08-01T16:36:50.991] [ERROR] errorLogger - 
*************** error log start ***************
request method: POST
request originalUrl:  /api/users/login
request client ip:  ::ffff:127.0.0.1
request body: 
{"user_name":"liu","user_password":"123456","user_seven":"false"}
response time: 5897
err name: TypeError
err message: Cannot read property 'name' of undefined
err stack: TypeError: Cannot read property 'name' of undefined
    at Object.checkField (C:\work\liushiyizu\server\models\user_model.js:173:25)
    at exports.login (C:\work\liushiyizu\server\controllers\user_controller.js:82:20)
    at dispatch (C:\work\liushiyizu\server\node_modules\koa-compose\index.js:44:32)
    at next (C:\work\liushiyizu\server\node_modules\koa-compose\index.js:45:18)
    at C:\work\liushiyizu\server\node_modules\koa-router\lib\router.js:345:16
    at dispatch (C:\work\liushiyizu\server\node_modules\koa-compose\index.js:44:32)
    at C:\work\liushiyizu\server\node_modules\koa-compose\index.js:36:12
    at dispatch (C:\work\liushiyizu\server\node_modules\koa-router\lib\router.js:350:31)
    at dispatch (C:\work\liushiyizu\server\node_modules\koa\node_modules\koa-compose\index.js:42:32)
    at next (C:\work\liushiyizu\server\node_modules\koa\node_modules\koa-compose\index.js:43:18)
    at url_filter (C:\work\liushiyizu\server\middlewares\urlFilter.js:52:15)
    at dispatch (C:\work\liushiyizu\server\node_modules\koa\node_modules\koa-compose\index.js:42:32)
    at next (C:\work\liushiyizu\server\node_modules\koa\node_modules\koa-compose\index.js:43:18)
    at logUtil.logs (C:\work\liushiyizu\server\utils\log_util.js:113:13)
    at dispatch (C:\work\liushiyizu\server\node_modules\koa\node_modules\koa-compose\index.js:42:32)
    at next (C:\work\liushiyizu\server\node_modules\koa\node_modules\koa-compose\index.js:43:18)
*************** error log end ***************

[2018-08-01T16:48:54.810] [ERROR] errorLogger - Error Error: Redis connection to 127.0.0.1:6379 failed - read ECONNRESET
[2018-08-01T16:48:56.036] [ERROR] errorLogger - Error Error: Redis connection to 127.0.0.1:6379 failed - connect ECONNREFUSED 127.0.0.1:6379
[2018-08-01T16:48:57.392] [ERROR] errorLogger - Error Error: Redis connection to 127.0.0.1:6379 failed - connect ECONNREFUSED 127.0.0.1:6379
[2018-08-01T16:48:58.984] [ERROR] errorLogger - Error Error: Redis connection to 127.0.0.1:6379 failed - connect ECONNREFUSED 127.0.0.1:6379
[2018-08-01T16:50:54.971] [ERROR] errorLogger - 
*************** error log start ***************
request method: POST
request originalUrl:  /api/users/upload
request client ip:  ::ffff:127.0.0.1
request body: 
{"fields":{},"files":{"file":{"size":49893,"path":"C:\\Users\\MADEMA~1\\AppData\\Local\\Temp\\upload_d71ca6f4c7cb81a0ee5271e69add8d6b","name":"570124064979060889.jpg","type":"image/jpeg","mtime":"2018-08-01T08:50:54.962Z"}}}
response time: 7
err name: TypeError
err message: Cannot read property 'type' of undefined
err stack: TypeError: Cannot read property 'type' of undefined
    at Object.updateUser (C:\work\liushiyizu\server\models\user_model.js:105:18)
    at exports.uploadHead (C:\work\liushiyizu\server\controllers\user_controller.js:348:59)
    at process._tickCallback (internal/process/next_tick.js:68:7)
*************** error log end ***************

[2018-08-01T16:52:47.829] [ERROR] errorLogger - 
*************** error log start ***************
request method: POST
request originalUrl:  /api/users/upload
request client ip:  ::ffff:127.0.0.1
request body: 
{"fields":{},"files":{"file":{"size":49893,"path":"C:\\Users\\MADEMA~1\\AppData\\Local\\Temp\\upload_2d71eb20b80346755db819093d43b14a","name":"570124064979060889.jpg","type":"image/jpeg","mtime":"2018-08-01T08:51:37.243Z"}}}
response time: 70585
err name: TypeError
err message: Cannot read property 'type' of undefined
err stack: TypeError: Cannot read property 'type' of undefined
    at Object.updateUser (C:\work\liushiyizu\server\models\user_model.js:105:18)
    at exports.uploadHead (C:\work\liushiyizu\server\controllers\user_controller.js:348:59)
    at process._tickCallback (internal/process/next_tick.js:68:7)
*************** error log end ***************

[2018-08-01T17:04:44.034] [ERROR] errorLogger - 
*************** error log start ***************
request method: POST
request originalUrl:  /api/users/upload
request client ip:  ::ffff:127.0.0.1
request body: 
{"fields":{},"files":{"file":{"size":486355,"path":"C:\\Users\\MADEMA~1\\AppData\\Local\\Temp\\upload_7cb49fe39f4d91d71a828c061584eb04","name":"360截图18430713534750_看图王.jpg","type":"image/jpeg","mtime":"2018-08-01T09:04:22.751Z"}}}
response time: 21281
err name: TypeError
err message: Cannot read property 'type' of undefined
err stack: TypeError: Cannot read property 'type' of undefined
    at Object.updateUser (C:\work\liushiyizu\server\models\user_model.js:105:18)
    at exports.uploadHead (C:\work\liushiyizu\server\controllers\user_controller.js:348:59)
    at process._tickCallback (internal/process/next_tick.js:68:7)
*************** error log end ***************

[2018-08-01T17:05:30.206] [ERROR] errorLogger - Error Error: Redis connection to 127.0.0.1:6379 failed - read ECONNRESET
[2018-08-01T17:05:31.425] [ERROR] errorLogger - Error Error: Redis connection to 127.0.0.1:6379 failed - connect ECONNREFUSED 127.0.0.1:6379
[2018-08-01T17:05:32.784] [ERROR] errorLogger - Error Error: Redis connection to 127.0.0.1:6379 failed - connect ECONNREFUSED 127.0.0.1:6379
[2018-08-01T17:13:40.756] [ERROR] errorLogger - 
*************** error log start ***************
request method: POST
request originalUrl:  /api/users/upload
request client ip:  ::ffff:127.0.0.1
request body: 
{"fields":{},"files":{"file":{"size":49893,"path":"C:\\Users\\MADEMA~1\\AppData\\Local\\Temp\\upload_9fac7c6c93b8b2600bebb19a4d27a3c6","name":"570124064979060889.jpg","type":"image/jpeg","mtime":"2018-08-01T09:12:52.435Z"}}}
response time: 48320
err name: TypeError
err message: Cannot read property 'type' of undefined
err stack: TypeError: Cannot read property 'type' of undefined
    at Object.updateUser (C:\work\liushiyizu\server\models\user_model.js:105:18)
    at exports.uploadHead (C:\work\liushiyizu\server\controllers\user_controller.js:348:59)
    at process._tickCallback (internal/process/next_tick.js:68:7)
*************** error log end ***************

[2018-08-01T17:19:16.532] [ERROR] errorLogger - 
*************** error log start ***************
request method: POST
request originalUrl:  /api/users/upload
request client ip:  ::ffff:127.0.0.1
request body: 
{"fields":{},"files":{"file":{"size":486355,"path":"C:\\Users\\MADEMA~1\\AppData\\Local\\Temp\\upload_598d4d3f3cf87d1d51668fe2e3bf5073","name":"360截图18430713534750_看图王.jpg","type":"image/jpeg","mtime":"2018-08-01T09:19:16.522Z"}}}
response time: 9
err name: TypeError
err message: Cannot read property 'type' of undefined
err stack: TypeError: Cannot read property 'type' of undefined
    at Object.updateUser (C:\work\liushiyizu\server\models\user_model.js:105:18)
    at exports.uploadHead (C:\work\liushiyizu\server\controllers\user_controller.js:348:59)
    at process._tickCallback (internal/process/next_tick.js:68:7)
*************** error log end ***************

[2018-08-01T17:37:15.686] [ERROR] errorLogger - Error Error: Redis connection to 127.0.0.1:6379 failed - read ECONNRESET
[2018-08-01T17:37:16.910] [ERROR] errorLogger - Error Error: Redis connection to 127.0.0.1:6379 failed - connect ECONNREFUSED 127.0.0.1:6379
[2018-08-01T17:37:18.275] [ERROR] errorLogger - Error Error: Redis connection to 127.0.0.1:6379 failed - connect ECONNREFUSED 127.0.0.1:6379
[2018-08-01T18:15:14.356] [ERROR] errorLogger - Error Error: Redis connection to 127.0.0.1:6379 failed - read ECONNRESET
[2018-08-01T18:15:15.583] [ERROR] errorLogger - Error Error: Redis connection to 127.0.0.1:6379 failed - connect ECONNREFUSED 127.0.0.1:6379
[2018-08-01T18:15:57.714] [ERROR] errorLogger - 
*************** error log start ***************
request method: POST
request originalUrl:  /api/article/edit/11
request client ip:  ::ffff:127.0.0.1
request body: 
{"article_id":"11","article_title":"aaa","article_content":"<p>fAZSFEwsef</p>"}
response time: 1
err name: TypeError
err message: Cannot read property 'type' of undefined
err stack: TypeError: Cannot read property 'type' of undefined
    at Object.updateValue (C:\work\liushiyizu\server\models\article_model.js:54:21)
    at exports.editArticle (C:\work\liushiyizu\server\controllers\article_controller.js:196:74)
    at dispatch (C:\work\liushiyizu\server\node_modules\koa-compose\index.js:44:32)
    at next (C:\work\liushiyizu\server\node_modules\koa-compose\index.js:45:18)
    at C:\work\liushiyizu\server\node_modules\koa-router\lib\router.js:345:16
    at dispatch (C:\work\liushiyizu\server\node_modules\koa-compose\index.js:44:32)
    at next (C:\work\liushiyizu\server\node_modules\koa-compose\index.js:45:18)
    at allowedMethods (C:\work\liushiyizu\server\node_modules\koa-router\lib\router.js:406:12)
    at dispatch (C:\work\liushiyizu\server\node_modules\koa-compose\index.js:44:32)
    at next (C:\work\liushiyizu\server\node_modules\koa-compose\index.js:45:18)
    at C:\work\liushiyizu\server\node_modules\koa-router\lib\router.js:345:16
    at dispatch (C:\work\liushiyizu\server\node_modules\koa-compose\index.js:44:32)
    at next (C:\work\liushiyizu\server\node_modules\koa-compose\index.js:45:18)
    at allowedMethods (C:\work\liushiyizu\server\node_modules\koa-router\lib\router.js:406:12)
    at dispatch (C:\work\liushiyizu\server\node_modules\koa-compose\index.js:44:32)
    at next (C:\work\liushiyizu\server\node_modules\koa-compose\index.js:45:18)
*************** error log end ***************

[2018-08-01T18:16:23.719] [ERROR] errorLogger - 
*************** error log start ***************
request method: POST
request originalUrl:  /api/article/edit/11
request client ip:  ::ffff:127.0.0.1
request body: 
{"article_id":"11","article_title":"aaa","article_content":"<p>fAZSFEwsef</p>"}
response time: 1
err name: TypeError
err message: Cannot read property 'type' of undefined
err stack: TypeError: Cannot read property 'type' of undefined
    at Object.updateValue (C:\work\liushiyizu\server\models\article_model.js:54:21)
    at exports.editArticle (C:\work\liushiyizu\server\controllers\article_controller.js:196:74)
    at dispatch (C:\work\liushiyizu\server\node_modules\koa-compose\index.js:44:32)
    at next (C:\work\liushiyizu\server\node_modules\koa-compose\index.js:45:18)
    at C:\work\liushiyizu\server\node_modules\koa-router\lib\router.js:345:16
    at dispatch (C:\work\liushiyizu\server\node_modules\koa-compose\index.js:44:32)
    at next (C:\work\liushiyizu\server\node_modules\koa-compose\index.js:45:18)
    at allowedMethods (C:\work\liushiyizu\server\node_modules\koa-router\lib\router.js:406:12)
    at dispatch (C:\work\liushiyizu\server\node_modules\koa-compose\index.js:44:32)
    at next (C:\work\liushiyizu\server\node_modules\koa-compose\index.js:45:18)
    at C:\work\liushiyizu\server\node_modules\koa-router\lib\router.js:345:16
    at dispatch (C:\work\liushiyizu\server\node_modules\koa-compose\index.js:44:32)
    at next (C:\work\liushiyizu\server\node_modules\koa-compose\index.js:45:18)
    at allowedMethods (C:\work\liushiyizu\server\node_modules\koa-router\lib\router.js:406:12)
    at dispatch (C:\work\liushiyizu\server\node_modules\koa-compose\index.js:44:32)
    at next (C:\work\liushiyizu\server\node_modules\koa-compose\index.js:45:18)
*************** error log end ***************

[2018-08-01T18:19:44.526] [ERROR] errorLogger - 
*************** error log start ***************
request method: POST
request originalUrl:  /api/article/edit/11
request client ip:  ::ffff:127.0.0.1
request body: 
{"article_id":"11","article_title":"aaa","article_content":"<p>fAZSFEwsef</p>"}
response time: 18719
err name: TypeError
err message: Cannot read property 'type' of undefined
err stack: TypeError: Cannot read property 'type' of undefined
    at Object.updateValue (C:\work\liushiyizu\server\models\article_model.js:54:21)
    at exports.editArticle (C:\work\liushiyizu\server\controllers\article_controller.js:196:74)
    at dispatch (C:\work\liushiyizu\server\node_modules\koa-compose\index.js:44:32)
    at next (C:\work\liushiyizu\server\node_modules\koa-compose\index.js:45:18)
    at C:\work\liushiyizu\server\node_modules\koa-router\lib\router.js:345:16
    at dispatch (C:\work\liushiyizu\server\node_modules\koa-compose\index.js:44:32)
    at next (C:\work\liushiyizu\server\node_modules\koa-compose\index.js:45:18)
    at allowedMethods (C:\work\liushiyizu\server\node_modules\koa-router\lib\router.js:406:12)
    at dispatch (C:\work\liushiyizu\server\node_modules\koa-compose\index.js:44:32)
    at next (C:\work\liushiyizu\server\node_modules\koa-compose\index.js:45:18)
    at C:\work\liushiyizu\server\node_modules\koa-router\lib\router.js:345:16
    at dispatch (C:\work\liushiyizu\server\node_modules\koa-compose\index.js:44:32)
    at next (C:\work\liushiyizu\server\node_modules\koa-compose\index.js:45:18)
    at allowedMethods (C:\work\liushiyizu\server\node_modules\koa-router\lib\router.js:406:12)
    at dispatch (C:\work\liushiyizu\server\node_modules\koa-compose\index.js:44:32)
    at next (C:\work\liushiyizu\server\node_modules\koa-compose\index.js:45:18)
*************** error log end ***************

[2018-08-02T10:55:38.868] [ERROR] errorLogger - Error Error: Redis connection to 127.0.0.1:6379 failed - read ECONNRESET
[2018-08-02T10:55:40.088] [ERROR] errorLogger - Error Error: Redis connection to 127.0.0.1:6379 failed - connect ECONNREFUSED 127.0.0.1:6379
[2018-08-02T10:55:41.442] [ERROR] errorLogger - Error Error: Redis connection to 127.0.0.1:6379 failed - connect ECONNREFUSED 127.0.0.1:6379
[2018-08-02T14:06:13.756] [ERROR] errorLogger - Error Error: Redis connection to 127.0.0.1:6379 failed - read ECONNRESET
[2018-08-02T14:06:14.981] [ERROR] errorLogger - Error Error: Redis connection to 127.0.0.1:6379 failed - connect ECONNREFUSED 127.0.0.1:6379
[2018-08-02T14:06:16.343] [ERROR] errorLogger - Error Error: Redis connection to 127.0.0.1:6379 failed - connect ECONNREFUSED 127.0.0.1:6379
[2018-08-02T14:06:17.940] [ERROR] errorLogger - Error Error: Redis connection to 127.0.0.1:6379 failed - connect ECONNREFUSED 127.0.0.1:6379
[2018-08-02T14:26:21.302] [ERROR] errorLogger - Error Error: Redis connection to 127.0.0.1:6379 failed - read ECONNRESET
[2018-08-02T14:26:22.510] [ERROR] errorLogger - Error Error: Redis connection to 127.0.0.1:6379 failed - connect ECONNREFUSED 127.0.0.1:6379
[2018-08-02T14:26:23.856] [ERROR] errorLogger - Error Error: Redis connection to 127.0.0.1:6379 failed - connect ECONNREFUSED 127.0.0.1:6379
[2018-08-02T16:16:26.819] [ERROR] errorLogger - Error Error: Redis connection to 127.0.0.1:6379 failed - read ECONNRESET
[2018-08-02T16:31:52.131] [ERROR] errorLogger - Error Error: Redis connection to 127.0.0.1:6379 failed - read ECONNRESET
[2018-08-02T16:31:53.343] [ERROR] errorLogger - Error Error: Redis connection to 127.0.0.1:6379 failed - connect ECONNREFUSED 127.0.0.1:6379
[2018-08-02T16:31:54.696] [ERROR] errorLogger - Error Error: Redis connection to 127.0.0.1:6379 failed - connect ECONNREFUSED 127.0.0.1:6379
