[2018-07-09T16:51:10.140] [INFO] resLogger - 
*************** response log start ***************
request method: POST
request originalUrl:  /api/travelNotes/update
request client ip:  ::ffff:127.0.0.1
request body: 
{}
response time: 5
response status: 200
response body: 
{"code":0,"message":"not login"}
*************** response log end ***************

[2018-07-09T16:51:10.154] [INFO] resLogger - 
*************** response log start ***************
request method: GET
request originalUrl:  /api/captcha?norepeat=
request client ip:  ::ffff:127.0.0.1
request query:  {"norepeat":""}
response time: 1
response status: 200
response body: 
{"_readableState":{"objectMode":false,"highWaterMark":65536,"buffer":{"head":null,"tail":null,"length":0},"length":0,"pipes":null,"pipesCount":0,"flowing":null,"ended":false,"endEmitted":false,"reading":false,"sync":true,"needReadable":false,"emittedReadable":false,"readableListening":false,"resumeScheduled":false,"destroyed":false,"defaultEncoding":"utf8","awaitDrain":0,"readingMore":false,"decoder":null,"encoding":null},"readable":true,"domain":null,"_events":{},"_eventsCount":2,"path":"D:\\work\\liushiyizu\\server\\service\\webApp\\captcha\\lauding.jpg","fd":null,"flags":"r","mode":438,"autoClose":true,"bytesRead":0}
*************** response log end ***************

[2018-07-09T16:51:10.160] [INFO] resLogger - 
*************** response log start ***************
request method: GET
request originalUrl:  /api/users/checkLogin
request client ip:  ::ffff:127.0.0.1
request query:  {}
response time: 1
response status: 200
response body: 
{"code":0,"message":"not login"}
*************** response log end ***************

[2018-07-09T16:51:13.895] [INFO] resLogger - 
*************** response log start ***************
request method: POST
request originalUrl:  /api/users/login
request client ip:  ::ffff:127.0.0.1
request body: 
{"name":"liu","password":"123456","seven":false}
response time: 1170
response status: 200
response body: 
{"code":0,"message":"success"}
*************** response log end ***************

[2018-07-09T16:51:14.291] [INFO] resLogger - 
*************** response log start ***************
request method: GET
request originalUrl:  /api/captcha?norepeat=
request client ip:  ::ffff:127.0.0.1
request query:  {"norepeat":""}
response time: 1
response status: 200
response body: 
{"_readableState":{"objectMode":false,"highWaterMark":65536,"buffer":{"head":null,"tail":null,"length":0},"length":0,"pipes":null,"pipesCount":0,"flowing":null,"ended":false,"endEmitted":false,"reading":false,"sync":true,"needReadable":false,"emittedReadable":false,"readableListening":false,"resumeScheduled":false,"destroyed":false,"defaultEncoding":"utf8","awaitDrain":0,"readingMore":false,"decoder":null,"encoding":null},"readable":true,"domain":null,"_events":{},"_eventsCount":2,"path":"D:\\work\\liushiyizu\\server\\service\\webApp\\captcha\\ankthed.jpg","fd":null,"flags":"r","mode":438,"autoClose":true,"bytesRead":0}
*************** response log end ***************

[2018-07-09T16:51:14.831] [INFO] resLogger - 
*************** response log start ***************
request method: GET
request originalUrl:  /api/users/checkLogin
request client ip:  ::ffff:127.0.0.1
request query:  {}
response time: 534
response status: 200
response body: 
{"code":0,"message":"success","data":{"id":69,"name":"liu","nickname":"mademadedeni","headImg":"/upload/head/head_1517300344018.jpg","permission":5,"sex":0,"age":26,"phone":"13478905686","email":"123423423@qq.com","address":"北京市海淀区苏州街亿方大厦","signature":"我就是我！每天都要开开心心的！不经历风雨怎能见彩虹。"}}
*************** response log end ***************

[2018-07-09T16:51:15.304] [INFO] resLogger - 
*************** response log start ***************
request method: POST
request originalUrl:  /api/travelNotes/update
request client ip:  ::ffff:127.0.0.1
request body: 
{}
response time: 997
response status: 200
response body: 
{"code":0,"message":"success"}
*************** response log end ***************

[2018-07-09T16:52:03.659] [INFO] resLogger - 
*************** response log start ***************
request method: GET
request originalUrl:  /api/editor/ue?action=config&&noCache=1531126296406
request client ip:  ::ffff:127.0.0.1
request query:  {"action":"config","noCache":"1531126296406"}
response time: 25
response status: 302
response body: 
"Redirecting to <a href=\"/upload/config.json\">/upload/config.json</a>."
*************** response log end ***************

[2018-07-09T16:52:04.116] [INFO] resLogger - 
*************** response log start ***************
request method: GET
request originalUrl:  /api/users/checkLogin
request client ip:  ::ffff:127.0.0.1
request query:  {}
response time: 483
response status: 200
response body: 
{"code":0,"message":"success","data":{"id":69,"name":"liu","nickname":"mademadedeni","headImg":"/upload/head/head_1517300344018.jpg","permission":5,"sex":0,"age":26,"phone":"13478905686","email":"123423423@qq.com","address":"北京市海淀区苏州街亿方大厦","signature":"我就是我！每天都要开开心心的！不经历风雨怎能见彩虹。"}}
*************** response log end ***************

[2018-07-09T16:52:13.049] [INFO] resLogger - 
*************** response log start ***************
request method: GET
request originalUrl:  /api/editor/ue?action=config&&noCache=1531126333035
request client ip:  ::ffff:127.0.0.1
request query:  {"action":"config","noCache":"1531126333035"}
response time: 0
response status: 302
response body: 
"Redirecting to <a href=\"/upload/config.json\">/upload/config.json</a>."
*************** response log end ***************

[2018-07-09T16:52:13.477] [INFO] resLogger - 
*************** response log start ***************
request method: GET
request originalUrl:  /api/users/checkLogin
request client ip:  ::ffff:127.0.0.1
request query:  {}
response time: 475
response status: 200
response body: 
{"code":0,"message":"success","data":{"id":69,"name":"liu","nickname":"mademadedeni","headImg":"/upload/head/head_1517300344018.jpg","permission":5,"sex":0,"age":26,"phone":"13478905686","email":"123423423@qq.com","address":"北京市海淀区苏州街亿方大厦","signature":"我就是我！每天都要开开心心的！不经历风雨怎能见彩虹。"}}
*************** response log end ***************

[2018-07-09T16:52:49.158] [INFO] resLogger - 
*************** response log start ***************
request method: POST
request originalUrl:  /api/editor/ue?action=uploadimage
request client ip:  ::ffff:127.0.0.1
request body: 
{"fields":{},"files":{"upfile":{"size":24019,"path":"C:\\Users\\LIUJIA~1\\AppData\\Local\\Temp\\upload_8b123c07f7a33cb69912795e2ab6b081","name":"lufei_看图王.jpg","type":"image/jpeg","mtime":"2018-07-09T08:52:48.729Z"}}}
response time: 426
response status: 200
response body: 
{"url":"/upload/travelNotes/lufei_看图王.jpg","original":"lufei_看图王.jpg","state":"SUCCESS"}
*************** response log end ***************

[2018-07-09T16:55:46.088] [INFO] resLogger - 
*************** response log start ***************
request method: GET
request originalUrl:  /api/captcha?norepeat=
request client ip:  ::ffff:127.0.0.1
request query:  {"norepeat":""}
response time: 0
response status: 200
response body: 
{"_readableState":{"objectMode":false,"highWaterMark":65536,"buffer":{"head":null,"tail":null,"length":0},"length":0,"pipes":null,"pipesCount":0,"flowing":null,"ended":false,"endEmitted":false,"reading":false,"sync":true,"needReadable":false,"emittedReadable":false,"readableListening":false,"resumeScheduled":false,"destroyed":false,"defaultEncoding":"utf8","awaitDrain":0,"readingMore":false,"decoder":null,"encoding":null},"readable":true,"domain":null,"_events":{},"_eventsCount":2,"path":"D:\\work\\liushiyizu\\server\\service\\webApp\\captcha\\lauding.jpg","fd":null,"flags":"r","mode":438,"autoClose":true,"bytesRead":0}
*************** response log end ***************

[2018-07-09T16:55:46.618] [INFO] resLogger - 
*************** response log start ***************
request method: GET
request originalUrl:  /api/users/checkLogin
request client ip:  ::ffff:127.0.0.1
request query:  {}
response time: 520
response status: 200
response body: 
{"code":0,"message":"success","data":{"id":69,"name":"liu","nickname":"mademadedeni","headImg":"/upload/head/head_1517300344018.jpg","permission":5,"sex":0,"age":26,"phone":"13478905686","email":"123423423@qq.com","address":"北京市海淀区苏州街亿方大厦","signature":"我就是我！每天都要开开心心的！不经历风雨怎能见彩虹。"}}
*************** response log end ***************

[2018-07-09T16:55:46.654] [INFO] resLogger - 
*************** response log start ***************
request method: POST
request originalUrl:  /api/travelNotes/update
request client ip:  ::ffff:127.0.0.1
request body: 
{}
response time: 522
response status: 200
response body: 
{"code":0,"message":"success"}
*************** response log end ***************

[2018-07-17T15:19:38.841] [INFO] resLogger - 
*************** response log start ***************
request method: GET
request originalUrl:  /
request client ip:  ::ffff:10.0.0.126
request query:  {}
response time: 5
response status: 302
response body: 
"Redirecting to <a href=\"/error/404\">/error/404</a>."
*************** response log end ***************

[2018-07-17T15:19:38.859] [INFO] resLogger - 
*************** response log start ***************
request method: GET
request originalUrl:  /error/404
request client ip:  ::ffff:10.0.0.126
request query:  {}
response time: 0
response status: 302
response body: 
"Redirecting to <a href=\"/error/404\">/error/404</a>."
*************** response log end ***************

[2018-07-17T15:19:38.872] [INFO] resLogger - 
*************** response log start ***************
request method: GET
request originalUrl:  /error/404
request client ip:  ::ffff:10.0.0.126
request query:  {}
response time: 1
response status: 302
response body: 
"Redirecting to <a href=\"/error/404\">/error/404</a>."
*************** response log end ***************

[2018-07-17T15:19:38.880] [INFO] resLogger - 
*************** response log start ***************
request method: GET
request originalUrl:  /error/404
request client ip:  ::ffff:10.0.0.126
request query:  {}
response time: 1
response status: 302
response body: 
"Redirecting to <a href=\"/error/404\">/error/404</a>."
*************** response log end ***************

[2018-07-17T15:19:38.887] [INFO] resLogger - 
*************** response log start ***************
request method: GET
request originalUrl:  /error/404
request client ip:  ::ffff:10.0.0.126
request query:  {}
response time: 0
response status: 302
response body: 
"Redirecting to <a href=\"/error/404\">/error/404</a>."
*************** response log end ***************

[2018-07-17T15:19:38.895] [INFO] resLogger - 
*************** response log start ***************
request method: GET
request originalUrl:  /error/404
request client ip:  ::ffff:10.0.0.126
request query:  {}
response time: 0
response status: 302
response body: 
"Redirecting to <a href=\"/error/404\">/error/404</a>."
*************** response log end ***************

[2018-07-17T15:19:38.900] [INFO] resLogger - 
*************** response log start ***************
request method: GET
request originalUrl:  /error/404
request client ip:  ::ffff:10.0.0.126
request query:  {}
response time: 1
response status: 302
response body: 
"Redirecting to <a href=\"/error/404\">/error/404</a>."
*************** response log end ***************

[2018-07-17T15:19:38.904] [INFO] resLogger - 
*************** response log start ***************
request method: GET
request originalUrl:  /error/404
request client ip:  ::ffff:10.0.0.126
request query:  {}
response time: 0
response status: 302
response body: 
"Redirecting to <a href=\"/error/404\">/error/404</a>."
*************** response log end ***************

[2018-07-17T15:19:38.909] [INFO] resLogger - 
*************** response log start ***************
request method: GET
request originalUrl:  /error/404
request client ip:  ::ffff:10.0.0.126
request query:  {}
response time: 0
response status: 302
response body: 
"Redirecting to <a href=\"/error/404\">/error/404</a>."
*************** response log end ***************

[2018-07-17T15:19:38.915] [INFO] resLogger - 
*************** response log start ***************
request method: GET
request originalUrl:  /error/404
request client ip:  ::ffff:10.0.0.126
request query:  {}
response time: 0
response status: 302
response body: 
"Redirecting to <a href=\"/error/404\">/error/404</a>."
*************** response log end ***************

[2018-07-17T15:19:38.928] [INFO] resLogger - 
*************** response log start ***************
request method: GET
request originalUrl:  /error/404
request client ip:  ::ffff:10.0.0.126
request query:  {}
response time: 0
response status: 302
response body: 
"Redirecting to <a href=\"/error/404\">/error/404</a>."
*************** response log end ***************

[2018-07-17T15:19:38.936] [INFO] resLogger - 
*************** response log start ***************
request method: GET
request originalUrl:  /error/404
request client ip:  ::ffff:10.0.0.126
request query:  {}
response time: 1
response status: 302
response body: 
"Redirecting to <a href=\"/error/404\">/error/404</a>."
*************** response log end ***************

[2018-07-17T15:19:38.941] [INFO] resLogger - 
*************** response log start ***************
request method: GET
request originalUrl:  /error/404
request client ip:  ::ffff:10.0.0.126
request query:  {}
response time: 0
response status: 302
response body: 
"Redirecting to <a href=\"/error/404\">/error/404</a>."
*************** response log end ***************

[2018-07-17T15:19:38.949] [INFO] resLogger - 
*************** response log start ***************
request method: GET
request originalUrl:  /error/404
request client ip:  ::ffff:10.0.0.126
request query:  {}
response time: 0
response status: 302
response body: 
"Redirecting to <a href=\"/error/404\">/error/404</a>."
*************** response log end ***************

[2018-07-17T15:19:38.958] [INFO] resLogger - 
*************** response log start ***************
request method: GET
request originalUrl:  /error/404
request client ip:  ::ffff:10.0.0.126
request query:  {}
response time: 2
response status: 302
response body: 
"Redirecting to <a href=\"/error/404\">/error/404</a>."
*************** response log end ***************

[2018-07-17T15:19:38.968] [INFO] resLogger - 
*************** response log start ***************
request method: GET
request originalUrl:  /error/404
request client ip:  ::ffff:10.0.0.126
request query:  {}
response time: 2
response status: 302
response body: 
"Redirecting to <a href=\"/error/404\">/error/404</a>."
*************** response log end ***************

[2018-07-17T15:19:38.975] [INFO] resLogger - 
*************** response log start ***************
request method: GET
request originalUrl:  /error/404
request client ip:  ::ffff:10.0.0.126
request query:  {}
response time: 0
response status: 302
response body: 
"Redirecting to <a href=\"/error/404\">/error/404</a>."
*************** response log end ***************

[2018-07-17T15:19:38.990] [INFO] resLogger - 
*************** response log start ***************
request method: GET
request originalUrl:  /error/404
request client ip:  ::ffff:10.0.0.126
request query:  {}
response time: 2
response status: 302
response body: 
"Redirecting to <a href=\"/error/404\">/error/404</a>."
*************** response log end ***************

[2018-07-17T15:19:39.000] [INFO] resLogger - 
*************** response log start ***************
request method: GET
request originalUrl:  /error/404
request client ip:  ::ffff:10.0.0.126
request query:  {}
response time: 2
response status: 302
response body: 
"Redirecting to <a href=\"/error/404\">/error/404</a>."
*************** response log end ***************

[2018-07-17T15:19:39.007] [INFO] resLogger - 
*************** response log start ***************
request method: GET
request originalUrl:  /error/404
request client ip:  ::ffff:10.0.0.126
request query:  {}
response time: 0
response status: 302
response body: 
"Redirecting to <a href=\"/error/404\">/error/404</a>."
*************** response log end ***************

[2018-07-17T15:19:39.018] [INFO] resLogger - 
*************** response log start ***************
request method: GET
request originalUrl:  /error/404
request client ip:  ::ffff:10.0.0.126
request query:  {}
response time: 2
response status: 302
response body: 
"Redirecting to <a href=\"/error/404\">/error/404</a>."
*************** response log end ***************

[2018-07-17T15:19:42.042] [INFO] resLogger - 
*************** response log start ***************
request method: GET
request originalUrl:  /error/404
request client ip:  ::ffff:10.0.0.126
request query:  {}
response time: 1
response status: 302
response body: 
"Redirecting to <a href=\"/error/404\">/error/404</a>."
*************** response log end ***************

[2018-07-17T15:19:42.052] [INFO] resLogger - 
*************** response log start ***************
request method: GET
request originalUrl:  /error/404
request client ip:  ::ffff:10.0.0.126
request query:  {}
response time: 0
response status: 302
response body: 
"Redirecting to <a href=\"/error/404\">/error/404</a>."
*************** response log end ***************

[2018-07-17T15:19:42.060] [INFO] resLogger - 
*************** response log start ***************
request method: GET
request originalUrl:  /error/404
request client ip:  ::ffff:10.0.0.126
request query:  {}
response time: 0
response status: 302
response body: 
"Redirecting to <a href=\"/error/404\">/error/404</a>."
*************** response log end ***************

[2018-07-17T15:19:42.068] [INFO] resLogger - 
*************** response log start ***************
request method: GET
request originalUrl:  /error/404
request client ip:  ::ffff:10.0.0.126
request query:  {}
response time: 1
response status: 302
response body: 
"Redirecting to <a href=\"/error/404\">/error/404</a>."
*************** response log end ***************

[2018-07-17T15:19:42.074] [INFO] resLogger - 
*************** response log start ***************
request method: GET
request originalUrl:  /error/404
request client ip:  ::ffff:10.0.0.126
request query:  {}
response time: 1
response status: 302
response body: 
"Redirecting to <a href=\"/error/404\">/error/404</a>."
*************** response log end ***************

[2018-07-17T15:19:42.085] [INFO] resLogger - 
*************** response log start ***************
request method: GET
request originalUrl:  /error/404
request client ip:  ::ffff:10.0.0.126
request query:  {}
response time: 0
response status: 302
response body: 
"Redirecting to <a href=\"/error/404\">/error/404</a>."
*************** response log end ***************

[2018-07-17T15:19:42.091] [INFO] resLogger - 
*************** response log start ***************
request method: GET
request originalUrl:  /error/404
request client ip:  ::ffff:10.0.0.126
request query:  {}
response time: 0
response status: 302
response body: 
"Redirecting to <a href=\"/error/404\">/error/404</a>."
*************** response log end ***************

[2018-07-17T15:19:42.117] [INFO] resLogger - 
*************** response log start ***************
request method: GET
request originalUrl:  /error/404
request client ip:  ::ffff:10.0.0.126
request query:  {}
response time: 1
response status: 302
response body: 
"Redirecting to <a href=\"/error/404\">/error/404</a>."
*************** response log end ***************

[2018-07-17T15:19:42.134] [INFO] resLogger - 
*************** response log start ***************
request method: GET
request originalUrl:  /error/404
request client ip:  ::ffff:10.0.0.126
request query:  {}
response time: 1
response status: 302
response body: 
"Redirecting to <a href=\"/error/404\">/error/404</a>."
*************** response log end ***************

[2018-07-17T15:19:42.146] [INFO] resLogger - 
*************** response log start ***************
request method: GET
request originalUrl:  /error/404
request client ip:  ::ffff:10.0.0.126
request query:  {}
response time: 4
response status: 302
response body: 
"Redirecting to <a href=\"/error/404\">/error/404</a>."
*************** response log end ***************

[2018-07-17T15:19:42.153] [INFO] resLogger - 
*************** response log start ***************
request method: GET
request originalUrl:  /error/404
request client ip:  ::ffff:10.0.0.126
request query:  {}
response time: 1
response status: 302
response body: 
"Redirecting to <a href=\"/error/404\">/error/404</a>."
*************** response log end ***************

[2018-07-17T15:19:42.158] [INFO] resLogger - 
*************** response log start ***************
request method: GET
request originalUrl:  /error/404
request client ip:  ::ffff:10.0.0.126
request query:  {}
response time: 0
response status: 302
response body: 
"Redirecting to <a href=\"/error/404\">/error/404</a>."
*************** response log end ***************

[2018-07-17T15:19:42.165] [INFO] resLogger - 
*************** response log start ***************
request method: GET
request originalUrl:  /error/404
request client ip:  ::ffff:10.0.0.126
request query:  {}
response time: 1
response status: 302
response body: 
"Redirecting to <a href=\"/error/404\">/error/404</a>."
*************** response log end ***************

[2018-07-17T15:19:42.172] [INFO] resLogger - 
*************** response log start ***************
request method: GET
request originalUrl:  /error/404
request client ip:  ::ffff:10.0.0.126
request query:  {}
response time: 1
response status: 302
response body: 
"Redirecting to <a href=\"/error/404\">/error/404</a>."
*************** response log end ***************

[2018-07-17T15:19:42.179] [INFO] resLogger - 
*************** response log start ***************
request method: GET
request originalUrl:  /error/404
request client ip:  ::ffff:10.0.0.126
request query:  {}
response time: 1
response status: 302
response body: 
"Redirecting to <a href=\"/error/404\">/error/404</a>."
*************** response log end ***************

[2018-07-17T15:19:42.187] [INFO] resLogger - 
*************** response log start ***************
request method: GET
request originalUrl:  /error/404
request client ip:  ::ffff:10.0.0.126
request query:  {}
response time: 0
response status: 302
response body: 
"Redirecting to <a href=\"/error/404\">/error/404</a>."
*************** response log end ***************

[2018-07-17T15:19:42.195] [INFO] resLogger - 
*************** response log start ***************
request method: GET
request originalUrl:  /error/404
request client ip:  ::ffff:10.0.0.126
request query:  {}
response time: 1
response status: 302
response body: 
"Redirecting to <a href=\"/error/404\">/error/404</a>."
*************** response log end ***************

[2018-07-17T15:19:42.203] [INFO] resLogger - 
*************** response log start ***************
request method: GET
request originalUrl:  /error/404
request client ip:  ::ffff:10.0.0.126
request query:  {}
response time: 0
response status: 302
response body: 
"Redirecting to <a href=\"/error/404\">/error/404</a>."
*************** response log end ***************

[2018-07-17T15:19:42.209] [INFO] resLogger - 
*************** response log start ***************
request method: GET
request originalUrl:  /error/404
request client ip:  ::ffff:10.0.0.126
request query:  {}
response time: 1
response status: 302
response body: 
"Redirecting to <a href=\"/error/404\">/error/404</a>."
*************** response log end ***************

[2018-07-17T15:19:42.218] [INFO] resLogger - 
*************** response log start ***************
request method: GET
request originalUrl:  /error/404
request client ip:  ::ffff:10.0.0.126
request query:  {}
response time: 2
response status: 302
response body: 
"Redirecting to <a href=\"/error/404\">/error/404</a>."
*************** response log end ***************

[2018-07-17T15:19:42.225] [INFO] resLogger - 
*************** response log start ***************
request method: GET
request originalUrl:  /error/404
request client ip:  ::ffff:10.0.0.126
request query:  {}
response time: 1
response status: 302
response body: 
"Redirecting to <a href=\"/error/404\">/error/404</a>."
*************** response log end ***************

[2018-07-17T15:22:15.784] [INFO] resLogger - 
*************** response log start ***************
request method: GET
request originalUrl:  /
request client ip:  ::ffff:10.0.0.126
request query:  {}
response time: 1
response status: 302
response body: 
"Redirecting to <a href=\"/error/404\">/error/404</a>."
*************** response log end ***************

[2018-07-17T15:22:15.801] [INFO] resLogger - 
*************** response log start ***************
request method: GET
request originalUrl:  /error/404
request client ip:  ::ffff:10.0.0.126
request query:  {}
response time: 1
response status: 302
response body: 
"Redirecting to <a href=\"/error/404\">/error/404</a>."
*************** response log end ***************

[2018-07-17T15:22:15.811] [INFO] resLogger - 
*************** response log start ***************
request method: GET
request originalUrl:  /error/404
request client ip:  ::ffff:10.0.0.126
request query:  {}
response time: 0
response status: 302
response body: 
"Redirecting to <a href=\"/error/404\">/error/404</a>."
*************** response log end ***************

[2018-07-17T15:22:15.817] [INFO] resLogger - 
*************** response log start ***************
request method: GET
request originalUrl:  /error/404
request client ip:  ::ffff:10.0.0.126
request query:  {}
response time: 0
response status: 302
response body: 
"Redirecting to <a href=\"/error/404\">/error/404</a>."
*************** response log end ***************

[2018-07-17T15:22:15.824] [INFO] resLogger - 
*************** response log start ***************
request method: GET
request originalUrl:  /error/404
request client ip:  ::ffff:10.0.0.126
request query:  {}
response time: 0
response status: 302
response body: 
"Redirecting to <a href=\"/error/404\">/error/404</a>."
*************** response log end ***************

[2018-07-17T15:22:15.829] [INFO] resLogger - 
*************** response log start ***************
request method: GET
request originalUrl:  /error/404
request client ip:  ::ffff:10.0.0.126
request query:  {}
response time: 0
response status: 302
response body: 
"Redirecting to <a href=\"/error/404\">/error/404</a>."
*************** response log end ***************

[2018-07-17T15:22:15.835] [INFO] resLogger - 
*************** response log start ***************
request method: GET
request originalUrl:  /error/404
request client ip:  ::ffff:10.0.0.126
request query:  {}
response time: 0
response status: 302
response body: 
"Redirecting to <a href=\"/error/404\">/error/404</a>."
*************** response log end ***************

[2018-07-17T15:22:15.841] [INFO] resLogger - 
*************** response log start ***************
request method: GET
request originalUrl:  /error/404
request client ip:  ::ffff:10.0.0.126
request query:  {}
response time: 0
response status: 302
response body: 
"Redirecting to <a href=\"/error/404\">/error/404</a>."
*************** response log end ***************

[2018-07-17T15:22:15.844] [INFO] resLogger - 
*************** response log start ***************
request method: GET
request originalUrl:  /error/404
request client ip:  ::ffff:10.0.0.126
request query:  {}
response time: 0
response status: 302
response body: 
"Redirecting to <a href=\"/error/404\">/error/404</a>."
*************** response log end ***************

[2018-07-17T15:22:15.848] [INFO] resLogger - 
*************** response log start ***************
request method: GET
request originalUrl:  /error/404
request client ip:  ::ffff:10.0.0.126
request query:  {}
response time: 0
response status: 302
response body: 
"Redirecting to <a href=\"/error/404\">/error/404</a>."
*************** response log end ***************

[2018-07-17T15:22:15.853] [INFO] resLogger - 
*************** response log start ***************
request method: GET
request originalUrl:  /error/404
request client ip:  ::ffff:10.0.0.126
request query:  {}
response time: 1
response status: 302
response body: 
"Redirecting to <a href=\"/error/404\">/error/404</a>."
*************** response log end ***************

[2018-07-17T15:22:15.857] [INFO] resLogger - 
*************** response log start ***************
request method: GET
request originalUrl:  /error/404
request client ip:  ::ffff:10.0.0.126
request query:  {}
response time: 0
response status: 302
response body: 
"Redirecting to <a href=\"/error/404\">/error/404</a>."
*************** response log end ***************

[2018-07-17T15:22:15.861] [INFO] resLogger - 
*************** response log start ***************
request method: GET
request originalUrl:  /error/404
request client ip:  ::ffff:10.0.0.126
request query:  {}
response time: 0
response status: 302
response body: 
"Redirecting to <a href=\"/error/404\">/error/404</a>."
*************** response log end ***************

[2018-07-17T15:22:15.865] [INFO] resLogger - 
*************** response log start ***************
request method: GET
request originalUrl:  /error/404
request client ip:  ::ffff:10.0.0.126
request query:  {}
response time: 0
response status: 302
response body: 
"Redirecting to <a href=\"/error/404\">/error/404</a>."
*************** response log end ***************

[2018-07-17T15:22:15.872] [INFO] resLogger - 
*************** response log start ***************
request method: GET
request originalUrl:  /error/404
request client ip:  ::ffff:10.0.0.126
request query:  {}
response time: 2
response status: 302
response body: 
"Redirecting to <a href=\"/error/404\">/error/404</a>."
*************** response log end ***************

[2018-07-17T15:22:15.879] [INFO] resLogger - 
*************** response log start ***************
request method: GET
request originalUrl:  /error/404
request client ip:  ::ffff:10.0.0.126
request query:  {}
response time: 2
response status: 302
response body: 
"Redirecting to <a href=\"/error/404\">/error/404</a>."
*************** response log end ***************

[2018-07-17T15:22:15.887] [INFO] resLogger - 
*************** response log start ***************
request method: GET
request originalUrl:  /error/404
request client ip:  ::ffff:10.0.0.126
request query:  {}
response time: 2
response status: 302
response body: 
"Redirecting to <a href=\"/error/404\">/error/404</a>."
*************** response log end ***************

[2018-07-17T15:22:15.896] [INFO] resLogger - 
*************** response log start ***************
request method: GET
request originalUrl:  /error/404
request client ip:  ::ffff:10.0.0.126
request query:  {}
response time: 2
response status: 302
response body: 
"Redirecting to <a href=\"/error/404\">/error/404</a>."
*************** response log end ***************

[2018-07-17T15:22:15.907] [INFO] resLogger - 
*************** response log start ***************
request method: GET
request originalUrl:  /error/404
request client ip:  ::ffff:10.0.0.126
request query:  {}
response time: 5
response status: 302
response body: 
"Redirecting to <a href=\"/error/404\">/error/404</a>."
*************** response log end ***************

[2018-07-17T15:22:15.912] [INFO] resLogger - 
*************** response log start ***************
request method: GET
request originalUrl:  /error/404
request client ip:  ::ffff:10.0.0.126
request query:  {}
response time: 0
response status: 302
response body: 
"Redirecting to <a href=\"/error/404\">/error/404</a>."
*************** response log end ***************

[2018-07-17T15:22:15.918] [INFO] resLogger - 
*************** response log start ***************
request method: GET
request originalUrl:  /error/404
request client ip:  ::ffff:10.0.0.126
request query:  {}
response time: 0
response status: 302
response body: 
"Redirecting to <a href=\"/error/404\">/error/404</a>."
*************** response log end ***************

[2018-07-17T16:32:37.819] [INFO] resLogger - 
*************** response log start ***************
request method: GET
request originalUrl:  /api/users/checkLogin
request client ip:  ::ffff:127.0.0.1
request query:  {}
response time: 4
response status: 200
response body: 
{"code":0,"message":"not login"}
*************** response log end ***************

[2018-07-17T16:32:37.828] [INFO] resLogger - 
*************** response log start ***************
request method: GET
request originalUrl:  /api/captcha?norepeat=
request client ip:  ::ffff:127.0.0.1
request query:  {"norepeat":""}
response time: 1
response status: 200
response body: 
{"_readableState":{"objectMode":false,"highWaterMark":65536,"buffer":{"head":null,"tail":null,"length":0},"length":0,"pipes":null,"pipesCount":0,"flowing":null,"ended":false,"endEmitted":false,"reading":false,"sync":true,"needReadable":false,"emittedReadable":false,"readableListening":false,"resumeScheduled":false,"emitClose":false,"destroyed":false,"defaultEncoding":"utf8","awaitDrain":0,"readingMore":false,"decoder":null,"encoding":null},"readable":true,"_events":{},"_eventsCount":2,"path":"C:\\work\\liushiyizu\\server\\service\\webApp\\captcha\\angaly.jpg","fd":null,"flags":"r","mode":438,"end":null,"autoClose":true,"bytesRead":0,"closed":false}
*************** response log end ***************

[2018-07-17T17:08:48.677] [INFO] resLogger - 
*************** response log start ***************
request method: GET
request originalUrl:  /api/captcha?norepeat=
request client ip:  ::ffff:127.0.0.1
request query:  {"norepeat":""}
response time: 5
response status: 200
response body: 
{"_readableState":{"objectMode":false,"highWaterMark":65536,"buffer":{"head":null,"tail":null,"length":0},"length":0,"pipes":null,"pipesCount":0,"flowing":null,"ended":false,"endEmitted":false,"reading":false,"sync":true,"needReadable":false,"emittedReadable":false,"readableListening":false,"resumeScheduled":false,"emitClose":false,"destroyed":false,"defaultEncoding":"utf8","awaitDrain":0,"readingMore":false,"decoder":null,"encoding":null},"readable":true,"_events":{},"_eventsCount":2,"path":"C:\\work\\liushiyizu\\server\\service\\webApp\\captcha\\angaly.jpg","fd":null,"flags":"r","mode":438,"end":null,"autoClose":true,"bytesRead":0,"closed":false}
*************** response log end ***************

[2018-07-17T17:08:48.682] [INFO] resLogger - 
*************** response log start ***************
request method: GET
request originalUrl:  /api/users/checkLogin
request client ip:  ::ffff:127.0.0.1
request query:  {}
response time: 0
response status: 200
response body: 
{"code":0,"message":"not login"}
*************** response log end ***************

[2018-07-17T17:09:01.144] [INFO] resLogger - 
*************** response log start ***************
request method: POST
request originalUrl:  /api/users/login
request client ip:  ::ffff:127.0.0.1
request body: 
{"name":"liu","password":"123456","seven":false}
response time: 1172
response status: 200
response body: 
{"code":0,"message":"success"}
*************** response log end ***************

[2018-07-17T17:09:01.574] [INFO] resLogger - 
*************** response log start ***************
request method: GET
request originalUrl:  /api/captcha?norepeat=
request client ip:  ::ffff:127.0.0.1
request query:  {"norepeat":""}
response time: 0
response status: 200
response body: 
{"_readableState":{"objectMode":false,"highWaterMark":65536,"buffer":{"head":null,"tail":null,"length":0},"length":0,"pipes":null,"pipesCount":0,"flowing":null,"ended":false,"endEmitted":false,"reading":false,"sync":true,"needReadable":false,"emittedReadable":false,"readableListening":false,"resumeScheduled":false,"emitClose":false,"destroyed":false,"defaultEncoding":"utf8","awaitDrain":0,"readingMore":false,"decoder":null,"encoding":null},"readable":true,"_events":{},"_eventsCount":2,"path":"C:\\work\\liushiyizu\\server\\service\\webApp\\captcha\\lauding.jpg","fd":null,"flags":"r","mode":438,"end":null,"autoClose":true,"bytesRead":0,"closed":false}
*************** response log end ***************

[2018-07-17T17:09:02.162] [INFO] resLogger - 
*************** response log start ***************
request method: GET
request originalUrl:  /api/users/checkLogin
request client ip:  ::ffff:127.0.0.1
request query:  {}
response time: 576
response status: 200
response body: 
{"code":0,"message":"success","data":{"id":69,"name":"liu","nickname":"mademadedeni","headImg":"/upload/head/head_1517300344018.jpg","permission":5,"sex":0,"age":26,"phone":"13478905686","email":"123423423@qq.com","address":"北京市海淀区苏州街亿方大厦","signature":"我就是我！每天都要开开心心的！不经历风雨怎能见彩虹。"}}
*************** response log end ***************

[2018-07-17T17:10:17.041] [INFO] resLogger - 
*************** response log start ***************
request method: GET
request originalUrl:  /api/captcha?norepeat=
request client ip:  ::ffff:127.0.0.1
request query:  {"norepeat":""}
response time: 1
response status: 200
response body: 
{"_readableState":{"objectMode":false,"highWaterMark":65536,"buffer":{"head":null,"tail":null,"length":0},"length":0,"pipes":null,"pipesCount":0,"flowing":null,"ended":false,"endEmitted":false,"reading":false,"sync":true,"needReadable":false,"emittedReadable":false,"readableListening":false,"resumeScheduled":false,"emitClose":false,"destroyed":false,"defaultEncoding":"utf8","awaitDrain":0,"readingMore":false,"decoder":null,"encoding":null},"readable":true,"_events":{},"_eventsCount":2,"path":"C:\\work\\liushiyizu\\server\\service\\webApp\\captcha\\angaly.jpg","fd":null,"flags":"r","mode":438,"end":null,"autoClose":true,"bytesRead":0,"closed":false}
*************** response log end ***************

[2018-07-17T17:10:17.647] [INFO] resLogger - 
*************** response log start ***************
request method: GET
request originalUrl:  /api/users/checkLogin
request client ip:  ::ffff:127.0.0.1
request query:  {}
response time: 601
response status: 200
response body: 
{"code":0,"message":"success","data":{"id":69,"name":"liu","nickname":"mademadedeni","headImg":"/upload/head/head_1517300344018.jpg","permission":5,"sex":0,"age":26,"phone":"13478905686","email":"123423423@qq.com","address":"北京市海淀区苏州街亿方大厦","signature":"我就是我！每天都要开开心心的！不经历风雨怎能见彩虹。"}}
*************** response log end ***************

[2018-07-17T17:13:55.898] [INFO] resLogger - 
*************** response log start ***************
request method: GET
request originalUrl:  /api/captcha?norepeat=
request client ip:  ::ffff:127.0.0.1
request query:  {"norepeat":""}
response time: 1
response status: 200
response body: 
{"_readableState":{"objectMode":false,"highWaterMark":65536,"buffer":{"head":null,"tail":null,"length":0},"length":0,"pipes":null,"pipesCount":0,"flowing":null,"ended":false,"endEmitted":false,"reading":false,"sync":true,"needReadable":false,"emittedReadable":false,"readableListening":false,"resumeScheduled":false,"emitClose":false,"destroyed":false,"defaultEncoding":"utf8","awaitDrain":0,"readingMore":false,"decoder":null,"encoding":null},"readable":true,"_events":{},"_eventsCount":2,"path":"C:\\work\\liushiyizu\\server\\service\\webApp\\captcha\\ankthed.jpg","fd":null,"flags":"r","mode":438,"end":null,"autoClose":true,"bytesRead":0,"closed":false}
*************** response log end ***************

[2018-07-17T17:13:56.414] [INFO] resLogger - 
*************** response log start ***************
request method: GET
request originalUrl:  /api/users/checkLogin
request client ip:  ::ffff:127.0.0.1
request query:  {}
response time: 511
response status: 200
response body: 
{"code":0,"message":"success","data":{"id":69,"name":"liu","nickname":"mademadedeni","headImg":"/upload/head/head_1517300344018.jpg","permission":5,"sex":0,"age":26,"phone":"13478905686","email":"123423423@qq.com","address":"北京市海淀区苏州街亿方大厦","signature":"我就是我！每天都要开开心心的！不经历风雨怎能见彩虹。"}}
*************** response log end ***************

[2018-07-17T17:21:33.972] [INFO] resLogger - 
*************** response log start ***************
request method: GET
request originalUrl:  /api/editor/ue?action=config&&noCache=1531819293966
request client ip:  ::ffff:127.0.0.1
request query:  {"action":"config","noCache":"1531819293966"}
response time: 3
response status: 302
response body: 
"Redirecting to <a href=\"/upload/config.json\">/upload/config.json</a>."
*************** response log end ***************

[2018-07-17T17:21:35.360] [INFO] resLogger - 
*************** response log start ***************
request method: GET
request originalUrl:  /api/users/checkLogin
request client ip:  ::ffff:127.0.0.1
request query:  {}
response time: 1402
response status: 200
response body: 
{"code":0,"message":"success","data":{"id":69,"name":"liu","nickname":"mademadedeni","headImg":"/upload/head/head_1517300344018.jpg","permission":5,"sex":0,"age":26,"phone":"13478905686","email":"123423423@qq.com","address":"北京市海淀区苏州街亿方大厦","signature":"我就是我！每天都要开开心心的！不经历风雨怎能见彩虹。"}}
*************** response log end ***************

