[2018-04-18T10:19:59.645] [INFO] resLogger - 
*************** response log start ***************
request method: GET
request originalUrl:  /
request client ip:  ::ffff:127.0.0.1
request query:  {}
response time: 16
response status: 200
response body: 
{"_readableState":{"objectMode":false,"highWaterMark":65536,"buffer":{"head":null,"tail":null,"length":0},"length":0,"pipes":null,"pipesCount":0,"flowing":null,"ended":false,"endEmitted":false,"reading":false,"sync":true,"needReadable":false,"emittedReadable":false,"readableListening":false,"resumeScheduled":false,"destroyed":false,"defaultEncoding":"utf8","awaitDrain":0,"readingMore":false,"decoder":null,"encoding":null},"readable":true,"domain":null,"_events":{},"_eventsCount":2,"path":"D:\\work\\liushiyizu\\server\\service\\webApp\\dist\\html\\index.html","fd":null,"flags":"r","mode":438,"autoClose":true,"bytesRead":0}
*************** response log end ***************

[2018-04-18T10:19:59.645] [INFO] resLogger - 
*************** response log start ***************
request method: GET
request originalUrl:  /robots.txt
request client ip:  ::ffff:127.0.0.1
request query:  {}
response time: 0
response status: 302
response body: 
"Redirecting to <a href=\"/error/404\">/error/404</a>."
*************** response log end ***************

[2018-04-18T10:19:59.676] [INFO] resLogger - 
*************** response log start ***************
request method: GET
request originalUrl:  /error/404
request client ip:  ::ffff:127.0.0.1
request query:  {}
response time: 0
response status: 200
response body: 
{"_readableState":{"objectMode":false,"highWaterMark":65536,"buffer":{"head":null,"tail":null,"length":0},"length":0,"pipes":null,"pipesCount":0,"flowing":null,"ended":false,"endEmitted":false,"reading":false,"sync":true,"needReadable":false,"emittedReadable":false,"readableListening":false,"resumeScheduled":false,"destroyed":false,"defaultEncoding":"utf8","awaitDrain":0,"readingMore":false,"decoder":null,"encoding":null},"readable":true,"domain":null,"_events":{},"_eventsCount":2,"path":"D:\\work\\liushiyizu\\server\\service\\webApp\\html\\error\\404.html","fd":null,"flags":"r","mode":438,"autoClose":true,"bytesRead":0}
*************** response log end ***************

[2018-04-18T10:21:35.017] [INFO] resLogger - 
*************** response log start ***************
request method: GET
request originalUrl:  /
request client ip:  ::ffff:127.0.0.1
request query:  {}
response time: 0
response status: 200
response body: 
{"_readableState":{"objectMode":false,"highWaterMark":65536,"buffer":{"head":null,"tail":null,"length":0},"length":0,"pipes":null,"pipesCount":0,"flowing":null,"ended":false,"endEmitted":false,"reading":false,"sync":true,"needReadable":false,"emittedReadable":false,"readableListening":false,"resumeScheduled":false,"destroyed":false,"defaultEncoding":"utf8","awaitDrain":0,"readingMore":false,"decoder":null,"encoding":null},"readable":true,"domain":null,"_events":{},"_eventsCount":2,"path":"D:\\work\\liushiyizu\\server\\service\\webApp\\dist\\html\\index.html","fd":null,"flags":"r","mode":438,"autoClose":true,"bytesRead":0}
*************** response log end ***************

[2018-04-18T10:21:35.959] [INFO] resLogger - 
*************** response log start ***************
request method: GET
request originalUrl:  /img/captcha
request client ip:  ::ffff:127.0.0.1
request query:  {}
response time: 2
response status: 200
response body: 
{"_readableState":{"objectMode":false,"highWaterMark":65536,"buffer":{"head":null,"tail":null,"length":0},"length":0,"pipes":null,"pipesCount":0,"flowing":null,"ended":false,"endEmitted":false,"reading":false,"sync":true,"needReadable":false,"emittedReadable":false,"readableListening":false,"resumeScheduled":false,"destroyed":false,"defaultEncoding":"utf8","awaitDrain":0,"readingMore":false,"decoder":null,"encoding":null},"readable":true,"domain":null,"_events":{},"_eventsCount":2,"path":"D:\\work\\liushiyizu\\server\\service\\webApp\\static\\images\\captcha\\detler.jpg","fd":null,"flags":"r","mode":438,"autoClose":true,"bytesRead":0}
*************** response log end ***************

[2018-04-18T10:21:35.969] [INFO] resLogger - 
*************** response log start ***************
request method: GET
request originalUrl:  /api/users/checkLogin
request client ip:  ::ffff:127.0.0.1
request query:  {}
response time: 2
response status: 200
response body: 
{"code":0,"message":"not login"}
*************** response log end ***************

[2018-04-18T10:31:22.519] [INFO] resLogger - 
*************** response log start ***************
request method: GET
request originalUrl:  /
request client ip:  ::ffff:127.0.0.1
request query:  {}
response time: 0
response status: 200
response body: 
{"_readableState":{"objectMode":false,"highWaterMark":65536,"buffer":{"head":null,"tail":null,"length":0},"length":0,"pipes":null,"pipesCount":0,"flowing":null,"ended":false,"endEmitted":false,"reading":false,"sync":true,"needReadable":false,"emittedReadable":false,"readableListening":false,"resumeScheduled":false,"destroyed":false,"defaultEncoding":"utf8","awaitDrain":0,"readingMore":false,"decoder":null,"encoding":null},"readable":true,"domain":null,"_events":{},"_eventsCount":2,"path":"D:\\work\\liushiyizu\\server\\service\\webApp\\dist\\html\\index.html","fd":null,"flags":"r","mode":438,"autoClose":true,"bytesRead":0}
*************** response log end ***************

[2018-04-18T10:31:23.085] [INFO] resLogger - 
*************** response log start ***************
request method: GET
request originalUrl:  /img/captcha
request client ip:  ::ffff:127.0.0.1
request query:  {}
response time: 2
response status: 200
response body: 
{"_readableState":{"objectMode":false,"highWaterMark":65536,"buffer":{"head":null,"tail":null,"length":0},"length":0,"pipes":null,"pipesCount":0,"flowing":null,"ended":false,"endEmitted":false,"reading":false,"sync":true,"needReadable":false,"emittedReadable":false,"readableListening":false,"resumeScheduled":false,"destroyed":false,"defaultEncoding":"utf8","awaitDrain":0,"readingMore":false,"decoder":null,"encoding":null},"readable":true,"domain":null,"_events":{},"_eventsCount":2,"path":"D:\\work\\liushiyizu\\server\\service\\webApp\\static\\images\\captcha\\angaly.jpg","fd":null,"flags":"r","mode":438,"autoClose":true,"bytesRead":0}
*************** response log end ***************

[2018-04-18T10:31:23.089] [INFO] resLogger - 
*************** response log start ***************
request method: GET
request originalUrl:  /api/users/checkLogin
request client ip:  ::ffff:127.0.0.1
request query:  {}
response time: 1
response status: 200
response body: 
{"code":0,"message":"not login"}
*************** response log end ***************

[2018-04-18T10:31:28.990] [INFO] resLogger - 
*************** response log start ***************
request method: POST
request originalUrl:  /api/users/login
request client ip:  ::ffff:127.0.0.1
request body: 
{"name":"liu","password":"123456","seven":false}
response time: 1250
response status: 200
response body: 
{"code":0,"message":"success"}
*************** response log end ***************

[2018-04-18T10:31:29.052] [INFO] resLogger - 
*************** response log start ***************
request method: GET
request originalUrl:  /
request client ip:  ::ffff:127.0.0.1
request query:  {}
response time: 0
response status: 200
response body: 
{"_readableState":{"objectMode":false,"highWaterMark":65536,"buffer":{"head":null,"tail":null,"length":0},"length":0,"pipes":null,"pipesCount":0,"flowing":null,"ended":false,"endEmitted":false,"reading":false,"sync":true,"needReadable":false,"emittedReadable":false,"readableListening":false,"resumeScheduled":false,"destroyed":false,"defaultEncoding":"utf8","awaitDrain":0,"readingMore":false,"decoder":null,"encoding":null},"readable":true,"domain":null,"_events":{},"_eventsCount":2,"path":"D:\\work\\liushiyizu\\server\\service\\webApp\\dist\\html\\index.html","fd":null,"flags":"r","mode":438,"autoClose":true,"bytesRead":0}
*************** response log end ***************

[2018-04-18T10:31:29.476] [INFO] resLogger - 
*************** response log start ***************
request method: GET
request originalUrl:  /img/captcha
request client ip:  ::ffff:127.0.0.1
request query:  {}
response time: 1
response status: 200
response body: 
{"_readableState":{"objectMode":false,"highWaterMark":65536,"buffer":{"head":null,"tail":null,"length":0},"length":0,"pipes":null,"pipesCount":0,"flowing":null,"ended":false,"endEmitted":false,"reading":false,"sync":true,"needReadable":false,"emittedReadable":false,"readableListening":false,"resumeScheduled":false,"destroyed":false,"defaultEncoding":"utf8","awaitDrain":0,"readingMore":false,"decoder":null,"encoding":null},"readable":true,"domain":null,"_events":{},"_eventsCount":2,"path":"D:\\work\\liushiyizu\\server\\service\\webApp\\static\\images\\captcha\\sunding.jpg","fd":null,"flags":"r","mode":438,"autoClose":true,"bytesRead":0}
*************** response log end ***************

[2018-04-18T10:31:29.817] [INFO] resLogger - 
*************** response log start ***************
request method: GET
request originalUrl:  /api/users/checkLogin
request client ip:  ::ffff:127.0.0.1
request query:  {}
response time: 338
response status: 200
response body: 
{"code":0,"message":"success","data":{"id":69,"name":"liu","nickname":"mademadedeni","headImg":"/head/head_1517300344018.jpg","permission":5,"sex":2,"age":26,"phone":"13478905686","email":"123423423@qq.com","address":"北京市海淀区苏州街亿方大厦","signature":"我就是我！每天都要开开心心的！不经历风雨怎能见彩虹。"}}
*************** response log end ***************

[2018-04-18T10:33:50.938] [INFO] resLogger - 
*************** response log start ***************
request method: GET
request originalUrl:  /article
request client ip:  ::ffff:127.0.0.1
request query:  {}
response time: 0
response status: 302
response body: 
"Redirecting to <a href=\"/error/404\">/error/404</a>."
*************** response log end ***************

[2018-04-18T10:33:50.985] [INFO] resLogger - 
*************** response log start ***************
request method: GET
request originalUrl:  /error/404
request client ip:  ::ffff:127.0.0.1
request query:  {}
response time: 0
response status: 200
response body: 
{"_readableState":{"objectMode":false,"highWaterMark":65536,"buffer":{"head":null,"tail":null,"length":0},"length":0,"pipes":null,"pipesCount":0,"flowing":null,"ended":false,"endEmitted":false,"reading":false,"sync":true,"needReadable":false,"emittedReadable":false,"readableListening":false,"resumeScheduled":false,"destroyed":false,"defaultEncoding":"utf8","awaitDrain":0,"readingMore":false,"decoder":null,"encoding":null},"readable":true,"domain":null,"_events":{},"_eventsCount":2,"path":"D:\\work\\liushiyizu\\server\\service\\webApp\\html\\error\\404.html","fd":null,"flags":"r","mode":438,"autoClose":true,"bytesRead":0}
*************** response log end ***************

[2018-04-18T10:33:51.078] [INFO] resLogger - 
*************** response log start ***************
request method: GET
request originalUrl:  /css/common.css
request client ip:  ::ffff:127.0.0.1
request query:  {}
response time: 0
response status: 404
response body: 
undefined
*************** response log end ***************

[2018-04-18T10:33:51.078] [INFO] resLogger - 
*************** response log start ***************
request method: GET
request originalUrl:  /css/main.css
request client ip:  ::ffff:127.0.0.1
request query:  {}
response time: 0
response status: 404
response body: 
undefined
*************** response log end ***************

[2018-04-18T10:33:51.125] [INFO] resLogger - 
*************** response log start ***************
request method: GET
request originalUrl:  /favicon.ico
request client ip:  ::ffff:127.0.0.1
request query:  {}
response time: 0
response status: 302
response body: 
"Redirecting to <a href=\"/error/404\">/error/404</a>."
*************** response log end ***************

[2018-04-18T10:33:51.172] [INFO] resLogger - 
*************** response log start ***************
request method: GET
request originalUrl:  /images/Favicon.ico
request client ip:  ::ffff:127.0.0.1
request query:  {}
response time: 0
response status: 404
response body: 
undefined
*************** response log end ***************

[2018-04-18T10:33:51.203] [INFO] resLogger - 
*************** response log start ***************
request method: GET
request originalUrl:  /favicon.ico
request client ip:  ::ffff:127.0.0.1
request query:  {}
response time: 0
response status: 302
response body: 
"Redirecting to <a href=\"/error/404\">/error/404</a>."
*************** response log end ***************

[2018-04-18T10:33:51.203] [INFO] resLogger - 
*************** response log start ***************
request method: GET
request originalUrl:  /images/Favicon.ico
request client ip:  ::ffff:127.0.0.1
request query:  {}
response time: 0
response status: 404
response body: 
undefined
*************** response log end ***************

[2018-04-18T10:33:51.219] [INFO] resLogger - 
*************** response log start ***************
request method: GET
request originalUrl:  /error/404
request client ip:  ::ffff:127.0.0.1
request query:  {}
response time: 0
response status: 200
response body: 
{"_readableState":{"objectMode":false,"highWaterMark":65536,"buffer":{"head":null,"tail":null,"length":0},"length":0,"pipes":null,"pipesCount":0,"flowing":null,"ended":false,"endEmitted":false,"reading":false,"sync":true,"needReadable":false,"emittedReadable":false,"readableListening":false,"resumeScheduled":false,"destroyed":false,"defaultEncoding":"utf8","awaitDrain":0,"readingMore":false,"decoder":null,"encoding":null},"readable":true,"domain":null,"_events":{},"_eventsCount":2,"path":"D:\\work\\liushiyizu\\server\\service\\webApp\\html\\error\\404.html","fd":null,"flags":"r","mode":438,"autoClose":true,"bytesRead":0}
*************** response log end ***************

[2018-04-18T10:34:08.934] [INFO] resLogger - 
*************** response log start ***************
request method: GET
request originalUrl:  /game
request client ip:  ::ffff:127.0.0.1
request query:  {}
response time: 16
response status: 200
response body: 
{"_readableState":{"objectMode":false,"highWaterMark":65536,"buffer":{"head":null,"tail":null,"length":0},"length":0,"pipes":null,"pipesCount":0,"flowing":null,"ended":false,"endEmitted":false,"reading":false,"sync":true,"needReadable":false,"emittedReadable":false,"readableListening":false,"resumeScheduled":false,"destroyed":false,"defaultEncoding":"utf8","awaitDrain":0,"readingMore":false,"decoder":null,"encoding":null},"readable":true,"domain":null,"_events":{},"_eventsCount":2,"path":"D:\\work\\liushiyizu\\server\\service\\webApp\\dist\\html\\game\\index.html","fd":null,"flags":"r","mode":438,"autoClose":true,"bytesRead":0}
*************** response log end ***************

[2018-04-18T10:34:09.624] [INFO] resLogger - 
*************** response log start ***************
request method: GET
request originalUrl:  /img/captcha
request client ip:  ::ffff:127.0.0.1
request query:  {}
response time: 0
response status: 200
response body: 
{"_readableState":{"objectMode":false,"highWaterMark":65536,"buffer":{"head":null,"tail":null,"length":0},"length":0,"pipes":null,"pipesCount":0,"flowing":null,"ended":false,"endEmitted":false,"reading":false,"sync":true,"needReadable":false,"emittedReadable":false,"readableListening":false,"resumeScheduled":false,"destroyed":false,"defaultEncoding":"utf8","awaitDrain":0,"readingMore":false,"decoder":null,"encoding":null},"readable":true,"domain":null,"_events":{},"_eventsCount":2,"path":"D:\\work\\liushiyizu\\server\\service\\webApp\\static\\images\\captcha\\coaines.jpg","fd":null,"flags":"r","mode":438,"autoClose":true,"bytesRead":0}
*************** response log end ***************

[2018-04-18T10:34:09.985] [INFO] resLogger - 
*************** response log start ***************
request method: GET
request originalUrl:  /api/users/checkLogin
request client ip:  ::ffff:127.0.0.1
request query:  {}
response time: 351
response status: 200
response body: 
{"code":0,"message":"success","data":{"id":69,"name":"liu","nickname":"mademadedeni","headImg":"/head/head_1517300344018.jpg","permission":5,"sex":2,"age":26,"phone":"13478905686","email":"123423423@qq.com","address":"北京市海淀区苏州街亿方大厦","signature":"我就是我！每天都要开开心心的！不经历风雨怎能见彩虹。"}}
*************** response log end ***************

[2018-04-18T10:34:14.300] [INFO] resLogger - 
*************** response log start ***************
request method: GET
request originalUrl:  /static/js/game/html5-mario/sounds/1-up.mp3
request client ip:  ::ffff:127.0.0.1
request query:  {}
response time: 0
response status: 404
response body: 
undefined
*************** response log end ***************

[2018-04-18T10:34:14.335] [INFO] resLogger - 
*************** response log start ***************
request method: GET
request originalUrl:  /static/js/game/html5-mario/sounds/breakblock.mp3
request client ip:  ::ffff:127.0.0.1
request query:  {}
response time: 0
response status: 404
response body: 
undefined
*************** response log end ***************

[2018-04-18T10:34:14.341] [INFO] resLogger - 
*************** response log start ***************
request method: GET
request originalUrl:  /static/js/game/html5-mario/sounds/breakblock.mp3
request client ip:  ::ffff:127.0.0.1
request query:  {}
response time: 0
response status: 404
response body: 
undefined
*************** response log end ***************

[2018-04-18T10:34:14.349] [INFO] resLogger - 
*************** response log start ***************
request method: GET
request originalUrl:  /static/js/game/html5-mario/sounds/breakblock.mp3
request client ip:  ::ffff:127.0.0.1
request query:  {}
response time: 0
response status: 404
response body: 
undefined
*************** response log end ***************

[2018-04-18T10:34:14.356] [INFO] resLogger - 
*************** response log start ***************
request method: GET
request originalUrl:  /static/js/game/html5-mario/sounds/bump.mp3
request client ip:  ::ffff:127.0.0.1
request query:  {}
response time: 0
response status: 404
response body: 
undefined
*************** response log end ***************

[2018-04-18T10:34:14.367] [INFO] resLogger - 
*************** response log start ***************
request method: GET
request originalUrl:  /static/js/game/html5-mario/sounds/bump.mp3
request client ip:  ::ffff:127.0.0.1
request query:  {}
response time: 0
response status: 404
response body: 
undefined
*************** response log end ***************

[2018-04-18T10:34:14.379] [INFO] resLogger - 
*************** response log start ***************
request method: GET
request originalUrl:  /static/js/game/html5-mario/sounds/bump.mp3
request client ip:  ::ffff:127.0.0.1
request query:  {}
response time: 0
response status: 404
response body: 
undefined
*************** response log end ***************

[2018-04-18T10:34:14.405] [INFO] resLogger - 
*************** response log start ***************
request method: GET
request originalUrl:  /static/js/game/html5-mario/sounds/bump.mp3
request client ip:  ::ffff:127.0.0.1
request query:  {}
response time: 0
response status: 404
response body: 
undefined
*************** response log end ***************

[2018-04-18T10:34:14.408] [INFO] resLogger - 
*************** response log start ***************
request method: GET
request originalUrl:  /static/js/game/html5-mario/sounds/cannon.mp3
request client ip:  ::ffff:127.0.0.1
request query:  {}
response time: 0
response status: 404
response body: 
undefined
*************** response log end ***************

[2018-04-18T10:34:14.415] [INFO] resLogger - 
*************** response log start ***************
request method: GET
request originalUrl:  /static/js/game/html5-mario/sounds/cannon.mp3
request client ip:  ::ffff:127.0.0.1
request query:  {}
response time: 0
response status: 404
response body: 
undefined
*************** response log end ***************

[2018-04-18T10:34:14.420] [INFO] resLogger - 
*************** response log start ***************
request method: GET
request originalUrl:  /static/js/game/html5-mario/sounds/cannon.mp3
request client ip:  ::ffff:127.0.0.1
request query:  {}
response time: 0
response status: 404
response body: 
undefined
*************** response log end ***************

[2018-04-18T10:34:14.424] [INFO] resLogger - 
*************** response log start ***************
request method: GET
request originalUrl:  /static/js/game/html5-mario/sounds/coin.mp3
request client ip:  ::ffff:127.0.0.1
request query:  {}
response time: 0
response status: 404
response body: 
undefined
*************** response log end ***************

[2018-04-18T10:34:14.452] [INFO] resLogger - 
*************** response log start ***************
request method: GET
request originalUrl:  /static/js/game/html5-mario/sounds/coin.mp3
request client ip:  ::ffff:127.0.0.1
request query:  {}
response time: 0
response status: 404
response body: 
undefined
*************** response log end ***************

[2018-04-18T10:34:14.462] [INFO] resLogger - 
*************** response log start ***************
request method: GET
request originalUrl:  /static/js/game/html5-mario/sounds/coin.mp3
request client ip:  ::ffff:127.0.0.1
request query:  {}
response time: 0
response status: 404
response body: 
undefined
*************** response log end ***************

[2018-04-18T10:34:14.469] [INFO] resLogger - 
*************** response log start ***************
request method: GET
request originalUrl:  /static/js/game/html5-mario/sounds/coin.mp3
request client ip:  ::ffff:127.0.0.1
request query:  {}
response time: 1
response status: 404
response body: 
undefined
*************** response log end ***************

[2018-04-18T10:34:14.474] [INFO] resLogger - 
*************** response log start ***************
request method: GET
request originalUrl:  /static/js/game/html5-mario/sounds/coin.mp3
request client ip:  ::ffff:127.0.0.1
request query:  {}
response time: 0
response status: 404
response body: 
undefined
*************** response log end ***************

[2018-04-18T10:34:14.483] [INFO] resLogger - 
*************** response log start ***************
request method: GET
request originalUrl:  /static/js/game/html5-mario/sounds/death.mp3
request client ip:  ::ffff:127.0.0.1
request query:  {}
response time: 0
response status: 404
response body: 
undefined
*************** response log end ***************

[2018-04-18T10:34:14.489] [INFO] resLogger - 
*************** response log start ***************
request method: GET
request originalUrl:  /static/js/game/html5-mario/sounds/exit.mp3
request client ip:  ::ffff:127.0.0.1
request query:  {}
response time: 0
response status: 404
response body: 
undefined
*************** response log end ***************

[2018-04-18T10:34:14.520] [INFO] resLogger - 
*************** response log start ***************
request method: GET
request originalUrl:  /static/js/game/html5-mario/sounds/fireball.mp3
request client ip:  ::ffff:127.0.0.1
request query:  {}
response time: 0
response status: 404
response body: 
undefined
*************** response log end ***************

[2018-04-18T10:34:14.529] [INFO] resLogger - 
*************** response log start ***************
request method: GET
request originalUrl:  /static/js/game/html5-mario/sounds/jump.mp3
request client ip:  ::ffff:127.0.0.1
request query:  {}
response time: 4
response status: 404
response body: 
undefined
*************** response log end ***************

[2018-04-18T10:34:14.535] [INFO] resLogger - 
*************** response log start ***************
request method: GET
request originalUrl:  /static/js/game/html5-mario/sounds/jump.mp3
request client ip:  ::ffff:127.0.0.1
request query:  {}
response time: 0
response status: 404
response body: 
undefined
*************** response log end ***************

[2018-04-18T10:34:14.539] [INFO] resLogger - 
*************** response log start ***************
request method: GET
request originalUrl:  /static/js/game/html5-mario/sounds/jump.mp3
request client ip:  ::ffff:127.0.0.1
request query:  {}
response time: 0
response status: 404
response body: 
undefined
*************** response log end ***************

[2018-04-18T10:34:14.545] [INFO] resLogger - 
*************** response log start ***************
request method: GET
request originalUrl:  /static/js/game/html5-mario/sounds/kick.mp3
request client ip:  ::ffff:127.0.0.1
request query:  {}
response time: 0
response status: 404
response body: 
undefined
*************** response log end ***************

[2018-04-18T10:34:14.554] [INFO] resLogger - 
*************** response log start ***************
request method: GET
request originalUrl:  /static/js/game/html5-mario/sounds/kick.mp3
request client ip:  ::ffff:127.0.0.1
request query:  {}
response time: 0
response status: 404
response body: 
undefined
*************** response log end ***************

[2018-04-18T10:34:14.583] [INFO] resLogger - 
*************** response log start ***************
request method: GET
request originalUrl:  /static/js/game/html5-mario/sounds/kick.mp3
request client ip:  ::ffff:127.0.0.1
request query:  {}
response time: 0
response status: 404
response body: 
undefined
*************** response log end ***************

[2018-04-18T10:34:14.587] [INFO] resLogger - 
*************** response log start ***************
request method: GET
request originalUrl:  /static/js/game/html5-mario/sounds/pipe.mp3
request client ip:  ::ffff:127.0.0.1
request query:  {}
response time: 0
response status: 404
response body: 
undefined
*************** response log end ***************

[2018-04-18T10:34:14.594] [INFO] resLogger - 
*************** response log start ***************
request method: GET
request originalUrl:  /static/js/game/html5-mario/sounds/powerdown.mp3
request client ip:  ::ffff:127.0.0.1
request query:  {}
response time: 0
response status: 404
response body: 
undefined
*************** response log end ***************

[2018-04-18T10:34:14.598] [INFO] resLogger - 
*************** response log start ***************
request method: GET
request originalUrl:  /static/js/game/html5-mario/sounds/powerup.mp3
request client ip:  ::ffff:127.0.0.1
request query:  {}
response time: 0
response status: 404
response body: 
undefined
*************** response log end ***************

[2018-04-18T10:34:14.603] [INFO] resLogger - 
*************** response log start ***************
request method: GET
request originalUrl:  /static/js/game/html5-mario/sounds/sprout.mp3
request client ip:  ::ffff:127.0.0.1
request query:  {}
response time: 0
response status: 404
response body: 
undefined
*************** response log end ***************

[2018-04-18T10:34:14.612] [INFO] resLogger - 
*************** response log start ***************
request method: GET
request originalUrl:  /static/js/game/html5-mario/sounds/stagestart.mp3
request client ip:  ::ffff:127.0.0.1
request query:  {}
response time: 0
response status: 404
response body: 
undefined
*************** response log end ***************

[2018-04-18T10:34:14.624] [INFO] resLogger - 
*************** response log start ***************
request method: GET
request originalUrl:  /static/js/game/html5-mario/sounds/stomp.mp3
request client ip:  ::ffff:127.0.0.1
request query:  {}
response time: 0
response status: 404
response body: 
undefined
*************** response log end ***************

[2018-04-18T10:34:14.630] [INFO] resLogger - 
*************** response log start ***************
request method: GET
request originalUrl:  /static/js/game/html5-mario/sounds/stomp.mp3
request client ip:  ::ffff:127.0.0.1
request query:  {}
response time: 0
response status: 404
response body: 
undefined
*************** response log end ***************

[2018-04-18T10:34:15.037] [INFO] resLogger - 
*************** response log start ***************
request method: GET
request originalUrl:  /static/js/game/html5-mario/favicon.png
request client ip:  ::ffff:127.0.0.1
request query:  {}
response time: 0
response status: 404
response body: 
undefined
*************** response log end ***************

[2018-04-18T10:49:17.968] [INFO] resLogger - 
*************** response log start ***************
request method: GET
request originalUrl:  /game
request client ip:  ::ffff:127.0.0.1
request query:  {}
response time: 5
response status: 200
response body: 
{"_readableState":{"objectMode":false,"highWaterMark":65536,"buffer":{"head":null,"tail":null,"length":0},"length":0,"pipes":null,"pipesCount":0,"flowing":null,"ended":false,"endEmitted":false,"reading":false,"sync":true,"needReadable":false,"emittedReadable":false,"readableListening":false,"resumeScheduled":false,"destroyed":false,"defaultEncoding":"utf8","awaitDrain":0,"readingMore":false,"decoder":null,"encoding":null},"readable":true,"domain":null,"_events":{},"_eventsCount":2,"path":"D:\\work\\liushiyizu\\server\\service\\webApp\\dist\\html\\game\\index.html","fd":null,"flags":"r","mode":438,"autoClose":true,"bytesRead":0}
*************** response log end ***************

[2018-04-18T10:49:17.973] [INFO] resLogger - 
*************** response log start ***************
request method: GET
request originalUrl:  /game
request client ip:  ::ffff:127.0.0.1
request query:  {}
response time: 8
response status: 200
response body: 
{"_readableState":{"objectMode":false,"highWaterMark":65536,"buffer":{"head":null,"tail":null,"length":0},"length":0,"pipes":null,"pipesCount":0,"flowing":null,"ended":false,"endEmitted":false,"reading":false,"sync":true,"needReadable":false,"emittedReadable":false,"readableListening":false,"resumeScheduled":false,"destroyed":false,"defaultEncoding":"utf8","awaitDrain":0,"readingMore":false,"decoder":null,"encoding":null},"readable":true,"domain":null,"_events":{},"_eventsCount":2,"path":"D:\\work\\liushiyizu\\server\\service\\webApp\\dist\\html\\game\\index.html","fd":null,"flags":"r","mode":438,"autoClose":true,"bytesRead":0}
*************** response log end ***************

[2018-04-18T10:49:17.974] [INFO] resLogger - 
*************** response log start ***************
request method: GET
request originalUrl:  /
request client ip:  ::ffff:127.0.0.1
request query:  {}
response time: 9
response status: 200
response body: 
{"_readableState":{"objectMode":false,"highWaterMark":65536,"buffer":{"head":null,"tail":null,"length":0},"length":0,"pipes":null,"pipesCount":0,"flowing":null,"ended":false,"endEmitted":false,"reading":false,"sync":true,"needReadable":false,"emittedReadable":false,"readableListening":false,"resumeScheduled":false,"destroyed":false,"defaultEncoding":"utf8","awaitDrain":0,"readingMore":false,"decoder":null,"encoding":null},"readable":true,"domain":null,"_events":{},"_eventsCount":2,"path":"D:\\work\\liushiyizu\\server\\service\\webApp\\dist\\html\\index.html","fd":null,"flags":"r","mode":438,"autoClose":true,"bytesRead":0}
*************** response log end ***************

[2018-04-18T10:49:18.374] [INFO] resLogger - 
*************** response log start ***************
request method: GET
request originalUrl:  /img/captcha
request client ip:  ::ffff:127.0.0.1
request query:  {}
response time: 1
response status: 200
response body: 
{"_readableState":{"objectMode":false,"highWaterMark":65536,"buffer":{"head":null,"tail":null,"length":0},"length":0,"pipes":null,"pipesCount":0,"flowing":null,"ended":false,"endEmitted":false,"reading":false,"sync":true,"needReadable":false,"emittedReadable":false,"readableListening":false,"resumeScheduled":false,"destroyed":false,"defaultEncoding":"utf8","awaitDrain":0,"readingMore":false,"decoder":null,"encoding":null},"readable":true,"domain":null,"_events":{},"_eventsCount":2,"path":"D:\\work\\liushiyizu\\server\\service\\webApp\\static\\images\\captcha\\sunding.jpg","fd":null,"flags":"r","mode":438,"autoClose":true,"bytesRead":0}
*************** response log end ***************

[2018-04-18T10:49:19.045] [INFO] resLogger - 
*************** response log start ***************
request method: GET
request originalUrl:  /api/users/checkLogin
request client ip:  ::ffff:127.0.0.1
request query:  {}
response time: 656
response status: 200
response body: 
{"code":0,"message":"success","data":{"id":69,"name":"liu","nickname":"mademadedeni","headImg":"/head/head_1517300344018.jpg","permission":5,"sex":2,"age":26,"phone":"13478905686","email":"123423423@qq.com","address":"北京市海淀区苏州街亿方大厦","signature":"我就是我！每天都要开开心心的！不经历风雨怎能见彩虹。"}}
*************** response log end ***************

[2018-04-18T10:49:22.172] [INFO] resLogger - 
*************** response log start ***************
request method: GET
request originalUrl:  /article
request client ip:  ::ffff:127.0.0.1
request query:  {}
response time: 4
response status: 302
response body: 
"Redirecting to <a href=\"/error/404\">/error/404</a>."
*************** response log end ***************

[2018-04-18T10:49:22.189] [INFO] resLogger - 
*************** response log start ***************
request method: GET
request originalUrl:  /error/404
request client ip:  ::ffff:127.0.0.1
request query:  {}
response time: 2
response status: 200
response body: 
{"_readableState":{"objectMode":false,"highWaterMark":65536,"buffer":{"head":null,"tail":null,"length":0},"length":0,"pipes":null,"pipesCount":0,"flowing":null,"ended":false,"endEmitted":false,"reading":false,"sync":true,"needReadable":false,"emittedReadable":false,"readableListening":false,"resumeScheduled":false,"destroyed":false,"defaultEncoding":"utf8","awaitDrain":0,"readingMore":false,"decoder":null,"encoding":null},"readable":true,"domain":null,"_events":{},"_eventsCount":2,"path":"D:\\work\\liushiyizu\\server\\service\\webApp\\html\\error\\404.html","fd":null,"flags":"r","mode":438,"autoClose":true,"bytesRead":0}
*************** response log end ***************

[2018-04-18T10:49:22.325] [INFO] resLogger - 
*************** response log start ***************
request method: GET
request originalUrl:  /css/common.css
request client ip:  ::ffff:127.0.0.1
request query:  {}
response time: 0
response status: 404
response body: 
undefined
*************** response log end ***************

[2018-04-18T10:49:22.329] [INFO] resLogger - 
*************** response log start ***************
request method: GET
request originalUrl:  /css/main.css
request client ip:  ::ffff:127.0.0.1
request query:  {}
response time: 0
response status: 404
response body: 
undefined
*************** response log end ***************

[2018-04-18T10:51:30.625] [INFO] resLogger - 
*************** response log start ***************
request method: GET
request originalUrl:  /article
request client ip:  ::ffff:127.0.0.1
request query:  {}
response time: 1
response status: 302
response body: 
"Redirecting to <a href=\"/error/404\">/error/404</a>."
*************** response log end ***************

[2018-04-18T10:51:30.670] [INFO] resLogger - 
*************** response log start ***************
request method: GET
request originalUrl:  /error/404
request client ip:  ::ffff:127.0.0.1
request query:  {}
response time: 2
response status: 200
response body: 
{"_readableState":{"objectMode":false,"highWaterMark":65536,"buffer":{"head":null,"tail":null,"length":0},"length":0,"pipes":null,"pipesCount":0,"flowing":null,"ended":false,"endEmitted":false,"reading":false,"sync":true,"needReadable":false,"emittedReadable":false,"readableListening":false,"resumeScheduled":false,"destroyed":false,"defaultEncoding":"utf8","awaitDrain":0,"readingMore":false,"decoder":null,"encoding":null},"readable":true,"domain":null,"_events":{},"_eventsCount":2,"path":"D:\\work\\liushiyizu\\server\\service\\webApp\\html\\error\\404.html","fd":null,"flags":"r","mode":438,"autoClose":true,"bytesRead":0}
*************** response log end ***************

[2018-04-18T10:51:30.751] [INFO] resLogger - 
*************** response log start ***************
request method: GET
request originalUrl:  /css/common.css
request client ip:  ::ffff:127.0.0.1
request query:  {}
response time: 0
response status: 404
response body: 
undefined
*************** response log end ***************

[2018-04-18T10:51:30.756] [INFO] resLogger - 
*************** response log start ***************
request method: GET
request originalUrl:  /css/main.css
request client ip:  ::ffff:127.0.0.1
request query:  {}
response time: 1
response status: 404
response body: 
undefined
*************** response log end ***************

[2018-04-18T10:59:09.881] [INFO] resLogger - 
*************** response log start ***************
request method: GET
request originalUrl:  /
request client ip:  ::ffff:127.0.0.1
request query:  {}
response time: 3
response status: 200
response body: 
{"_readableState":{"objectMode":false,"highWaterMark":65536,"buffer":{"head":null,"tail":null,"length":0},"length":0,"pipes":null,"pipesCount":0,"flowing":null,"ended":false,"endEmitted":false,"reading":false,"sync":true,"needReadable":false,"emittedReadable":false,"readableListening":false,"resumeScheduled":false,"destroyed":false,"defaultEncoding":"utf8","awaitDrain":0,"readingMore":false,"decoder":null,"encoding":null},"readable":true,"domain":null,"_events":{},"_eventsCount":2,"path":"D:\\work\\liushiyizu\\server\\service\\webApp\\dist\\html\\index.html","fd":null,"flags":"r","mode":438,"autoClose":true,"bytesRead":0}
*************** response log end ***************

[2018-04-18T11:29:16.660] [INFO] resLogger - 
*************** response log start ***************
request method: GET
request originalUrl:  /
request client ip:  ::ffff:127.0.0.1
request query:  {}
response time: 5
response status: 200
response body: 
{"_readableState":{"objectMode":false,"highWaterMark":65536,"buffer":{"head":null,"tail":null,"length":0},"length":0,"pipes":null,"pipesCount":0,"flowing":null,"ended":false,"endEmitted":false,"reading":false,"sync":true,"needReadable":false,"emittedReadable":false,"readableListening":false,"resumeScheduled":false,"destroyed":false,"defaultEncoding":"utf8","awaitDrain":0,"readingMore":false,"decoder":null,"encoding":null},"readable":true,"domain":null,"_events":{},"_eventsCount":2,"path":"D:\\work\\liushiyizu\\server\\service\\webApp\\dist\\html\\index.html","fd":null,"flags":"r","mode":438,"autoClose":true,"bytesRead":0}
*************** response log end ***************

[2018-04-18T11:29:17.211] [INFO] resLogger - 
*************** response log start ***************
request method: GET
request originalUrl:  /img/captcha
request client ip:  ::ffff:127.0.0.1
request query:  {}
response time: 3
response status: 200
response body: 
{"_readableState":{"objectMode":false,"highWaterMark":65536,"buffer":{"head":null,"tail":null,"length":0},"length":0,"pipes":null,"pipesCount":0,"flowing":null,"ended":false,"endEmitted":false,"reading":false,"sync":true,"needReadable":false,"emittedReadable":false,"readableListening":false,"resumeScheduled":false,"destroyed":false,"defaultEncoding":"utf8","awaitDrain":0,"readingMore":false,"decoder":null,"encoding":null},"readable":true,"domain":null,"_events":{},"_eventsCount":2,"path":"D:\\work\\liushiyizu\\server\\service\\webApp\\static\\images\\captcha\\coaines.jpg","fd":null,"flags":"r","mode":438,"autoClose":true,"bytesRead":0}
*************** response log end ***************

[2018-04-18T11:29:18.002] [INFO] resLogger - 
*************** response log start ***************
request method: GET
request originalUrl:  /api/users/checkLogin
request client ip:  ::ffff:127.0.0.1
request query:  {}
response time: 787
response status: 200
response body: 
{"code":0,"message":"success","data":{"id":69,"name":"liu","nickname":"mademadedeni","headImg":"/head/head_1517300344018.jpg","permission":5,"sex":2,"age":26,"phone":"13478905686","email":"123423423@qq.com","address":"北京市海淀区苏州街亿方大厦","signature":"我就是我！每天都要开开心心的！不经历风雨怎能见彩虹。"}}
*************** response log end ***************

[2018-04-18T11:30:04.110] [INFO] resLogger - 
*************** response log start ***************
request method: GET
request originalUrl:  /
request client ip:  ::ffff:127.0.0.1
request query:  {}
response time: 1
response status: 200
response body: 
{"_readableState":{"objectMode":false,"highWaterMark":65536,"buffer":{"head":null,"tail":null,"length":0},"length":0,"pipes":null,"pipesCount":0,"flowing":null,"ended":false,"endEmitted":false,"reading":false,"sync":true,"needReadable":false,"emittedReadable":false,"readableListening":false,"resumeScheduled":false,"destroyed":false,"defaultEncoding":"utf8","awaitDrain":0,"readingMore":false,"decoder":null,"encoding":null},"readable":true,"domain":null,"_events":{},"_eventsCount":2,"path":"D:\\work\\liushiyizu\\server\\service\\webApp\\dist\\html\\index.html","fd":null,"flags":"r","mode":438,"autoClose":true,"bytesRead":0}
*************** response log end ***************

[2018-04-18T11:30:04.526] [INFO] resLogger - 
*************** response log start ***************
request method: GET
request originalUrl:  /img/captcha
request client ip:  ::ffff:127.0.0.1
request query:  {}
response time: 1
response status: 200
response body: 
{"_readableState":{"objectMode":false,"highWaterMark":65536,"buffer":{"head":null,"tail":null,"length":0},"length":0,"pipes":null,"pipesCount":0,"flowing":null,"ended":false,"endEmitted":false,"reading":false,"sync":true,"needReadable":false,"emittedReadable":false,"readableListening":false,"resumeScheduled":false,"destroyed":false,"defaultEncoding":"utf8","awaitDrain":0,"readingMore":false,"decoder":null,"encoding":null},"readable":true,"domain":null,"_events":{},"_eventsCount":2,"path":"D:\\work\\liushiyizu\\server\\service\\webApp\\static\\images\\captcha\\lauding.jpg","fd":null,"flags":"r","mode":438,"autoClose":true,"bytesRead":0}
*************** response log end ***************

[2018-04-18T11:30:04.946] [INFO] resLogger - 
*************** response log start ***************
request method: GET
request originalUrl:  /api/users/checkLogin
request client ip:  ::ffff:127.0.0.1
request query:  {}
response time: 402
response status: 200
response body: 
{"code":0,"message":"success","data":{"id":69,"name":"liu","nickname":"mademadedeni","headImg":"/head/head_1517300344018.jpg","permission":5,"sex":2,"age":26,"phone":"13478905686","email":"123423423@qq.com","address":"北京市海淀区苏州街亿方大厦","signature":"我就是我！每天都要开开心心的！不经历风雨怎能见彩虹。"}}
*************** response log end ***************

[2018-04-18T11:30:20.155] [INFO] resLogger - 
*************** response log start ***************
request method: GET
request originalUrl:  /api/users/exit
request client ip:  ::ffff:127.0.0.1
request query:  {}
response time: 1
response status: 200
response body: 
{"code":0,"message":"success"}
*************** response log end ***************

[2018-04-18T11:30:20.170] [INFO] resLogger - 
*************** response log start ***************
request method: GET
request originalUrl:  /api/users/exit
request client ip:  ::ffff:127.0.0.1
request query:  {}
response time: 1
response status: 200
response body: 
{"code":0,"message":"success"}
*************** response log end ***************

[2018-04-18T11:30:20.240] [INFO] resLogger - 
*************** response log start ***************
request method: GET
request originalUrl:  /
request client ip:  ::ffff:127.0.0.1
request query:  {}
response time: 1
response status: 200
response body: 
{"_readableState":{"objectMode":false,"highWaterMark":65536,"buffer":{"head":null,"tail":null,"length":0},"length":0,"pipes":null,"pipesCount":0,"flowing":null,"ended":false,"endEmitted":false,"reading":false,"sync":true,"needReadable":false,"emittedReadable":false,"readableListening":false,"resumeScheduled":false,"destroyed":false,"defaultEncoding":"utf8","awaitDrain":0,"readingMore":false,"decoder":null,"encoding":null},"readable":true,"domain":null,"_events":{},"_eventsCount":2,"path":"D:\\work\\liushiyizu\\server\\service\\webApp\\dist\\html\\index.html","fd":null,"flags":"r","mode":438,"autoClose":true,"bytesRead":0}
*************** response log end ***************

[2018-04-18T11:30:20.659] [INFO] resLogger - 
*************** response log start ***************
request method: GET
request originalUrl:  /img/captcha
request client ip:  ::ffff:127.0.0.1
request query:  {}
response time: 1
response status: 200
response body: 
{"_readableState":{"objectMode":false,"highWaterMark":65536,"buffer":{"head":null,"tail":null,"length":0},"length":0,"pipes":null,"pipesCount":0,"flowing":null,"ended":false,"endEmitted":false,"reading":false,"sync":true,"needReadable":false,"emittedReadable":false,"readableListening":false,"resumeScheduled":false,"destroyed":false,"defaultEncoding":"utf8","awaitDrain":0,"readingMore":false,"decoder":null,"encoding":null},"readable":true,"domain":null,"_events":{},"_eventsCount":2,"path":"D:\\work\\liushiyizu\\server\\service\\webApp\\static\\images\\captcha\\coaines.jpg","fd":null,"flags":"r","mode":438,"autoClose":true,"bytesRead":0}
*************** response log end ***************

[2018-04-18T11:30:20.661] [INFO] resLogger - 
*************** response log start ***************
request method: GET
request originalUrl:  /api/users/checkLogin
request client ip:  ::ffff:127.0.0.1
request query:  {}
response time: 0
response status: 200
response body: 
{"code":0,"message":"not login"}
*************** response log end ***************

[2018-04-18T11:33:17.273] [INFO] resLogger - 
*************** response log start ***************
request method: GET
request originalUrl:  /
request client ip:  ::ffff:127.0.0.1
request query:  {}
response time: 1
response status: 200
response body: 
{"_readableState":{"objectMode":false,"highWaterMark":65536,"buffer":{"head":null,"tail":null,"length":0},"length":0,"pipes":null,"pipesCount":0,"flowing":null,"ended":false,"endEmitted":false,"reading":false,"sync":true,"needReadable":false,"emittedReadable":false,"readableListening":false,"resumeScheduled":false,"destroyed":false,"defaultEncoding":"utf8","awaitDrain":0,"readingMore":false,"decoder":null,"encoding":null},"readable":true,"domain":null,"_events":{},"_eventsCount":2,"path":"D:\\work\\liushiyizu\\server\\service\\webApp\\dist\\html\\index.html","fd":null,"flags":"r","mode":438,"autoClose":true,"bytesRead":0}
*************** response log end ***************

[2018-04-18T11:33:17.700] [INFO] resLogger - 
*************** response log start ***************
request method: GET
request originalUrl:  /img/captcha
request client ip:  ::ffff:127.0.0.1
request query:  {}
response time: 2
response status: 200
response body: 
{"_readableState":{"objectMode":false,"highWaterMark":65536,"buffer":{"head":null,"tail":null,"length":0},"length":0,"pipes":null,"pipesCount":0,"flowing":null,"ended":false,"endEmitted":false,"reading":false,"sync":true,"needReadable":false,"emittedReadable":false,"readableListening":false,"resumeScheduled":false,"destroyed":false,"defaultEncoding":"utf8","awaitDrain":0,"readingMore":false,"decoder":null,"encoding":null},"readable":true,"domain":null,"_events":{},"_eventsCount":2,"path":"D:\\work\\liushiyizu\\server\\service\\webApp\\static\\images\\captcha\\angaly.jpg","fd":null,"flags":"r","mode":438,"autoClose":true,"bytesRead":0}
*************** response log end ***************

[2018-04-18T11:33:17.710] [INFO] resLogger - 
*************** response log start ***************
request method: GET
request originalUrl:  /api/users/checkLogin
request client ip:  ::ffff:127.0.0.1
request query:  {}
response time: 1
response status: 200
response body: 
{"code":0,"message":"not login"}
*************** response log end ***************

[2018-04-18T11:37:02.652] [INFO] resLogger - 
*************** response log start ***************
request method: GET
request originalUrl:  /
request client ip:  ::ffff:127.0.0.1
request query:  {}
response time: 2
response status: 200
response body: 
{"_readableState":{"objectMode":false,"highWaterMark":65536,"buffer":{"head":null,"tail":null,"length":0},"length":0,"pipes":null,"pipesCount":0,"flowing":null,"ended":false,"endEmitted":false,"reading":false,"sync":true,"needReadable":false,"emittedReadable":false,"readableListening":false,"resumeScheduled":false,"destroyed":false,"defaultEncoding":"utf8","awaitDrain":0,"readingMore":false,"decoder":null,"encoding":null},"readable":true,"domain":null,"_events":{},"_eventsCount":2,"path":"D:\\work\\liushiyizu\\server\\service\\webApp\\dist\\html\\index.html","fd":null,"flags":"r","mode":438,"autoClose":true,"bytesRead":0}
*************** response log end ***************

[2018-04-18T11:37:03.100] [INFO] resLogger - 
*************** response log start ***************
request method: GET
request originalUrl:  /img/captcha
request client ip:  ::ffff:127.0.0.1
request query:  {}
response time: 1
response status: 200
response body: 
{"_readableState":{"objectMode":false,"highWaterMark":65536,"buffer":{"head":null,"tail":null,"length":0},"length":0,"pipes":null,"pipesCount":0,"flowing":null,"ended":false,"endEmitted":false,"reading":false,"sync":true,"needReadable":false,"emittedReadable":false,"readableListening":false,"resumeScheduled":false,"destroyed":false,"defaultEncoding":"utf8","awaitDrain":0,"readingMore":false,"decoder":null,"encoding":null},"readable":true,"domain":null,"_events":{},"_eventsCount":2,"path":"D:\\work\\liushiyizu\\server\\service\\webApp\\static\\images\\captcha\\coaines.jpg","fd":null,"flags":"r","mode":438,"autoClose":true,"bytesRead":0}
*************** response log end ***************

[2018-04-18T11:37:03.101] [INFO] resLogger - 
*************** response log start ***************
request method: GET
request originalUrl:  /api/users/checkLogin
request client ip:  ::ffff:127.0.0.1
request query:  {}
response time: 0
response status: 200
response body: 
{"code":0,"message":"not login"}
*************** response log end ***************

[2018-04-18T13:23:05.672] [INFO] resLogger - 
*************** response log start ***************
request method: GET
request originalUrl:  /
request client ip:  ::ffff:127.0.0.1
request query:  {}
response time: 4
response status: 200
response body: 
{"_readableState":{"objectMode":false,"highWaterMark":65536,"buffer":{"head":null,"tail":null,"length":0},"length":0,"pipes":null,"pipesCount":0,"flowing":null,"ended":false,"endEmitted":false,"reading":false,"sync":true,"needReadable":false,"emittedReadable":false,"readableListening":false,"resumeScheduled":false,"destroyed":false,"defaultEncoding":"utf8","awaitDrain":0,"readingMore":false,"decoder":null,"encoding":null},"readable":true,"domain":null,"_events":{},"_eventsCount":2,"path":"D:\\work\\liushiyizu\\server\\service\\webApp\\dist\\html\\index.html","fd":null,"flags":"r","mode":438,"autoClose":true,"bytesRead":0}
*************** response log end ***************

[2018-04-18T13:23:06.126] [INFO] resLogger - 
*************** response log start ***************
request method: GET
request originalUrl:  /img/captcha
request client ip:  ::ffff:127.0.0.1
request query:  {}
response time: 3
response status: 200
response body: 
{"_readableState":{"objectMode":false,"highWaterMark":65536,"buffer":{"head":null,"tail":null,"length":0},"length":0,"pipes":null,"pipesCount":0,"flowing":null,"ended":false,"endEmitted":false,"reading":false,"sync":true,"needReadable":false,"emittedReadable":false,"readableListening":false,"resumeScheduled":false,"destroyed":false,"defaultEncoding":"utf8","awaitDrain":0,"readingMore":false,"decoder":null,"encoding":null},"readable":true,"domain":null,"_events":{},"_eventsCount":2,"path":"D:\\work\\liushiyizu\\server\\service\\webApp\\static\\images\\captcha\\detler.jpg","fd":null,"flags":"r","mode":438,"autoClose":true,"bytesRead":0}
*************** response log end ***************

[2018-04-18T13:23:06.143] [INFO] resLogger - 
*************** response log start ***************
request method: GET
request originalUrl:  /api/users/checkLogin
request client ip:  ::ffff:127.0.0.1
request query:  {}
response time: 1
response status: 200
response body: 
{"code":0,"message":"not login"}
*************** response log end ***************

[2018-04-18T13:23:24.800] [INFO] resLogger - 
*************** response log start ***************
request method: GET
request originalUrl:  /article
request client ip:  ::ffff:127.0.0.1
request query:  {}
response time: 11
response status: 302
response body: 
"Redirecting to <a href=\"/error/404\">/error/404</a>."
*************** response log end ***************

[2018-04-18T13:23:24.840] [INFO] resLogger - 
*************** response log start ***************
request method: GET
request originalUrl:  /error/404
request client ip:  ::ffff:127.0.0.1
request query:  {}
response time: 2
response status: 200
response body: 
{"_readableState":{"objectMode":false,"highWaterMark":65536,"buffer":{"head":null,"tail":null,"length":0},"length":0,"pipes":null,"pipesCount":0,"flowing":null,"ended":false,"endEmitted":false,"reading":false,"sync":true,"needReadable":false,"emittedReadable":false,"readableListening":false,"resumeScheduled":false,"destroyed":false,"defaultEncoding":"utf8","awaitDrain":0,"readingMore":false,"decoder":null,"encoding":null},"readable":true,"domain":null,"_events":{},"_eventsCount":2,"path":"D:\\work\\liushiyizu\\server\\service\\webApp\\html\\error\\404.html","fd":null,"flags":"r","mode":438,"autoClose":true,"bytesRead":0}
*************** response log end ***************

[2018-04-18T13:23:24.921] [INFO] resLogger - 
*************** response log start ***************
request method: GET
request originalUrl:  /css/common.css
request client ip:  ::ffff:127.0.0.1
request query:  {}
response time: 0
response status: 404
response body: 
undefined
*************** response log end ***************

[2018-04-18T13:23:24.926] [INFO] resLogger - 
*************** response log start ***************
request method: GET
request originalUrl:  /css/main.css
request client ip:  ::ffff:127.0.0.1
request query:  {}
response time: 1
response status: 404
response body: 
undefined
*************** response log end ***************

[2018-04-18T13:25:37.822] [INFO] resLogger - 
*************** response log start ***************
request method: GET
request originalUrl:  /
request client ip:  ::ffff:127.0.0.1
request query:  {}
response time: 2
response status: 200
response body: 
{"_readableState":{"objectMode":false,"highWaterMark":65536,"buffer":{"head":null,"tail":null,"length":0},"length":0,"pipes":null,"pipesCount":0,"flowing":null,"ended":false,"endEmitted":false,"reading":false,"sync":true,"needReadable":false,"emittedReadable":false,"readableListening":false,"resumeScheduled":false,"destroyed":false,"defaultEncoding":"utf8","awaitDrain":0,"readingMore":false,"decoder":null,"encoding":null},"readable":true,"domain":null,"_events":{},"_eventsCount":2,"path":"D:\\work\\liushiyizu\\server\\service\\webApp\\dist\\html\\index.html","fd":null,"flags":"r","mode":438,"autoClose":true,"bytesRead":0}
*************** response log end ***************

[2018-04-18T13:25:38.247] [INFO] resLogger - 
*************** response log start ***************
request method: GET
request originalUrl:  /img/captcha
request client ip:  ::ffff:127.0.0.1
request query:  {}
response time: 1
response status: 200
response body: 
{"_readableState":{"objectMode":false,"highWaterMark":65536,"buffer":{"head":null,"tail":null,"length":0},"length":0,"pipes":null,"pipesCount":0,"flowing":null,"ended":false,"endEmitted":false,"reading":false,"sync":true,"needReadable":false,"emittedReadable":false,"readableListening":false,"resumeScheduled":false,"destroyed":false,"defaultEncoding":"utf8","awaitDrain":0,"readingMore":false,"decoder":null,"encoding":null},"readable":true,"domain":null,"_events":{},"_eventsCount":2,"path":"D:\\work\\liushiyizu\\server\\service\\webApp\\static\\images\\captcha\\lauding.jpg","fd":null,"flags":"r","mode":438,"autoClose":true,"bytesRead":0}
*************** response log end ***************

[2018-04-18T13:25:38.256] [INFO] resLogger - 
*************** response log start ***************
request method: GET
request originalUrl:  /api/users/checkLogin
request client ip:  ::ffff:127.0.0.1
request query:  {}
response time: 1
response status: 200
response body: 
{"code":0,"message":"not login"}
*************** response log end ***************

[2018-04-18T13:25:40.384] [INFO] resLogger - 
*************** response log start ***************
request method: GET
request originalUrl:  /article
request client ip:  ::ffff:127.0.0.1
request query:  {}
response time: 1
response status: 302
response body: 
"Redirecting to <a href=\"/error/404\">/error/404</a>."
*************** response log end ***************

[2018-04-18T13:25:40.399] [INFO] resLogger - 
*************** response log start ***************
request method: GET
request originalUrl:  /error/404
request client ip:  ::ffff:127.0.0.1
request query:  {}
response time: 1
response status: 200
response body: 
{"_readableState":{"objectMode":false,"highWaterMark":65536,"buffer":{"head":null,"tail":null,"length":0},"length":0,"pipes":null,"pipesCount":0,"flowing":null,"ended":false,"endEmitted":false,"reading":false,"sync":true,"needReadable":false,"emittedReadable":false,"readableListening":false,"resumeScheduled":false,"destroyed":false,"defaultEncoding":"utf8","awaitDrain":0,"readingMore":false,"decoder":null,"encoding":null},"readable":true,"domain":null,"_events":{},"_eventsCount":2,"path":"D:\\work\\liushiyizu\\server\\service\\webApp\\html\\error\\404.html","fd":null,"flags":"r","mode":438,"autoClose":true,"bytesRead":0}
*************** response log end ***************

[2018-04-18T13:25:40.470] [INFO] resLogger - 
*************** response log start ***************
request method: GET
request originalUrl:  /css/common.css
request client ip:  ::ffff:127.0.0.1
request query:  {}
response time: 0
response status: 404
response body: 
undefined
*************** response log end ***************

[2018-04-18T13:25:40.477] [INFO] resLogger - 
*************** response log start ***************
request method: GET
request originalUrl:  /css/main.css
request client ip:  ::ffff:127.0.0.1
request query:  {}
response time: 0
response status: 404
response body: 
undefined
*************** response log end ***************

[2018-04-18T13:31:18.437] [INFO] resLogger - 
*************** response log start ***************
request method: GET
request originalUrl:  /robots.txt
request client ip:  ::ffff:127.0.0.1
request query:  {}
response time: 4
response status: 302
response body: 
"Redirecting to <a href=\"/error/404\">/error/404</a>."
*************** response log end ***************

[2018-04-18T13:31:18.454] [INFO] resLogger - 
*************** response log start ***************
request method: GET
request originalUrl:  /
request client ip:  ::ffff:127.0.0.1
request query:  {}
response time: 7
response status: 200
response body: 
{"_readableState":{"objectMode":false,"highWaterMark":65536,"buffer":{"head":null,"tail":null,"length":0},"length":0,"pipes":null,"pipesCount":0,"flowing":null,"ended":false,"endEmitted":false,"reading":false,"sync":true,"needReadable":false,"emittedReadable":false,"readableListening":false,"resumeScheduled":false,"destroyed":false,"defaultEncoding":"utf8","awaitDrain":0,"readingMore":false,"decoder":null,"encoding":null},"readable":true,"domain":null,"_events":{},"_eventsCount":2,"path":"D:\\work\\liushiyizu\\server\\service\\webApp\\dist\\html\\index.html","fd":null,"flags":"r","mode":438,"autoClose":true,"bytesRead":0}
*************** response log end ***************

[2018-04-18T13:31:18.463] [INFO] resLogger - 
*************** response log start ***************
request method: GET
request originalUrl:  /error/404
request client ip:  ::ffff:127.0.0.1
request query:  {}
response time: 7
response status: 200
response body: 
{"_readableState":{"objectMode":false,"highWaterMark":65536,"buffer":{"head":null,"tail":null,"length":0},"length":0,"pipes":null,"pipesCount":0,"flowing":null,"ended":false,"endEmitted":false,"reading":false,"sync":true,"needReadable":false,"emittedReadable":false,"readableListening":false,"resumeScheduled":false,"destroyed":false,"defaultEncoding":"utf8","awaitDrain":0,"readingMore":false,"decoder":null,"encoding":null},"readable":true,"domain":null,"_events":{},"_eventsCount":2,"path":"D:\\work\\liushiyizu\\server\\service\\webApp\\html\\error\\404.html","fd":null,"flags":"r","mode":438,"autoClose":true,"bytesRead":0}
*************** response log end ***************

[2018-04-18T13:31:18.874] [INFO] resLogger - 
*************** response log start ***************
request method: GET
request originalUrl:  /img/captcha
request client ip:  ::ffff:127.0.0.1
request query:  {}
response time: 2
response status: 200
response body: 
{"_readableState":{"objectMode":false,"highWaterMark":65536,"buffer":{"head":null,"tail":null,"length":0},"length":0,"pipes":null,"pipesCount":0,"flowing":null,"ended":false,"endEmitted":false,"reading":false,"sync":true,"needReadable":false,"emittedReadable":false,"readableListening":false,"resumeScheduled":false,"destroyed":false,"defaultEncoding":"utf8","awaitDrain":0,"readingMore":false,"decoder":null,"encoding":null},"readable":true,"domain":null,"_events":{},"_eventsCount":2,"path":"D:\\work\\liushiyizu\\server\\service\\webApp\\static\\images\\captcha\\coaines.jpg","fd":null,"flags":"r","mode":438,"autoClose":true,"bytesRead":0}
*************** response log end ***************

[2018-04-18T13:31:18.895] [INFO] resLogger - 
*************** response log start ***************
request method: GET
request originalUrl:  /api/users/checkLogin
request client ip:  ::ffff:127.0.0.1
request query:  {}
response time: 2
response status: 200
response body: 
{"code":0,"message":"not login"}
*************** response log end ***************

[2018-04-18T13:31:23.113] [INFO] resLogger - 
*************** response log start ***************
request method: GET
request originalUrl:  /article
request client ip:  ::ffff:127.0.0.1
request query:  {}
response time: 1
response status: 302
response body: 
"Redirecting to <a href=\"/error/404\">/error/404</a>."
*************** response log end ***************

[2018-04-18T13:31:23.133] [INFO] resLogger - 
*************** response log start ***************
request method: GET
request originalUrl:  /error/404
request client ip:  ::ffff:127.0.0.1
request query:  {}
response time: 2
response status: 200
response body: 
{"_readableState":{"objectMode":false,"highWaterMark":65536,"buffer":{"head":null,"tail":null,"length":0},"length":0,"pipes":null,"pipesCount":0,"flowing":null,"ended":false,"endEmitted":false,"reading":false,"sync":true,"needReadable":false,"emittedReadable":false,"readableListening":false,"resumeScheduled":false,"destroyed":false,"defaultEncoding":"utf8","awaitDrain":0,"readingMore":false,"decoder":null,"encoding":null},"readable":true,"domain":null,"_events":{},"_eventsCount":2,"path":"D:\\work\\liushiyizu\\server\\service\\webApp\\html\\error\\404.html","fd":null,"flags":"r","mode":438,"autoClose":true,"bytesRead":0}
*************** response log end ***************

[2018-04-18T13:31:23.273] [INFO] resLogger - 
*************** response log start ***************
request method: GET
request originalUrl:  /css/common.css
request client ip:  ::ffff:127.0.0.1
request query:  {}
response time: 0
response status: 404
response body: 
undefined
*************** response log end ***************

[2018-04-18T13:31:23.277] [INFO] resLogger - 
*************** response log start ***************
request method: GET
request originalUrl:  /css/main.css
request client ip:  ::ffff:127.0.0.1
request query:  {}
response time: 0
response status: 404
response body: 
undefined
*************** response log end ***************

[2018-04-18T13:33:31.603] [INFO] resLogger - 
*************** response log start ***************
request method: GET
request originalUrl:  /
request client ip:  ::ffff:127.0.0.1
request query:  {}
response time: 10
response status: 200
response body: 
{"_readableState":{"objectMode":false,"highWaterMark":65536,"buffer":{"head":null,"tail":null,"length":0},"length":0,"pipes":null,"pipesCount":0,"flowing":null,"ended":false,"endEmitted":false,"reading":false,"sync":true,"needReadable":false,"emittedReadable":false,"readableListening":false,"resumeScheduled":false,"destroyed":false,"defaultEncoding":"utf8","awaitDrain":0,"readingMore":false,"decoder":null,"encoding":null},"readable":true,"domain":null,"_events":{},"_eventsCount":2,"path":"D:\\work\\liushiyizu\\server\\service\\webApp\\dist\\html\\index.html","fd":null,"flags":"r","mode":438,"autoClose":true,"bytesRead":0}
*************** response log end ***************

[2018-04-18T13:33:31.973] [INFO] resLogger - 
*************** response log start ***************
request method: GET
request originalUrl:  /img/captcha
request client ip:  ::ffff:127.0.0.1
request query:  {}
response time: 3
response status: 200
response body: 
{"_readableState":{"objectMode":false,"highWaterMark":65536,"buffer":{"head":null,"tail":null,"length":0},"length":0,"pipes":null,"pipesCount":0,"flowing":null,"ended":false,"endEmitted":false,"reading":false,"sync":true,"needReadable":false,"emittedReadable":false,"readableListening":false,"resumeScheduled":false,"destroyed":false,"defaultEncoding":"utf8","awaitDrain":0,"readingMore":false,"decoder":null,"encoding":null},"readable":true,"domain":null,"_events":{},"_eventsCount":2,"path":"D:\\work\\liushiyizu\\server\\service\\webApp\\static\\images\\captcha\\lauding.jpg","fd":null,"flags":"r","mode":438,"autoClose":true,"bytesRead":0}
*************** response log end ***************

[2018-04-18T13:33:31.991] [INFO] resLogger - 
*************** response log start ***************
request method: GET
request originalUrl:  /api/users/checkLogin
request client ip:  ::ffff:127.0.0.1
request query:  {}
response time: 1
response status: 200
response body: 
{"code":0,"message":"not login"}
*************** response log end ***************

[2018-04-18T13:33:33.979] [INFO] resLogger - 
*************** response log start ***************
request method: GET
request originalUrl:  /article
request client ip:  ::ffff:127.0.0.1
request query:  {}
response time: 2
response status: 200
response body: 
{"_readableState":{"objectMode":false,"highWaterMark":65536,"buffer":{"head":null,"tail":null,"length":0},"length":0,"pipes":null,"pipesCount":0,"flowing":null,"ended":false,"endEmitted":false,"reading":false,"sync":true,"needReadable":false,"emittedReadable":false,"readableListening":false,"resumeScheduled":false,"destroyed":false,"defaultEncoding":"utf8","awaitDrain":0,"readingMore":false,"decoder":null,"encoding":null},"readable":true,"domain":null,"_events":{},"_eventsCount":2,"path":"D:\\work\\liushiyizu\\server\\service\\webApp\\dist\\html\\article\\index.html","fd":null,"flags":"r","mode":438,"autoClose":true,"bytesRead":0}
*************** response log end ***************

[2018-04-18T13:33:34.357] [INFO] resLogger - 
*************** response log start ***************
request method: GET
request originalUrl:  /img/captcha
request client ip:  ::ffff:127.0.0.1
request query:  {}
response time: 2
response status: 200
response body: 
{"_readableState":{"objectMode":false,"highWaterMark":65536,"buffer":{"head":null,"tail":null,"length":0},"length":0,"pipes":null,"pipesCount":0,"flowing":null,"ended":false,"endEmitted":false,"reading":false,"sync":true,"needReadable":false,"emittedReadable":false,"readableListening":false,"resumeScheduled":false,"destroyed":false,"defaultEncoding":"utf8","awaitDrain":0,"readingMore":false,"decoder":null,"encoding":null},"readable":true,"domain":null,"_events":{},"_eventsCount":2,"path":"D:\\work\\liushiyizu\\server\\service\\webApp\\static\\images\\captcha\\othsely.jpg","fd":null,"flags":"r","mode":438,"autoClose":true,"bytesRead":0}
*************** response log end ***************

[2018-04-18T13:33:34.371] [INFO] resLogger - 
*************** response log start ***************
request method: GET
request originalUrl:  /api/users/checkLogin
request client ip:  ::ffff:127.0.0.1
request query:  {}
response time: 4
response status: 200
response body: 
{"code":0,"message":"not login"}
*************** response log end ***************

[2018-04-18T13:33:43.888] [INFO] resLogger - 
*************** response log start ***************
request method: GET
request originalUrl:  /game
request client ip:  ::ffff:127.0.0.1
request query:  {}
response time: 3
response status: 200
response body: 
{"_readableState":{"objectMode":false,"highWaterMark":65536,"buffer":{"head":null,"tail":null,"length":0},"length":0,"pipes":null,"pipesCount":0,"flowing":null,"ended":false,"endEmitted":false,"reading":false,"sync":true,"needReadable":false,"emittedReadable":false,"readableListening":false,"resumeScheduled":false,"destroyed":false,"defaultEncoding":"utf8","awaitDrain":0,"readingMore":false,"decoder":null,"encoding":null},"readable":true,"domain":null,"_events":{},"_eventsCount":2,"path":"D:\\work\\liushiyizu\\server\\service\\webApp\\dist\\html\\game\\index.html","fd":null,"flags":"r","mode":438,"autoClose":true,"bytesRead":0}
*************** response log end ***************

[2018-04-18T13:33:44.278] [INFO] resLogger - 
*************** response log start ***************
request method: GET
request originalUrl:  /img/captcha
request client ip:  ::ffff:127.0.0.1
request query:  {}
response time: 1
response status: 200
response body: 
{"_readableState":{"objectMode":false,"highWaterMark":65536,"buffer":{"head":null,"tail":null,"length":0},"length":0,"pipes":null,"pipesCount":0,"flowing":null,"ended":false,"endEmitted":false,"reading":false,"sync":true,"needReadable":false,"emittedReadable":false,"readableListening":false,"resumeScheduled":false,"destroyed":false,"defaultEncoding":"utf8","awaitDrain":0,"readingMore":false,"decoder":null,"encoding":null},"readable":true,"domain":null,"_events":{},"_eventsCount":2,"path":"D:\\work\\liushiyizu\\server\\service\\webApp\\static\\images\\captcha\\coaines.jpg","fd":null,"flags":"r","mode":438,"autoClose":true,"bytesRead":0}
*************** response log end ***************

[2018-04-18T13:33:44.288] [INFO] resLogger - 
*************** response log start ***************
request method: GET
request originalUrl:  /api/users/checkLogin
request client ip:  ::ffff:127.0.0.1
request query:  {}
response time: 1
response status: 200
response body: 
{"code":0,"message":"not login"}
*************** response log end ***************

[2018-04-18T13:33:46.784] [INFO] resLogger - 
*************** response log start ***************
request method: GET
request originalUrl:  /
request client ip:  ::ffff:127.0.0.1
request query:  {}
response time: 1
response status: 200
response body: 
{"_readableState":{"objectMode":false,"highWaterMark":65536,"buffer":{"head":null,"tail":null,"length":0},"length":0,"pipes":null,"pipesCount":0,"flowing":null,"ended":false,"endEmitted":false,"reading":false,"sync":true,"needReadable":false,"emittedReadable":false,"readableListening":false,"resumeScheduled":false,"destroyed":false,"defaultEncoding":"utf8","awaitDrain":0,"readingMore":false,"decoder":null,"encoding":null},"readable":true,"domain":null,"_events":{},"_eventsCount":2,"path":"D:\\work\\liushiyizu\\server\\service\\webApp\\dist\\html\\index.html","fd":null,"flags":"r","mode":438,"autoClose":true,"bytesRead":0}
*************** response log end ***************

[2018-04-18T13:33:47.192] [INFO] resLogger - 
*************** response log start ***************
request method: GET
request originalUrl:  /img/captcha
request client ip:  ::ffff:127.0.0.1
request query:  {}
response time: 1
response status: 200
response body: 
{"_readableState":{"objectMode":false,"highWaterMark":65536,"buffer":{"head":null,"tail":null,"length":0},"length":0,"pipes":null,"pipesCount":0,"flowing":null,"ended":false,"endEmitted":false,"reading":false,"sync":true,"needReadable":false,"emittedReadable":false,"readableListening":false,"resumeScheduled":false,"destroyed":false,"defaultEncoding":"utf8","awaitDrain":0,"readingMore":false,"decoder":null,"encoding":null},"readable":true,"domain":null,"_events":{},"_eventsCount":2,"path":"D:\\work\\liushiyizu\\server\\service\\webApp\\static\\images\\captcha\\inkfing.jpg","fd":null,"flags":"r","mode":438,"autoClose":true,"bytesRead":0}
*************** response log end ***************

[2018-04-18T13:33:47.215] [INFO] resLogger - 
*************** response log start ***************
request method: GET
request originalUrl:  /api/users/checkLogin
request client ip:  ::ffff:127.0.0.1
request query:  {}
response time: 0
response status: 200
response body: 
{"code":0,"message":"not login"}
*************** response log end ***************

[2018-04-18T14:05:33.870] [INFO] resLogger - 
*************** response log start ***************
request method: GET
request originalUrl:  /
request client ip:  ::ffff:127.0.0.1
request query:  {}
response time: 2
response status: 200
response body: 
{"_readableState":{"objectMode":false,"highWaterMark":65536,"buffer":{"head":null,"tail":null,"length":0},"length":0,"pipes":null,"pipesCount":0,"flowing":null,"ended":false,"endEmitted":false,"reading":false,"sync":true,"needReadable":false,"emittedReadable":false,"readableListening":false,"resumeScheduled":false,"destroyed":false,"defaultEncoding":"utf8","awaitDrain":0,"readingMore":false,"decoder":null,"encoding":null},"readable":true,"domain":null,"_events":{},"_eventsCount":2,"path":"D:\\work\\liushiyizu\\server\\service\\webApp\\dist\\html\\index.html","fd":null,"flags":"r","mode":438,"autoClose":true,"bytesRead":0}
*************** response log end ***************

[2018-04-18T14:05:34.277] [INFO] resLogger - 
*************** response log start ***************
request method: GET
request originalUrl:  /img/captcha
request client ip:  ::ffff:127.0.0.1
request query:  {}
response time: 1
response status: 200
response body: 
{"_readableState":{"objectMode":false,"highWaterMark":65536,"buffer":{"head":null,"tail":null,"length":0},"length":0,"pipes":null,"pipesCount":0,"flowing":null,"ended":false,"endEmitted":false,"reading":false,"sync":true,"needReadable":false,"emittedReadable":false,"readableListening":false,"resumeScheduled":false,"destroyed":false,"defaultEncoding":"utf8","awaitDrain":0,"readingMore":false,"decoder":null,"encoding":null},"readable":true,"domain":null,"_events":{},"_eventsCount":2,"path":"D:\\work\\liushiyizu\\server\\service\\webApp\\static\\images\\captcha\\ankthed.jpg","fd":null,"flags":"r","mode":438,"autoClose":true,"bytesRead":0}
*************** response log end ***************

[2018-04-18T14:05:34.292] [INFO] resLogger - 
*************** response log start ***************
request method: GET
request originalUrl:  /api/users/checkLogin
request client ip:  ::ffff:127.0.0.1
request query:  {}
response time: 1
response status: 200
response body: 
{"code":0,"message":"not login"}
*************** response log end ***************

[2018-04-18T14:12:01.108] [INFO] resLogger - 
*************** response log start ***************
request method: GET
request originalUrl:  /
request client ip:  ::ffff:127.0.0.1
request query:  {}
response time: 5
response status: 200
response body: 
{"_readableState":{"objectMode":false,"highWaterMark":65536,"buffer":{"head":null,"tail":null,"length":0},"length":0,"pipes":null,"pipesCount":0,"flowing":null,"ended":false,"endEmitted":false,"reading":false,"sync":true,"needReadable":false,"emittedReadable":false,"readableListening":false,"resumeScheduled":false,"destroyed":false,"defaultEncoding":"utf8","awaitDrain":0,"readingMore":false,"decoder":null,"encoding":null},"readable":true,"domain":null,"_events":{},"_eventsCount":2,"path":"D:\\work\\liushiyizu\\server\\service\\webApp\\dist\\html\\index.html","fd":null,"flags":"r","mode":438,"autoClose":true,"bytesRead":0}
*************** response log end ***************

[2018-04-18T14:12:01.566] [INFO] resLogger - 
*************** response log start ***************
request method: GET
request originalUrl:  /img/captcha
request client ip:  ::ffff:127.0.0.1
request query:  {}
response time: 2
response status: 200
response body: 
{"_readableState":{"objectMode":false,"highWaterMark":65536,"buffer":{"head":null,"tail":null,"length":0},"length":0,"pipes":null,"pipesCount":0,"flowing":null,"ended":false,"endEmitted":false,"reading":false,"sync":true,"needReadable":false,"emittedReadable":false,"readableListening":false,"resumeScheduled":false,"destroyed":false,"defaultEncoding":"utf8","awaitDrain":0,"readingMore":false,"decoder":null,"encoding":null},"readable":true,"domain":null,"_events":{},"_eventsCount":2,"path":"D:\\work\\liushiyizu\\server\\service\\webApp\\static\\images\\captcha\\inkfing.jpg","fd":null,"flags":"r","mode":438,"autoClose":true,"bytesRead":0}
*************** response log end ***************

[2018-04-18T14:12:01.584] [INFO] resLogger - 
*************** response log start ***************
request method: GET
request originalUrl:  /api/users/checkLogin
request client ip:  ::ffff:127.0.0.1
request query:  {}
response time: 1
response status: 200
response body: 
{"code":0,"message":"not login"}
*************** response log end ***************

[2018-04-18T14:27:22.214] [INFO] resLogger - 
*************** response log start ***************
request method: GET
request originalUrl:  /api/users/checkLogin
request client ip:  ::ffff:127.0.0.1
request query:  {}
response time: 7
response status: 200
response body: 
{"code":0,"message":"not login"}
*************** response log end ***************

[2018-04-18T14:28:43.468] [INFO] resLogger - 
*************** response log start ***************
request method: GET
request originalUrl:  /api/users/checkLogin
request client ip:  ::ffff:127.0.0.1
request query:  {}
response time: 5
response status: 200
response body: 
{"code":0,"message":"not login"}
*************** response log end ***************

[2018-04-18T14:28:57.737] [INFO] resLogger - 
*************** response log start ***************
request method: POST
request originalUrl:  /api/users/login
request client ip:  ::ffff:127.0.0.1
request body: 
{"name":"liu","password":"123456","seven":false}
response time: 868
response status: 200
response body: 
{"code":0,"message":"success"}
*************** response log end ***************

[2018-04-18T14:29:04.460] [INFO] resLogger - 
*************** response log start ***************
request method: GET
request originalUrl:  /api/users/checkLogin
request client ip:  ::ffff:127.0.0.1
request query:  {}
response time: 355
response status: 200
response body: 
{"code":0,"message":"success","data":{"id":69,"name":"liu","nickname":"mademadedeni","headImg":"/head/head_1517300344018.jpg","permission":5,"sex":2,"age":26,"phone":"13478905686","email":"123423423@qq.com","address":"北京市海淀区苏州街亿方大厦","signature":"我就是我！每天都要开开心心的！不经历风雨怎能见彩虹。"}}
*************** response log end ***************

[2018-04-18T14:29:35.535] [INFO] resLogger - 
*************** response log start ***************
request method: GET
request originalUrl:  /api/users/checkLogin
request client ip:  ::ffff:127.0.0.1
request query:  {}
response time: 343
response status: 200
response body: 
{"code":0,"message":"success","data":{"id":69,"name":"liu","nickname":"mademadedeni","headImg":"/head/head_1517300344018.jpg","permission":5,"sex":2,"age":26,"phone":"13478905686","email":"123423423@qq.com","address":"北京市海淀区苏州街亿方大厦","signature":"我就是我！每天都要开开心心的！不经历风雨怎能见彩虹。"}}
*************** response log end ***************

[2018-04-18T14:29:37.055] [INFO] resLogger - 
*************** response log start ***************
request method: GET
request originalUrl:  /api/users/checkLogin
request client ip:  ::ffff:127.0.0.1
request query:  {}
response time: 353
response status: 200
response body: 
{"code":0,"message":"success","data":{"id":69,"name":"liu","nickname":"mademadedeni","headImg":"/head/head_1517300344018.jpg","permission":5,"sex":2,"age":26,"phone":"13478905686","email":"123423423@qq.com","address":"北京市海淀区苏州街亿方大厦","signature":"我就是我！每天都要开开心心的！不经历风雨怎能见彩虹。"}}
*************** response log end ***************

[2018-04-18T14:29:38.271] [INFO] resLogger - 
*************** response log start ***************
request method: GET
request originalUrl:  /api/users/checkLogin
request client ip:  ::ffff:127.0.0.1
request query:  {}
response time: 336
response status: 200
response body: 
{"code":0,"message":"success","data":{"id":69,"name":"liu","nickname":"mademadedeni","headImg":"/head/head_1517300344018.jpg","permission":5,"sex":2,"age":26,"phone":"13478905686","email":"123423423@qq.com","address":"北京市海淀区苏州街亿方大厦","signature":"我就是我！每天都要开开心心的！不经历风雨怎能见彩虹。"}}
*************** response log end ***************

[2018-04-18T14:29:39.475] [INFO] resLogger - 
*************** response log start ***************
request method: GET
request originalUrl:  /api/users/checkLogin
request client ip:  ::ffff:127.0.0.1
request query:  {}
response time: 340
response status: 200
response body: 
{"code":0,"message":"success","data":{"id":69,"name":"liu","nickname":"mademadedeni","headImg":"/head/head_1517300344018.jpg","permission":5,"sex":2,"age":26,"phone":"13478905686","email":"123423423@qq.com","address":"北京市海淀区苏州街亿方大厦","signature":"我就是我！每天都要开开心心的！不经历风雨怎能见彩虹。"}}
*************** response log end ***************

[2018-04-18T14:29:47.209] [INFO] resLogger - 
*************** response log start ***************
request method: GET
request originalUrl:  /api/users/checkLogin
request client ip:  ::ffff:127.0.0.1
request query:  {}
response time: 373
response status: 200
response body: 
{"code":0,"message":"success","data":{"id":69,"name":"liu","nickname":"mademadedeni","headImg":"/head/head_1517300344018.jpg","permission":5,"sex":2,"age":26,"phone":"13478905686","email":"123423423@qq.com","address":"北京市海淀区苏州街亿方大厦","signature":"我就是我！每天都要开开心心的！不经历风雨怎能见彩虹。"}}
*************** response log end ***************

[2018-04-18T14:30:05.069] [INFO] resLogger - 
*************** response log start ***************
request method: POST
request originalUrl:  /api/users/eidtInfo
request client ip:  ::ffff:127.0.0.1
request body: 
{"nickname":"mademadedeni","sex":"0","age":"26","phone":"13478905686","email":"123423423@qq.com","address":"北京市海淀区苏州街亿方大厦","signature":"我就是我！每天都要开开心心的！不经历风雨怎能见彩虹。"}
response time: 356
response status: 200
response body: 
{"code":0,"message":"success"}
*************** response log end ***************

[2018-04-18T14:30:07.498] [INFO] resLogger - 
*************** response log start ***************
request method: GET
request originalUrl:  /api/users/checkLogin
request client ip:  ::ffff:127.0.0.1
request query:  {}
response time: 355
response status: 200
response body: 
{"code":0,"message":"success","data":{"id":69,"name":"liu","nickname":"mademadedeni","headImg":"/head/head_1517300344018.jpg","permission":5,"sex":0,"age":26,"phone":"13478905686","email":"123423423@qq.com","address":"北京市海淀区苏州街亿方大厦","signature":"我就是我！每天都要开开心心的！不经历风雨怎能见彩虹。"}}
*************** response log end ***************

[2018-04-18T14:31:20.006] [INFO] resLogger - 
*************** response log start ***************
request method: GET
request originalUrl:  /api/users/checkLogin
request client ip:  ::ffff:127.0.0.1
request query:  {}
response time: 669
response status: 200
response body: 
{"code":0,"message":"success","data":{"id":69,"name":"liu","nickname":"mademadedeni","headImg":"/head/head_1517300344018.jpg","permission":5,"sex":0,"age":26,"phone":"13478905686","email":"123423423@qq.com","address":"北京市海淀区苏州街亿方大厦","signature":"我就是我！每天都要开开心心的！不经历风雨怎能见彩虹。"}}
*************** response log end ***************

[2018-04-18T14:32:14.987] [INFO] resLogger - 
*************** response log start ***************
request method: GET
request originalUrl:  /api/users/checkLogin
request client ip:  ::ffff:127.0.0.1
request query:  {}
response time: 1363
response status: 200
response body: 
{"code":0,"message":"success","data":{"id":69,"name":"liu","nickname":"mademadedeni","headImg":"/head/head_1517300344018.jpg","permission":5,"sex":0,"age":26,"phone":"13478905686","email":"123423423@qq.com","address":"北京市海淀区苏州街亿方大厦","signature":"我就是我！每天都要开开心心的！不经历风雨怎能见彩虹。"}}
*************** response log end ***************

[2018-04-18T14:33:09.622] [INFO] resLogger - 
*************** response log start ***************
request method: GET
request originalUrl:  /api/users/checkLogin
request client ip:  ::ffff:127.0.0.1
request query:  {}
response time: 1532
response status: 200
response body: 
{"code":0,"message":"success","data":{"id":69,"name":"liu","nickname":"mademadedeni","headImg":"/head/head_1517300344018.jpg","permission":5,"sex":0,"age":26,"phone":"13478905686","email":"123423423@qq.com","address":"北京市海淀区苏州街亿方大厦","signature":"我就是我！每天都要开开心心的！不经历风雨怎能见彩虹。"}}
*************** response log end ***************

