[2018-03-06T10:52:44.304] [INFO] resLogger - 
*************** response log start ***************
request method: GET
request originalUrl:  /
request client ip:  ::ffff:127.0.0.1
request query:  {}
response time: 7
response status: 200
response body: 
{"_readableState":{"objectMode":false,"highWaterMark":65536,"buffer":{"head":null,"tail":null,"length":0},"length":0,"pipes":null,"pipesCount":0,"flowing":null,"ended":false,"endEmitted":false,"reading":false,"sync":true,"needReadable":false,"emittedReadable":false,"readableListening":false,"resumeScheduled":false,"destroyed":false,"defaultEncoding":"utf8","awaitDrain":0,"readingMore":false,"decoder":null,"encoding":null},"readable":true,"domain":null,"_events":{},"_eventsCount":2,"path":"D:\\work\\liushiyizu\\client\\service\\webApp\\dist\\html\\index.html","fd":null,"flags":"r","mode":438,"autoClose":true,"bytesRead":0}
*************** response log end ***************

[2018-03-06T10:52:44.311] [INFO] resLogger - 
*************** response log start ***************
request method: GET
request originalUrl:  /robots.txt
request client ip:  ::ffff:127.0.0.1
request query:  {}
response time: 4
response status: 302
response body: 
"Redirecting to <a href=\"/error/404\">/error/404</a>."
*************** response log end ***************

[2018-03-06T10:52:44.360] [INFO] resLogger - 
*************** response log start ***************
request method: GET
request originalUrl:  /error/404
request client ip:  ::ffff:127.0.0.1
request query:  {}
response time: 2
response status: 200
response body: 
{"_readableState":{"objectMode":false,"highWaterMark":65536,"buffer":{"head":null,"tail":null,"length":0},"length":0,"pipes":null,"pipesCount":0,"flowing":null,"ended":false,"endEmitted":false,"reading":false,"sync":true,"needReadable":false,"emittedReadable":false,"readableListening":false,"resumeScheduled":false,"destroyed":false,"defaultEncoding":"utf8","awaitDrain":0,"readingMore":false,"decoder":null,"encoding":null},"readable":true,"domain":null,"_events":{},"_eventsCount":2,"path":"D:\\work\\liushiyizu\\client\\service\\webApp\\html\\error\\404.html","fd":null,"flags":"r","mode":438,"autoClose":true,"bytesRead":0}
*************** response log end ***************

[2018-03-06T10:52:44.826] [INFO] resLogger - 
*************** response log start ***************
request method: GET
request originalUrl:  /img/captcha
request client ip:  ::ffff:127.0.0.1
request query:  {}
response time: 1
response status: 200
response body: 
{"_readableState":{"objectMode":false,"highWaterMark":65536,"buffer":{"head":null,"tail":null,"length":0},"length":0,"pipes":null,"pipesCount":0,"flowing":null,"ended":false,"endEmitted":false,"reading":false,"sync":true,"needReadable":false,"emittedReadable":false,"readableListening":false,"resumeScheduled":false,"destroyed":false,"defaultEncoding":"utf8","awaitDrain":0,"readingMore":false,"decoder":null,"encoding":null},"readable":true,"domain":null,"_events":{},"_eventsCount":2,"path":"D:\\work\\liushiyizu\\client\\service\\webApp\\static\\images\\captcha\\coaines.jpg","fd":null,"flags":"r","mode":438,"autoClose":true,"bytesRead":0}
*************** response log end ***************

[2018-03-06T10:52:58.315] [INFO] resLogger - 
*************** response log start ***************
request method: GET
request originalUrl:  /game
request client ip:  ::ffff:127.0.0.1
request query:  {}
response time: 2
response status: 200
response body: 
{"_readableState":{"objectMode":false,"highWaterMark":65536,"buffer":{"head":null,"tail":null,"length":0},"length":0,"pipes":null,"pipesCount":0,"flowing":null,"ended":false,"endEmitted":false,"reading":false,"sync":true,"needReadable":false,"emittedReadable":false,"readableListening":false,"resumeScheduled":false,"destroyed":false,"defaultEncoding":"utf8","awaitDrain":0,"readingMore":false,"decoder":null,"encoding":null},"readable":true,"domain":null,"_events":{},"_eventsCount":2,"path":"D:\\work\\liushiyizu\\client\\service\\webApp\\dist\\html\\game\\index.html","fd":null,"flags":"r","mode":438,"autoClose":true,"bytesRead":0}
*************** response log end ***************

[2018-03-06T10:52:58.843] [INFO] resLogger - 
*************** response log start ***************
request method: GET
request originalUrl:  /img/captcha
request client ip:  ::ffff:127.0.0.1
request query:  {}
response time: 1
response status: 200
response body: 
{"_readableState":{"objectMode":false,"highWaterMark":65536,"buffer":{"head":null,"tail":null,"length":0},"length":0,"pipes":null,"pipesCount":0,"flowing":null,"ended":false,"endEmitted":false,"reading":false,"sync":true,"needReadable":false,"emittedReadable":false,"readableListening":false,"resumeScheduled":false,"destroyed":false,"defaultEncoding":"utf8","awaitDrain":0,"readingMore":false,"decoder":null,"encoding":null},"readable":true,"domain":null,"_events":{},"_eventsCount":2,"path":"D:\\work\\liushiyizu\\client\\service\\webApp\\static\\images\\captcha\\slohers.jpg","fd":null,"flags":"r","mode":438,"autoClose":true,"bytesRead":0}
*************** response log end ***************

[2018-03-06T10:53:02.504] [INFO] resLogger - 
*************** response log start ***************
request method: GET
request originalUrl:  /article
request client ip:  ::ffff:127.0.0.1
request query:  {}
response time: 1
response status: 302
response body: 
"Redirecting to <a href=\"/error/404\">/error/404</a>."
*************** response log end ***************

[2018-03-06T10:53:02.526] [INFO] resLogger - 
*************** response log start ***************
request method: GET
request originalUrl:  /error/404
request client ip:  ::ffff:127.0.0.1
request query:  {}
response time: 1
response status: 200
response body: 
{"_readableState":{"objectMode":false,"highWaterMark":65536,"buffer":{"head":null,"tail":null,"length":0},"length":0,"pipes":null,"pipesCount":0,"flowing":null,"ended":false,"endEmitted":false,"reading":false,"sync":true,"needReadable":false,"emittedReadable":false,"readableListening":false,"resumeScheduled":false,"destroyed":false,"defaultEncoding":"utf8","awaitDrain":0,"readingMore":false,"decoder":null,"encoding":null},"readable":true,"domain":null,"_events":{},"_eventsCount":2,"path":"D:\\work\\liushiyizu\\client\\service\\webApp\\html\\error\\404.html","fd":null,"flags":"r","mode":438,"autoClose":true,"bytesRead":0}
*************** response log end ***************

[2018-03-06T10:53:02.691] [INFO] resLogger - 
*************** response log start ***************
request method: GET
request originalUrl:  /css/common.css
request client ip:  ::ffff:127.0.0.1
request query:  {}
response time: 0
response status: 404
response body: 
undefined
*************** response log end ***************

[2018-03-06T10:53:02.697] [INFO] resLogger - 
*************** response log start ***************
request method: GET
request originalUrl:  /css/main.css
request client ip:  ::ffff:127.0.0.1
request query:  {}
response time: 0
response status: 404
response body: 
undefined
*************** response log end ***************

[2018-03-06T10:53:02.722] [INFO] resLogger - 
*************** response log start ***************
request method: GET
request originalUrl:  /images/Favicon.ico
request client ip:  ::ffff:127.0.0.1
request query:  {}
response time: 0
response status: 404
response body: 
undefined
*************** response log end ***************

[2018-03-06T10:53:06.430] [INFO] resLogger - 
*************** response log start ***************
request method: GET
request originalUrl:  /
request client ip:  ::ffff:127.0.0.1
request query:  {}
response time: 2
response status: 200
response body: 
{"_readableState":{"objectMode":false,"highWaterMark":65536,"buffer":{"head":null,"tail":null,"length":0},"length":0,"pipes":null,"pipesCount":0,"flowing":null,"ended":false,"endEmitted":false,"reading":false,"sync":true,"needReadable":false,"emittedReadable":false,"readableListening":false,"resumeScheduled":false,"destroyed":false,"defaultEncoding":"utf8","awaitDrain":0,"readingMore":false,"decoder":null,"encoding":null},"readable":true,"domain":null,"_events":{},"_eventsCount":2,"path":"D:\\work\\liushiyizu\\client\\service\\webApp\\dist\\html\\index.html","fd":null,"flags":"r","mode":438,"autoClose":true,"bytesRead":0}
*************** response log end ***************

[2018-03-06T10:53:06.906] [INFO] resLogger - 
*************** response log start ***************
request method: GET
request originalUrl:  /img/captcha
request client ip:  ::ffff:127.0.0.1
request query:  {}
response time: 2
response status: 200
response body: 
{"_readableState":{"objectMode":false,"highWaterMark":65536,"buffer":{"head":null,"tail":null,"length":0},"length":0,"pipes":null,"pipesCount":0,"flowing":null,"ended":false,"endEmitted":false,"reading":false,"sync":true,"needReadable":false,"emittedReadable":false,"readableListening":false,"resumeScheduled":false,"destroyed":false,"defaultEncoding":"utf8","awaitDrain":0,"readingMore":false,"decoder":null,"encoding":null},"readable":true,"domain":null,"_events":{},"_eventsCount":2,"path":"D:\\work\\liushiyizu\\client\\service\\webApp\\static\\images\\captcha\\othsely.jpg","fd":null,"flags":"r","mode":438,"autoClose":true,"bytesRead":0}
*************** response log end ***************

[2018-03-06T10:53:11.892] [INFO] resLogger - 
*************** response log start ***************
request method: GET
request originalUrl:  /
request client ip:  ::ffff:127.0.0.1
request query:  {}
response time: 1
response status: 200
response body: 
{"_readableState":{"objectMode":false,"highWaterMark":65536,"buffer":{"head":null,"tail":null,"length":0},"length":0,"pipes":null,"pipesCount":0,"flowing":null,"ended":false,"endEmitted":false,"reading":false,"sync":true,"needReadable":false,"emittedReadable":false,"readableListening":false,"resumeScheduled":false,"destroyed":false,"defaultEncoding":"utf8","awaitDrain":0,"readingMore":false,"decoder":null,"encoding":null},"readable":true,"domain":null,"_events":{},"_eventsCount":2,"path":"D:\\work\\liushiyizu\\client\\service\\webApp\\dist\\html\\index.html","fd":null,"flags":"r","mode":438,"autoClose":true,"bytesRead":0}
*************** response log end ***************

[2018-03-06T10:53:12.323] [INFO] resLogger - 
*************** response log start ***************
request method: GET
request originalUrl:  /img/captcha
request client ip:  ::ffff:127.0.0.1
request query:  {}
response time: 1
response status: 200
response body: 
{"_readableState":{"objectMode":false,"highWaterMark":65536,"buffer":{"head":null,"tail":null,"length":0},"length":0,"pipes":null,"pipesCount":0,"flowing":null,"ended":false,"endEmitted":false,"reading":false,"sync":true,"needReadable":false,"emittedReadable":false,"readableListening":false,"resumeScheduled":false,"destroyed":false,"defaultEncoding":"utf8","awaitDrain":0,"readingMore":false,"decoder":null,"encoding":null},"readable":true,"domain":null,"_events":{},"_eventsCount":2,"path":"D:\\work\\liushiyizu\\client\\service\\webApp\\static\\images\\captcha\\cqphers.jpg","fd":null,"flags":"r","mode":438,"autoClose":true,"bytesRead":0}
*************** response log end ***************

[2018-03-06T10:53:13.577] [INFO] resLogger - 
*************** response log start ***************
request method: GET
request originalUrl:  /game
request client ip:  ::ffff:127.0.0.1
request query:  {}
response time: 1
response status: 200
response body: 
{"_readableState":{"objectMode":false,"highWaterMark":65536,"buffer":{"head":null,"tail":null,"length":0},"length":0,"pipes":null,"pipesCount":0,"flowing":null,"ended":false,"endEmitted":false,"reading":false,"sync":true,"needReadable":false,"emittedReadable":false,"readableListening":false,"resumeScheduled":false,"destroyed":false,"defaultEncoding":"utf8","awaitDrain":0,"readingMore":false,"decoder":null,"encoding":null},"readable":true,"domain":null,"_events":{},"_eventsCount":2,"path":"D:\\work\\liushiyizu\\client\\service\\webApp\\dist\\html\\game\\index.html","fd":null,"flags":"r","mode":438,"autoClose":true,"bytesRead":0}
*************** response log end ***************

[2018-03-06T10:53:14.041] [INFO] resLogger - 
*************** response log start ***************
request method: GET
request originalUrl:  /img/captcha
request client ip:  ::ffff:127.0.0.1
request query:  {}
response time: 1
response status: 200
response body: 
{"_readableState":{"objectMode":false,"highWaterMark":65536,"buffer":{"head":null,"tail":null,"length":0},"length":0,"pipes":null,"pipesCount":0,"flowing":null,"ended":false,"endEmitted":false,"reading":false,"sync":true,"needReadable":false,"emittedReadable":false,"readableListening":false,"resumeScheduled":false,"destroyed":false,"defaultEncoding":"utf8","awaitDrain":0,"readingMore":false,"decoder":null,"encoding":null},"readable":true,"domain":null,"_events":{},"_eventsCount":2,"path":"D:\\work\\liushiyizu\\client\\service\\webApp\\static\\images\\captcha\\coaines.jpg","fd":null,"flags":"r","mode":438,"autoClose":true,"bytesRead":0}
*************** response log end ***************

[2018-03-06T10:53:16.106] [INFO] resLogger - 
*************** response log start ***************
request method: GET
request originalUrl:  /static/js/game/html5-mario/sounds/1-up.mp3
request client ip:  ::ffff:127.0.0.1
request query:  {}
response time: 0
response status: 404
response body: 
undefined
*************** response log end ***************

[2018-03-06T10:53:16.115] [INFO] resLogger - 
*************** response log start ***************
request method: GET
request originalUrl:  /static/js/game/html5-mario/sounds/breakblock.mp3
request client ip:  ::ffff:127.0.0.1
request query:  {}
response time: 0
response status: 404
response body: 
undefined
*************** response log end ***************

[2018-03-06T10:53:16.122] [INFO] resLogger - 
*************** response log start ***************
request method: GET
request originalUrl:  /static/js/game/html5-mario/sounds/breakblock.mp3
request client ip:  ::ffff:127.0.0.1
request query:  {}
response time: 0
response status: 404
response body: 
undefined
*************** response log end ***************

[2018-03-06T10:53:16.130] [INFO] resLogger - 
*************** response log start ***************
request method: GET
request originalUrl:  /static/js/game/html5-mario/sounds/breakblock.mp3
request client ip:  ::ffff:127.0.0.1
request query:  {}
response time: 1
response status: 404
response body: 
undefined
*************** response log end ***************

[2018-03-06T10:53:16.150] [INFO] resLogger - 
*************** response log start ***************
request method: GET
request originalUrl:  /static/js/game/html5-mario/sounds/bump.mp3
request client ip:  ::ffff:127.0.0.1
request query:  {}
response time: 0
response status: 404
response body: 
undefined
*************** response log end ***************

[2018-03-06T10:53:16.182] [INFO] resLogger - 
*************** response log start ***************
request method: GET
request originalUrl:  /static/js/game/html5-mario/sounds/bump.mp3
request client ip:  ::ffff:127.0.0.1
request query:  {}
response time: 1
response status: 404
response body: 
undefined
*************** response log end ***************

[2018-03-06T10:53:16.200] [INFO] resLogger - 
*************** response log start ***************
request method: GET
request originalUrl:  /static/js/game/html5-mario/sounds/bump.mp3
request client ip:  ::ffff:127.0.0.1
request query:  {}
response time: 0
response status: 404
response body: 
undefined
*************** response log end ***************

[2018-03-06T10:53:16.211] [INFO] resLogger - 
*************** response log start ***************
request method: GET
request originalUrl:  /static/js/game/html5-mario/sounds/bump.mp3
request client ip:  ::ffff:127.0.0.1
request query:  {}
response time: 1
response status: 404
response body: 
undefined
*************** response log end ***************

[2018-03-06T10:53:16.219] [INFO] resLogger - 
*************** response log start ***************
request method: GET
request originalUrl:  /static/js/game/html5-mario/sounds/cannon.mp3
request client ip:  ::ffff:127.0.0.1
request query:  {}
response time: 0
response status: 404
response body: 
undefined
*************** response log end ***************

[2018-03-06T10:53:16.237] [INFO] resLogger - 
*************** response log start ***************
request method: GET
request originalUrl:  /static/js/game/html5-mario/sounds/cannon.mp3
request client ip:  ::ffff:127.0.0.1
request query:  {}
response time: 1
response status: 404
response body: 
undefined
*************** response log end ***************

[2018-03-06T10:53:16.271] [INFO] resLogger - 
*************** response log start ***************
request method: GET
request originalUrl:  /static/js/game/html5-mario/sounds/cannon.mp3
request client ip:  ::ffff:127.0.0.1
request query:  {}
response time: 0
response status: 404
response body: 
undefined
*************** response log end ***************

[2018-03-06T10:53:16.286] [INFO] resLogger - 
*************** response log start ***************
request method: GET
request originalUrl:  /static/js/game/html5-mario/sounds/coin.mp3
request client ip:  ::ffff:127.0.0.1
request query:  {}
response time: 1
response status: 404
response body: 
undefined
*************** response log end ***************

[2018-03-06T10:53:16.305] [INFO] resLogger - 
*************** response log start ***************
request method: GET
request originalUrl:  /static/js/game/html5-mario/sounds/coin.mp3
request client ip:  ::ffff:127.0.0.1
request query:  {}
response time: 0
response status: 404
response body: 
undefined
*************** response log end ***************

[2018-03-06T10:53:16.316] [INFO] resLogger - 
*************** response log start ***************
request method: GET
request originalUrl:  /static/js/game/html5-mario/sounds/coin.mp3
request client ip:  ::ffff:127.0.0.1
request query:  {}
response time: 0
response status: 404
response body: 
undefined
*************** response log end ***************

[2018-03-06T10:53:16.329] [INFO] resLogger - 
*************** response log start ***************
request method: GET
request originalUrl:  /static/js/game/html5-mario/sounds/coin.mp3
request client ip:  ::ffff:127.0.0.1
request query:  {}
response time: 0
response status: 404
response body: 
undefined
*************** response log end ***************

[2018-03-06T10:53:16.354] [INFO] resLogger - 
*************** response log start ***************
request method: GET
request originalUrl:  /static/js/game/html5-mario/sounds/coin.mp3
request client ip:  ::ffff:127.0.0.1
request query:  {}
response time: 1
response status: 404
response body: 
undefined
*************** response log end ***************

[2018-03-06T10:53:16.364] [INFO] resLogger - 
*************** response log start ***************
request method: GET
request originalUrl:  /static/js/game/html5-mario/sounds/death.mp3
request client ip:  ::ffff:127.0.0.1
request query:  {}
response time: 0
response status: 404
response body: 
undefined
*************** response log end ***************

[2018-03-06T10:53:16.371] [INFO] resLogger - 
*************** response log start ***************
request method: GET
request originalUrl:  /static/js/game/html5-mario/sounds/exit.mp3
request client ip:  ::ffff:127.0.0.1
request query:  {}
response time: 0
response status: 404
response body: 
undefined
*************** response log end ***************

[2018-03-06T10:53:16.380] [INFO] resLogger - 
*************** response log start ***************
request method: GET
request originalUrl:  /static/js/game/html5-mario/sounds/fireball.mp3
request client ip:  ::ffff:127.0.0.1
request query:  {}
response time: 0
response status: 404
response body: 
undefined
*************** response log end ***************

[2018-03-06T10:53:16.400] [INFO] resLogger - 
*************** response log start ***************
request method: GET
request originalUrl:  /static/js/game/html5-mario/sounds/jump.mp3
request client ip:  ::ffff:127.0.0.1
request query:  {}
response time: 1
response status: 404
response body: 
undefined
*************** response log end ***************

[2018-03-06T10:53:16.412] [INFO] resLogger - 
*************** response log start ***************
request method: GET
request originalUrl:  /static/js/game/html5-mario/sounds/jump.mp3
request client ip:  ::ffff:127.0.0.1
request query:  {}
response time: 0
response status: 404
response body: 
undefined
*************** response log end ***************

[2018-03-06T10:53:16.416] [INFO] resLogger - 
*************** response log start ***************
request method: GET
request originalUrl:  /static/js/game/html5-mario/sounds/jump.mp3
request client ip:  ::ffff:127.0.0.1
request query:  {}
response time: 0
response status: 404
response body: 
undefined
*************** response log end ***************

[2018-03-06T10:53:16.444] [INFO] resLogger - 
*************** response log start ***************
request method: GET
request originalUrl:  /static/js/game/html5-mario/sounds/kick.mp3
request client ip:  ::ffff:127.0.0.1
request query:  {}
response time: 0
response status: 404
response body: 
undefined
*************** response log end ***************

[2018-03-06T10:53:16.449] [INFO] resLogger - 
*************** response log start ***************
request method: GET
request originalUrl:  /static/js/game/html5-mario/sounds/kick.mp3
request client ip:  ::ffff:127.0.0.1
request query:  {}
response time: 0
response status: 404
response body: 
undefined
*************** response log end ***************

[2018-03-06T10:53:16.454] [INFO] resLogger - 
*************** response log start ***************
request method: GET
request originalUrl:  /static/js/game/html5-mario/sounds/kick.mp3
request client ip:  ::ffff:127.0.0.1
request query:  {}
response time: 0
response status: 404
response body: 
undefined
*************** response log end ***************

[2018-03-06T10:53:16.465] [INFO] resLogger - 
*************** response log start ***************
request method: GET
request originalUrl:  /static/js/game/html5-mario/sounds/pipe.mp3
request client ip:  ::ffff:127.0.0.1
request query:  {}
response time: 0
response status: 404
response body: 
undefined
*************** response log end ***************

[2018-03-06T10:53:16.476] [INFO] resLogger - 
*************** response log start ***************
request method: GET
request originalUrl:  /static/js/game/html5-mario/sounds/powerdown.mp3
request client ip:  ::ffff:127.0.0.1
request query:  {}
response time: 0
response status: 404
response body: 
undefined
*************** response log end ***************

[2018-03-06T10:53:16.496] [INFO] resLogger - 
*************** response log start ***************
request method: GET
request originalUrl:  /static/js/game/html5-mario/sounds/powerup.mp3
request client ip:  ::ffff:127.0.0.1
request query:  {}
response time: 1
response status: 404
response body: 
undefined
*************** response log end ***************

[2018-03-06T10:53:16.506] [INFO] resLogger - 
*************** response log start ***************
request method: GET
request originalUrl:  /static/js/game/html5-mario/sounds/sprout.mp3
request client ip:  ::ffff:127.0.0.1
request query:  {}
response time: 0
response status: 404
response body: 
undefined
*************** response log end ***************

[2018-03-06T10:53:16.513] [INFO] resLogger - 
*************** response log start ***************
request method: GET
request originalUrl:  /static/js/game/html5-mario/sounds/stagestart.mp3
request client ip:  ::ffff:127.0.0.1
request query:  {}
response time: 0
response status: 404
response body: 
undefined
*************** response log end ***************

[2018-03-06T10:53:16.524] [INFO] resLogger - 
*************** response log start ***************
request method: GET
request originalUrl:  /static/js/game/html5-mario/sounds/stomp.mp3
request client ip:  ::ffff:127.0.0.1
request query:  {}
response time: 1
response status: 404
response body: 
undefined
*************** response log end ***************

[2018-03-06T10:53:16.534] [INFO] resLogger - 
*************** response log start ***************
request method: GET
request originalUrl:  /static/js/game/html5-mario/sounds/stomp.mp3
request client ip:  ::ffff:127.0.0.1
request query:  {}
response time: 1
response status: 404
response body: 
undefined
*************** response log end ***************

[2018-03-06T10:53:16.851] [INFO] resLogger - 
*************** response log start ***************
request method: GET
request originalUrl:  /static/js/game/html5-mario/favicon.png
request client ip:  ::ffff:127.0.0.1
request query:  {}
response time: 1
response status: 404
response body: 
undefined
*************** response log end ***************

[2018-03-06T10:53:29.624] [INFO] resLogger - 
*************** response log start ***************
request method: GET
request originalUrl:  /game
request client ip:  ::ffff:127.0.0.1
request query:  {}
response time: 2
response status: 200
response body: 
{"_readableState":{"objectMode":false,"highWaterMark":65536,"buffer":{"head":null,"tail":null,"length":0},"length":0,"pipes":null,"pipesCount":0,"flowing":null,"ended":false,"endEmitted":false,"reading":false,"sync":true,"needReadable":false,"emittedReadable":false,"readableListening":false,"resumeScheduled":false,"destroyed":false,"defaultEncoding":"utf8","awaitDrain":0,"readingMore":false,"decoder":null,"encoding":null},"readable":true,"domain":null,"_events":{},"_eventsCount":2,"path":"D:\\work\\liushiyizu\\client\\service\\webApp\\dist\\html\\game\\index.html","fd":null,"flags":"r","mode":438,"autoClose":true,"bytesRead":0}
*************** response log end ***************

[2018-03-06T10:53:30.063] [INFO] resLogger - 
*************** response log start ***************
request method: GET
request originalUrl:  /img/captcha
request client ip:  ::ffff:127.0.0.1
request query:  {}
response time: 1
response status: 200
response body: 
{"_readableState":{"objectMode":false,"highWaterMark":65536,"buffer":{"head":null,"tail":null,"length":0},"length":0,"pipes":null,"pipesCount":0,"flowing":null,"ended":false,"endEmitted":false,"reading":false,"sync":true,"needReadable":false,"emittedReadable":false,"readableListening":false,"resumeScheduled":false,"destroyed":false,"defaultEncoding":"utf8","awaitDrain":0,"readingMore":false,"decoder":null,"encoding":null},"readable":true,"domain":null,"_events":{},"_eventsCount":2,"path":"D:\\work\\liushiyizu\\client\\service\\webApp\\static\\images\\captcha\\sunding.jpg","fd":null,"flags":"r","mode":438,"autoClose":true,"bytesRead":0}
*************** response log end ***************

[2018-03-06T10:53:32.891] [INFO] resLogger - 
*************** response log start ***************
request method: GET
request originalUrl:  /static/js/game/html5-mario/sounds/1-up.mp3
request client ip:  ::ffff:127.0.0.1
request query:  {}
response time: 0
response status: 404
response body: 
undefined
*************** response log end ***************

[2018-03-06T10:53:32.897] [INFO] resLogger - 
*************** response log start ***************
request method: GET
request originalUrl:  /static/js/game/html5-mario/sounds/breakblock.mp3
request client ip:  ::ffff:127.0.0.1
request query:  {}
response time: 0
response status: 404
response body: 
undefined
*************** response log end ***************

[2018-03-06T10:53:32.913] [INFO] resLogger - 
*************** response log start ***************
request method: GET
request originalUrl:  /static/js/game/html5-mario/sounds/breakblock.mp3
request client ip:  ::ffff:127.0.0.1
request query:  {}
response time: 0
response status: 404
response body: 
undefined
*************** response log end ***************

[2018-03-06T10:53:32.919] [INFO] resLogger - 
*************** response log start ***************
request method: GET
request originalUrl:  /static/js/game/html5-mario/sounds/breakblock.mp3
request client ip:  ::ffff:127.0.0.1
request query:  {}
response time: 0
response status: 404
response body: 
undefined
*************** response log end ***************

[2018-03-06T10:53:32.931] [INFO] resLogger - 
*************** response log start ***************
request method: GET
request originalUrl:  /static/js/game/html5-mario/sounds/bump.mp3
request client ip:  ::ffff:127.0.0.1
request query:  {}
response time: 0
response status: 404
response body: 
undefined
*************** response log end ***************

[2018-03-06T10:53:32.945] [INFO] resLogger - 
*************** response log start ***************
request method: GET
request originalUrl:  /static/js/game/html5-mario/sounds/bump.mp3
request client ip:  ::ffff:127.0.0.1
request query:  {}
response time: 0
response status: 404
response body: 
undefined
*************** response log end ***************

[2018-03-06T10:53:32.951] [INFO] resLogger - 
*************** response log start ***************
request method: GET
request originalUrl:  /static/js/game/html5-mario/sounds/bump.mp3
request client ip:  ::ffff:127.0.0.1
request query:  {}
response time: 0
response status: 404
response body: 
undefined
*************** response log end ***************

[2018-03-06T10:53:32.969] [INFO] resLogger - 
*************** response log start ***************
request method: GET
request originalUrl:  /static/js/game/html5-mario/sounds/bump.mp3
request client ip:  ::ffff:127.0.0.1
request query:  {}
response time: 0
response status: 404
response body: 
undefined
*************** response log end ***************

[2018-03-06T10:53:32.984] [INFO] resLogger - 
*************** response log start ***************
request method: GET
request originalUrl:  /static/js/game/html5-mario/sounds/cannon.mp3
request client ip:  ::ffff:127.0.0.1
request query:  {}
response time: 0
response status: 404
response body: 
undefined
*************** response log end ***************

[2018-03-06T10:53:33.000] [INFO] resLogger - 
*************** response log start ***************
request method: GET
request originalUrl:  /static/js/game/html5-mario/sounds/cannon.mp3
request client ip:  ::ffff:127.0.0.1
request query:  {}
response time: 1
response status: 404
response body: 
undefined
*************** response log end ***************

[2018-03-06T10:53:33.018] [INFO] resLogger - 
*************** response log start ***************
request method: GET
request originalUrl:  /static/js/game/html5-mario/sounds/cannon.mp3
request client ip:  ::ffff:127.0.0.1
request query:  {}
response time: 0
response status: 404
response body: 
undefined
*************** response log end ***************

[2018-03-06T10:53:33.031] [INFO] resLogger - 
*************** response log start ***************
request method: GET
request originalUrl:  /static/js/game/html5-mario/sounds/coin.mp3
request client ip:  ::ffff:127.0.0.1
request query:  {}
response time: 0
response status: 404
response body: 
undefined
*************** response log end ***************

[2018-03-06T10:53:33.046] [INFO] resLogger - 
*************** response log start ***************
request method: GET
request originalUrl:  /static/js/game/html5-mario/sounds/coin.mp3
request client ip:  ::ffff:127.0.0.1
request query:  {}
response time: 0
response status: 404
response body: 
undefined
*************** response log end ***************

[2018-03-06T10:53:33.075] [INFO] resLogger - 
*************** response log start ***************
request method: GET
request originalUrl:  /static/js/game/html5-mario/sounds/coin.mp3
request client ip:  ::ffff:127.0.0.1
request query:  {}
response time: 0
response status: 404
response body: 
undefined
*************** response log end ***************

[2018-03-06T10:53:33.083] [INFO] resLogger - 
*************** response log start ***************
request method: GET
request originalUrl:  /static/js/game/html5-mario/sounds/coin.mp3
request client ip:  ::ffff:127.0.0.1
request query:  {}
response time: 0
response status: 404
response body: 
undefined
*************** response log end ***************

[2018-03-06T10:53:33.097] [INFO] resLogger - 
*************** response log start ***************
request method: GET
request originalUrl:  /static/js/game/html5-mario/sounds/coin.mp3
request client ip:  ::ffff:127.0.0.1
request query:  {}
response time: 0
response status: 404
response body: 
undefined
*************** response log end ***************

[2018-03-06T10:53:33.111] [INFO] resLogger - 
*************** response log start ***************
request method: GET
request originalUrl:  /static/js/game/html5-mario/sounds/death.mp3
request client ip:  ::ffff:127.0.0.1
request query:  {}
response time: 0
response status: 404
response body: 
undefined
*************** response log end ***************

[2018-03-06T10:53:33.125] [INFO] resLogger - 
*************** response log start ***************
request method: GET
request originalUrl:  /static/js/game/html5-mario/sounds/exit.mp3
request client ip:  ::ffff:127.0.0.1
request query:  {}
response time: 0
response status: 404
response body: 
undefined
*************** response log end ***************

[2018-03-06T10:53:33.136] [INFO] resLogger - 
*************** response log start ***************
request method: GET
request originalUrl:  /static/js/game/html5-mario/sounds/fireball.mp3
request client ip:  ::ffff:127.0.0.1
request query:  {}
response time: 1
response status: 404
response body: 
undefined
*************** response log end ***************

[2018-03-06T10:53:33.149] [INFO] resLogger - 
*************** response log start ***************
request method: GET
request originalUrl:  /static/js/game/html5-mario/sounds/jump.mp3
request client ip:  ::ffff:127.0.0.1
request query:  {}
response time: 0
response status: 404
response body: 
undefined
*************** response log end ***************

[2018-03-06T10:53:33.155] [INFO] resLogger - 
*************** response log start ***************
request method: GET
request originalUrl:  /static/js/game/html5-mario/sounds/jump.mp3
request client ip:  ::ffff:127.0.0.1
request query:  {}
response time: 0
response status: 404
response body: 
undefined
*************** response log end ***************

[2018-03-06T10:53:33.181] [INFO] resLogger - 
*************** response log start ***************
request method: GET
request originalUrl:  /static/js/game/html5-mario/sounds/jump.mp3
request client ip:  ::ffff:127.0.0.1
request query:  {}
response time: 0
response status: 404
response body: 
undefined
*************** response log end ***************

[2018-03-06T10:53:33.186] [INFO] resLogger - 
*************** response log start ***************
request method: GET
request originalUrl:  /static/js/game/html5-mario/sounds/kick.mp3
request client ip:  ::ffff:127.0.0.1
request query:  {}
response time: 0
response status: 404
response body: 
undefined
*************** response log end ***************

[2018-03-06T10:53:33.199] [INFO] resLogger - 
*************** response log start ***************
request method: GET
request originalUrl:  /static/js/game/html5-mario/sounds/kick.mp3
request client ip:  ::ffff:127.0.0.1
request query:  {}
response time: 0
response status: 404
response body: 
undefined
*************** response log end ***************

[2018-03-06T10:53:33.208] [INFO] resLogger - 
*************** response log start ***************
request method: GET
request originalUrl:  /static/js/game/html5-mario/sounds/kick.mp3
request client ip:  ::ffff:127.0.0.1
request query:  {}
response time: 0
response status: 404
response body: 
undefined
*************** response log end ***************

[2018-03-06T10:53:33.229] [INFO] resLogger - 
*************** response log start ***************
request method: GET
request originalUrl:  /static/js/game/html5-mario/sounds/pipe.mp3
request client ip:  ::ffff:127.0.0.1
request query:  {}
response time: 0
response status: 404
response body: 
undefined
*************** response log end ***************

[2018-03-06T10:53:33.241] [INFO] resLogger - 
*************** response log start ***************
request method: GET
request originalUrl:  /static/js/game/html5-mario/sounds/powerdown.mp3
request client ip:  ::ffff:127.0.0.1
request query:  {}
response time: 0
response status: 404
response body: 
undefined
*************** response log end ***************

[2018-03-06T10:53:33.250] [INFO] resLogger - 
*************** response log start ***************
request method: GET
request originalUrl:  /static/js/game/html5-mario/sounds/powerup.mp3
request client ip:  ::ffff:127.0.0.1
request query:  {}
response time: 0
response status: 404
response body: 
undefined
*************** response log end ***************

[2018-03-06T10:53:33.267] [INFO] resLogger - 
*************** response log start ***************
request method: GET
request originalUrl:  /static/js/game/html5-mario/sounds/sprout.mp3
request client ip:  ::ffff:127.0.0.1
request query:  {}
response time: 0
response status: 404
response body: 
undefined
*************** response log end ***************

[2018-03-06T10:53:33.282] [INFO] resLogger - 
*************** response log start ***************
request method: GET
request originalUrl:  /static/js/game/html5-mario/sounds/stagestart.mp3
request client ip:  ::ffff:127.0.0.1
request query:  {}
response time: 0
response status: 404
response body: 
undefined
*************** response log end ***************

[2018-03-06T10:53:33.287] [INFO] resLogger - 
*************** response log start ***************
request method: GET
request originalUrl:  /static/js/game/html5-mario/sounds/stomp.mp3
request client ip:  ::ffff:127.0.0.1
request query:  {}
response time: 0
response status: 404
response body: 
undefined
*************** response log end ***************

[2018-03-06T10:53:33.303] [INFO] resLogger - 
*************** response log start ***************
request method: GET
request originalUrl:  /static/js/game/html5-mario/sounds/stomp.mp3
request client ip:  ::ffff:127.0.0.1
request query:  {}
response time: 0
response status: 404
response body: 
undefined
*************** response log end ***************

[2018-03-06T10:54:01.675] [INFO] resLogger - 
*************** response log start ***************
request method: GET
request originalUrl:  /game
request client ip:  ::ffff:127.0.0.1
request query:  {}
response time: 1
response status: 200
response body: 
{"_readableState":{"objectMode":false,"highWaterMark":65536,"buffer":{"head":null,"tail":null,"length":0},"length":0,"pipes":null,"pipesCount":0,"flowing":null,"ended":false,"endEmitted":false,"reading":false,"sync":true,"needReadable":false,"emittedReadable":false,"readableListening":false,"resumeScheduled":false,"destroyed":false,"defaultEncoding":"utf8","awaitDrain":0,"readingMore":false,"decoder":null,"encoding":null},"readable":true,"domain":null,"_events":{},"_eventsCount":2,"path":"D:\\work\\liushiyizu\\client\\service\\webApp\\dist\\html\\game\\index.html","fd":null,"flags":"r","mode":438,"autoClose":true,"bytesRead":0}
*************** response log end ***************

[2018-03-06T10:54:02.126] [INFO] resLogger - 
*************** response log start ***************
request method: GET
request originalUrl:  /img/captcha
request client ip:  ::ffff:127.0.0.1
request query:  {}
response time: 1
response status: 200
response body: 
{"_readableState":{"objectMode":false,"highWaterMark":65536,"buffer":{"head":null,"tail":null,"length":0},"length":0,"pipes":null,"pipesCount":0,"flowing":null,"ended":false,"endEmitted":false,"reading":false,"sync":true,"needReadable":false,"emittedReadable":false,"readableListening":false,"resumeScheduled":false,"destroyed":false,"defaultEncoding":"utf8","awaitDrain":0,"readingMore":false,"decoder":null,"encoding":null},"readable":true,"domain":null,"_events":{},"_eventsCount":2,"path":"D:\\work\\liushiyizu\\client\\service\\webApp\\static\\images\\captcha\\angaly.jpg","fd":null,"flags":"r","mode":438,"autoClose":true,"bytesRead":0}
*************** response log end ***************

[2018-03-06T10:54:05.145] [INFO] resLogger - 
*************** response log start ***************
request method: GET
request originalUrl:  /article
request client ip:  ::ffff:127.0.0.1
request query:  {}
response time: 1
response status: 302
response body: 
"Redirecting to <a href=\"/error/404\">/error/404</a>."
*************** response log end ***************

[2018-03-06T10:54:05.163] [INFO] resLogger - 
*************** response log start ***************
request method: GET
request originalUrl:  /error/404
request client ip:  ::ffff:127.0.0.1
request query:  {}
response time: 2
response status: 200
response body: 
{"_readableState":{"objectMode":false,"highWaterMark":65536,"buffer":{"head":null,"tail":null,"length":0},"length":0,"pipes":null,"pipesCount":0,"flowing":null,"ended":false,"endEmitted":false,"reading":false,"sync":true,"needReadable":false,"emittedReadable":false,"readableListening":false,"resumeScheduled":false,"destroyed":false,"defaultEncoding":"utf8","awaitDrain":0,"readingMore":false,"decoder":null,"encoding":null},"readable":true,"domain":null,"_events":{},"_eventsCount":2,"path":"D:\\work\\liushiyizu\\client\\service\\webApp\\html\\error\\404.html","fd":null,"flags":"r","mode":438,"autoClose":true,"bytesRead":0}
*************** response log end ***************

[2018-03-06T10:54:05.303] [INFO] resLogger - 
*************** response log start ***************
request method: GET
request originalUrl:  /css/common.css
request client ip:  ::ffff:127.0.0.1
request query:  {}
response time: 0
response status: 404
response body: 
undefined
*************** response log end ***************

[2018-03-06T10:54:05.309] [INFO] resLogger - 
*************** response log start ***************
request method: GET
request originalUrl:  /css/main.css
request client ip:  ::ffff:127.0.0.1
request query:  {}
response time: 0
response status: 404
response body: 
undefined
*************** response log end ***************

[2018-03-06T10:54:05.367] [INFO] resLogger - 
*************** response log start ***************
request method: GET
request originalUrl:  /favicon.ico
request client ip:  ::ffff:127.0.0.1
request query:  {}
response time: 1
response status: 302
response body: 
"Redirecting to <a href=\"/error/404\">/error/404</a>."
*************** response log end ***************

[2018-03-06T10:54:05.392] [INFO] resLogger - 
*************** response log start ***************
request method: GET
request originalUrl:  /favicon.ico
request client ip:  ::ffff:127.0.0.1
request query:  {}
response time: 0
response status: 302
response body: 
"Redirecting to <a href=\"/error/404\">/error/404</a>."
*************** response log end ***************

[2018-03-06T10:54:05.409] [INFO] resLogger - 
*************** response log start ***************
request method: GET
request originalUrl:  /error/404
request client ip:  ::ffff:127.0.0.1
request query:  {}
response time: 3
response status: 200
response body: 
{"_readableState":{"objectMode":false,"highWaterMark":65536,"buffer":{"head":null,"tail":null,"length":0},"length":0,"pipes":null,"pipesCount":0,"flowing":null,"ended":false,"endEmitted":false,"reading":false,"sync":true,"needReadable":false,"emittedReadable":false,"readableListening":false,"resumeScheduled":false,"destroyed":false,"defaultEncoding":"utf8","awaitDrain":0,"readingMore":false,"decoder":null,"encoding":null},"readable":true,"domain":null,"_events":{},"_eventsCount":2,"path":"D:\\work\\liushiyizu\\client\\service\\webApp\\html\\error\\404.html","fd":null,"flags":"r","mode":438,"autoClose":true,"bytesRead":0}
*************** response log end ***************

[2018-03-06T10:54:10.960] [INFO] resLogger - 
*************** response log start ***************
request method: GET
request originalUrl:  /user/private
request client ip:  ::ffff:127.0.0.1
request query:  {}
response time: 1
response status: 200
response body: 
{"_readableState":{"objectMode":false,"highWaterMark":65536,"buffer":{"head":null,"tail":null,"length":0},"length":0,"pipes":null,"pipesCount":0,"flowing":null,"ended":false,"endEmitted":false,"reading":false,"sync":true,"needReadable":false,"emittedReadable":false,"readableListening":false,"resumeScheduled":false,"destroyed":false,"defaultEncoding":"utf8","awaitDrain":0,"readingMore":false,"decoder":null,"encoding":null},"readable":true,"domain":null,"_events":{},"_eventsCount":2,"path":"D:\\work\\liushiyizu\\client\\service\\webApp\\dist\\html\\user\\index.html","fd":null,"flags":"r","mode":438,"autoClose":true,"bytesRead":0}
*************** response log end ***************

[2018-03-06T10:54:27.639] [INFO] resLogger - 
*************** response log start ***************
request method: GET
request originalUrl:  /user/private
request client ip:  ::ffff:127.0.0.1
request query:  {}
response time: 1
response status: 200
response body: 
{"_readableState":{"objectMode":false,"highWaterMark":65536,"buffer":{"head":null,"tail":null,"length":0},"length":0,"pipes":null,"pipesCount":0,"flowing":null,"ended":false,"endEmitted":false,"reading":false,"sync":true,"needReadable":false,"emittedReadable":false,"readableListening":false,"resumeScheduled":false,"destroyed":false,"defaultEncoding":"utf8","awaitDrain":0,"readingMore":false,"decoder":null,"encoding":null},"readable":true,"domain":null,"_events":{},"_eventsCount":2,"path":"D:\\work\\liushiyizu\\client\\service\\webApp\\dist\\html\\user\\index.html","fd":null,"flags":"r","mode":438,"autoClose":true,"bytesRead":0}
*************** response log end ***************

[2018-03-06T10:54:42.012] [INFO] resLogger - 
*************** response log start ***************
request method: GET
request originalUrl:  /user/private
request client ip:  ::ffff:127.0.0.1
request query:  {}
response time: 2
response status: 200
response body: 
{"_readableState":{"objectMode":false,"highWaterMark":65536,"buffer":{"head":null,"tail":null,"length":0},"length":0,"pipes":null,"pipesCount":0,"flowing":null,"ended":false,"endEmitted":false,"reading":false,"sync":true,"needReadable":false,"emittedReadable":false,"readableListening":false,"resumeScheduled":false,"destroyed":false,"defaultEncoding":"utf8","awaitDrain":0,"readingMore":false,"decoder":null,"encoding":null},"readable":true,"domain":null,"_events":{},"_eventsCount":2,"path":"D:\\work\\liushiyizu\\client\\service\\webApp\\dist\\html\\user\\index.html","fd":null,"flags":"r","mode":438,"autoClose":true,"bytesRead":0}
*************** response log end ***************

[2018-03-06T10:55:03.194] [INFO] resLogger - 
*************** response log start ***************
request method: GET
request originalUrl:  /user/private
request client ip:  ::ffff:127.0.0.1
request query:  {}
response time: 1
response status: 200
response body: 
{"_readableState":{"objectMode":false,"highWaterMark":65536,"buffer":{"head":null,"tail":null,"length":0},"length":0,"pipes":null,"pipesCount":0,"flowing":null,"ended":false,"endEmitted":false,"reading":false,"sync":true,"needReadable":false,"emittedReadable":false,"readableListening":false,"resumeScheduled":false,"destroyed":false,"defaultEncoding":"utf8","awaitDrain":0,"readingMore":false,"decoder":null,"encoding":null},"readable":true,"domain":null,"_events":{},"_eventsCount":2,"path":"D:\\work\\liushiyizu\\client\\service\\webApp\\dist\\html\\user\\index.html","fd":null,"flags":"r","mode":438,"autoClose":true,"bytesRead":0}
*************** response log end ***************

[2018-03-06T10:55:29.371] [INFO] resLogger - 
*************** response log start ***************
request method: GET
request originalUrl:  /
request client ip:  ::ffff:127.0.0.1
request query:  {}
response time: 1
response status: 200
response body: 
{"_readableState":{"objectMode":false,"highWaterMark":65536,"buffer":{"head":null,"tail":null,"length":0},"length":0,"pipes":null,"pipesCount":0,"flowing":null,"ended":false,"endEmitted":false,"reading":false,"sync":true,"needReadable":false,"emittedReadable":false,"readableListening":false,"resumeScheduled":false,"destroyed":false,"defaultEncoding":"utf8","awaitDrain":0,"readingMore":false,"decoder":null,"encoding":null},"readable":true,"domain":null,"_events":{},"_eventsCount":2,"path":"D:\\work\\liushiyizu\\client\\service\\webApp\\dist\\html\\index.html","fd":null,"flags":"r","mode":438,"autoClose":true,"bytesRead":0}
*************** response log end ***************

[2018-03-06T10:55:29.839] [INFO] resLogger - 
*************** response log start ***************
request method: GET
request originalUrl:  /img/captcha
request client ip:  ::ffff:127.0.0.1
request query:  {}
response time: 1
response status: 200
response body: 
{"_readableState":{"objectMode":false,"highWaterMark":65536,"buffer":{"head":null,"tail":null,"length":0},"length":0,"pipes":null,"pipesCount":0,"flowing":null,"ended":false,"endEmitted":false,"reading":false,"sync":true,"needReadable":false,"emittedReadable":false,"readableListening":false,"resumeScheduled":false,"destroyed":false,"defaultEncoding":"utf8","awaitDrain":0,"readingMore":false,"decoder":null,"encoding":null},"readable":true,"domain":null,"_events":{},"_eventsCount":2,"path":"D:\\work\\liushiyizu\\client\\service\\webApp\\static\\images\\captcha\\detler.jpg","fd":null,"flags":"r","mode":438,"autoClose":true,"bytesRead":0}
*************** response log end ***************

[2018-03-06T11:05:51.249] [INFO] resLogger - 
*************** response log start ***************
request method: GET
request originalUrl:  /
request client ip:  ::ffff:127.0.0.1
request query:  {}
response time: 1
response status: 200
response body: 
{"_readableState":{"objectMode":false,"highWaterMark":65536,"buffer":{"head":null,"tail":null,"length":0},"length":0,"pipes":null,"pipesCount":0,"flowing":null,"ended":false,"endEmitted":false,"reading":false,"sync":true,"needReadable":false,"emittedReadable":false,"readableListening":false,"resumeScheduled":false,"destroyed":false,"defaultEncoding":"utf8","awaitDrain":0,"readingMore":false,"decoder":null,"encoding":null},"readable":true,"domain":null,"_events":{},"_eventsCount":2,"path":"D:\\work\\liushiyizu\\client\\service\\webApp\\dist\\html\\index.html","fd":null,"flags":"r","mode":438,"autoClose":true,"bytesRead":0}
*************** response log end ***************

[2018-03-06T11:05:51.712] [INFO] resLogger - 
*************** response log start ***************
request method: GET
request originalUrl:  /img/captcha
request client ip:  ::ffff:127.0.0.1
request query:  {}
response time: 1
response status: 200
response body: 
{"_readableState":{"objectMode":false,"highWaterMark":65536,"buffer":{"head":null,"tail":null,"length":0},"length":0,"pipes":null,"pipesCount":0,"flowing":null,"ended":false,"endEmitted":false,"reading":false,"sync":true,"needReadable":false,"emittedReadable":false,"readableListening":false,"resumeScheduled":false,"destroyed":false,"defaultEncoding":"utf8","awaitDrain":0,"readingMore":false,"decoder":null,"encoding":null},"readable":true,"domain":null,"_events":{},"_eventsCount":2,"path":"D:\\work\\liushiyizu\\client\\service\\webApp\\static\\images\\captcha\\lauding.jpg","fd":null,"flags":"r","mode":438,"autoClose":true,"bytesRead":0}
*************** response log end ***************

[2018-03-06T11:06:37.819] [INFO] resLogger - 
*************** response log start ***************
request method: GET
request originalUrl:  /
request client ip:  ::ffff:127.0.0.1
request query:  {}
response time: 1
response status: 200
response body: 
{"_readableState":{"objectMode":false,"highWaterMark":65536,"buffer":{"head":null,"tail":null,"length":0},"length":0,"pipes":null,"pipesCount":0,"flowing":null,"ended":false,"endEmitted":false,"reading":false,"sync":true,"needReadable":false,"emittedReadable":false,"readableListening":false,"resumeScheduled":false,"destroyed":false,"defaultEncoding":"utf8","awaitDrain":0,"readingMore":false,"decoder":null,"encoding":null},"readable":true,"domain":null,"_events":{},"_eventsCount":2,"path":"D:\\work\\liushiyizu\\client\\service\\webApp\\dist\\html\\index.html","fd":null,"flags":"r","mode":438,"autoClose":true,"bytesRead":0}
*************** response log end ***************

[2018-03-06T11:06:38.391] [INFO] resLogger - 
*************** response log start ***************
request method: GET
request originalUrl:  /img/captcha
request client ip:  ::ffff:127.0.0.1
request query:  {}
response time: 1
response status: 200
response body: 
{"_readableState":{"objectMode":false,"highWaterMark":65536,"buffer":{"head":null,"tail":null,"length":0},"length":0,"pipes":null,"pipesCount":0,"flowing":null,"ended":false,"endEmitted":false,"reading":false,"sync":true,"needReadable":false,"emittedReadable":false,"readableListening":false,"resumeScheduled":false,"destroyed":false,"defaultEncoding":"utf8","awaitDrain":0,"readingMore":false,"decoder":null,"encoding":null},"readable":true,"domain":null,"_events":{},"_eventsCount":2,"path":"D:\\work\\liushiyizu\\client\\service\\webApp\\static\\images\\captcha\\othsely.jpg","fd":null,"flags":"r","mode":438,"autoClose":true,"bytesRead":0}
*************** response log end ***************

[2018-03-06T11:06:49.931] [INFO] resLogger - 
*************** response log start ***************
request method: GET
request originalUrl:  /
request client ip:  ::ffff:127.0.0.1
request query:  {}
response time: 1
response status: 200
response body: 
{"_readableState":{"objectMode":false,"highWaterMark":65536,"buffer":{"head":null,"tail":null,"length":0},"length":0,"pipes":null,"pipesCount":0,"flowing":null,"ended":false,"endEmitted":false,"reading":false,"sync":true,"needReadable":false,"emittedReadable":false,"readableListening":false,"resumeScheduled":false,"destroyed":false,"defaultEncoding":"utf8","awaitDrain":0,"readingMore":false,"decoder":null,"encoding":null},"readable":true,"domain":null,"_events":{},"_eventsCount":2,"path":"D:\\work\\liushiyizu\\client\\service\\webApp\\dist\\html\\index.html","fd":null,"flags":"r","mode":438,"autoClose":true,"bytesRead":0}
*************** response log end ***************

[2018-03-06T11:06:50.527] [INFO] resLogger - 
*************** response log start ***************
request method: GET
request originalUrl:  /img/captcha
request client ip:  ::ffff:127.0.0.1
request query:  {}
response time: 1
response status: 200
response body: 
{"_readableState":{"objectMode":false,"highWaterMark":65536,"buffer":{"head":null,"tail":null,"length":0},"length":0,"pipes":null,"pipesCount":0,"flowing":null,"ended":false,"endEmitted":false,"reading":false,"sync":true,"needReadable":false,"emittedReadable":false,"readableListening":false,"resumeScheduled":false,"destroyed":false,"defaultEncoding":"utf8","awaitDrain":0,"readingMore":false,"decoder":null,"encoding":null},"readable":true,"domain":null,"_events":{},"_eventsCount":2,"path":"D:\\work\\liushiyizu\\client\\service\\webApp\\static\\images\\captcha\\slohers.jpg","fd":null,"flags":"r","mode":438,"autoClose":true,"bytesRead":0}
*************** response log end ***************

[2018-03-06T11:06:51.149] [INFO] resLogger - 
*************** response log start ***************
request method: GET
request originalUrl:  /static/upload/head/liu.jpg
request client ip:  ::ffff:127.0.0.1
request query:  {}
response time: 0
response status: 404
response body: 
undefined
*************** response log end ***************

[2018-03-06T11:08:32.166] [INFO] resLogger - 
*************** response log start ***************
request method: GET
request originalUrl:  /user/private
request client ip:  ::ffff:127.0.0.1
request query:  {}
response time: 3
response status: 200
response body: 
{"_readableState":{"objectMode":false,"highWaterMark":65536,"buffer":{"head":null,"tail":null,"length":0},"length":0,"pipes":null,"pipesCount":0,"flowing":null,"ended":false,"endEmitted":false,"reading":false,"sync":true,"needReadable":false,"emittedReadable":false,"readableListening":false,"resumeScheduled":false,"destroyed":false,"defaultEncoding":"utf8","awaitDrain":0,"readingMore":false,"decoder":null,"encoding":null},"readable":true,"domain":null,"_events":{},"_eventsCount":2,"path":"D:\\work\\liushiyizu\\client\\service\\webApp\\dist\\html\\user\\index.html","fd":null,"flags":"r","mode":438,"autoClose":true,"bytesRead":0}
*************** response log end ***************

[2018-03-06T11:08:33.603] [INFO] resLogger - 
*************** response log start ***************
request method: GET
request originalUrl:  /static/upload/head/liu.jpg
request client ip:  ::ffff:127.0.0.1
request query:  {}
response time: 0
response status: 404
response body: 
undefined
*************** response log end ***************

[2018-03-06T11:08:34.901] [INFO] resLogger - 
*************** response log start ***************
request method: GET
request originalUrl:  /static/upload/head/liu.jpg
request client ip:  ::ffff:127.0.0.1
request query:  {}
response time: 0
response status: 404
response body: 
undefined
*************** response log end ***************

[2018-03-06T11:10:09.481] [INFO] resLogger - 
*************** response log start ***************
request method: GET
request originalUrl:  /user/private
request client ip:  ::ffff:127.0.0.1
request query:  {}
response time: 0
response status: 200
response body: 
{"_readableState":{"objectMode":false,"highWaterMark":65536,"buffer":{"head":null,"tail":null,"length":0},"length":0,"pipes":null,"pipesCount":0,"flowing":null,"ended":false,"endEmitted":false,"reading":false,"sync":true,"needReadable":false,"emittedReadable":false,"readableListening":false,"resumeScheduled":false,"destroyed":false,"defaultEncoding":"utf8","awaitDrain":0,"readingMore":false,"decoder":null,"encoding":null},"readable":true,"domain":null,"_events":{},"_eventsCount":2,"path":"D:\\work\\liushiyizu\\client\\service\\webApp\\dist\\html\\user\\index.html","fd":null,"flags":"r","mode":438,"autoClose":true,"bytesRead":0}
*************** response log end ***************

[2018-03-06T11:10:11.106] [INFO] resLogger - 
*************** response log start ***************
request method: GET
request originalUrl:  /static/upload/head/liu.jpg
request client ip:  ::ffff:127.0.0.1
request query:  {}
response time: 0
response status: 404
response body: 
undefined
*************** response log end ***************

[2018-03-06T11:15:59.796] [INFO] resLogger - 
*************** response log start ***************
request method: GET
request originalUrl:  /static/upload/head/liu.jpg
request client ip:  ::ffff:127.0.0.1
request query:  {}
response time: 0
response status: 404
response body: 
undefined
*************** response log end ***************

[2018-03-06T11:35:13.024] [INFO] resLogger - 
*************** response log start ***************
request method: GET
request originalUrl:  /
request client ip:  ::ffff:127.0.0.1
request query:  {}
response time: 1
response status: 200
response body: 
{"_readableState":{"objectMode":false,"highWaterMark":65536,"buffer":{"head":null,"tail":null,"length":0},"length":0,"pipes":null,"pipesCount":0,"flowing":null,"ended":false,"endEmitted":false,"reading":false,"sync":true,"needReadable":false,"emittedReadable":false,"readableListening":false,"resumeScheduled":false,"destroyed":false,"defaultEncoding":"utf8","awaitDrain":0,"readingMore":false,"decoder":null,"encoding":null},"readable":true,"domain":null,"_events":{},"_eventsCount":2,"path":"D:\\work\\liushiyizu\\client\\service\\webApp\\dist\\html\\index.html","fd":null,"flags":"r","mode":438,"autoClose":true,"bytesRead":0}
*************** response log end ***************

[2018-03-06T11:35:13.598] [INFO] resLogger - 
*************** response log start ***************
request method: GET
request originalUrl:  /img/captcha
request client ip:  ::ffff:127.0.0.1
request query:  {}
response time: 1
response status: 200
response body: 
{"_readableState":{"objectMode":false,"highWaterMark":65536,"buffer":{"head":null,"tail":null,"length":0},"length":0,"pipes":null,"pipesCount":0,"flowing":null,"ended":false,"endEmitted":false,"reading":false,"sync":true,"needReadable":false,"emittedReadable":false,"readableListening":false,"resumeScheduled":false,"destroyed":false,"defaultEncoding":"utf8","awaitDrain":0,"readingMore":false,"decoder":null,"encoding":null},"readable":true,"domain":null,"_events":{},"_eventsCount":2,"path":"D:\\work\\liushiyizu\\client\\service\\webApp\\static\\images\\captcha\\cqphers.jpg","fd":null,"flags":"r","mode":438,"autoClose":true,"bytesRead":0}
*************** response log end ***************

[2018-03-06T11:35:16.912] [INFO] resLogger - 
*************** response log start ***************
request method: GET
request originalUrl:  /
request client ip:  ::ffff:127.0.0.1
request query:  {}
response time: 1
response status: 200
response body: 
{"_readableState":{"objectMode":false,"highWaterMark":65536,"buffer":{"head":null,"tail":null,"length":0},"length":0,"pipes":null,"pipesCount":0,"flowing":null,"ended":false,"endEmitted":false,"reading":false,"sync":true,"needReadable":false,"emittedReadable":false,"readableListening":false,"resumeScheduled":false,"destroyed":false,"defaultEncoding":"utf8","awaitDrain":0,"readingMore":false,"decoder":null,"encoding":null},"readable":true,"domain":null,"_events":{},"_eventsCount":2,"path":"D:\\work\\liushiyizu\\client\\service\\webApp\\dist\\html\\index.html","fd":null,"flags":"r","mode":438,"autoClose":true,"bytesRead":0}
*************** response log end ***************

[2018-03-06T11:35:17.429] [INFO] resLogger - 
*************** response log start ***************
request method: GET
request originalUrl:  /img/captcha
request client ip:  ::ffff:127.0.0.1
request query:  {}
response time: 1
response status: 200
response body: 
{"_readableState":{"objectMode":false,"highWaterMark":65536,"buffer":{"head":null,"tail":null,"length":0},"length":0,"pipes":null,"pipesCount":0,"flowing":null,"ended":false,"endEmitted":false,"reading":false,"sync":true,"needReadable":false,"emittedReadable":false,"readableListening":false,"resumeScheduled":false,"destroyed":false,"defaultEncoding":"utf8","awaitDrain":0,"readingMore":false,"decoder":null,"encoding":null},"readable":true,"domain":null,"_events":{},"_eventsCount":2,"path":"D:\\work\\liushiyizu\\client\\service\\webApp\\static\\images\\captcha\\ankthed.jpg","fd":null,"flags":"r","mode":438,"autoClose":true,"bytesRead":0}
*************** response log end ***************

[2018-03-06T11:42:55.964] [INFO] resLogger - 
*************** response log start ***************
request method: GET
request originalUrl:  /
request client ip:  ::ffff:127.0.0.1
request query:  {}
response time: 2
response status: 200
response body: 
{"_readableState":{"objectMode":false,"highWaterMark":65536,"buffer":{"head":null,"tail":null,"length":0},"length":0,"pipes":null,"pipesCount":0,"flowing":null,"ended":false,"endEmitted":false,"reading":false,"sync":true,"needReadable":false,"emittedReadable":false,"readableListening":false,"resumeScheduled":false,"destroyed":false,"defaultEncoding":"utf8","awaitDrain":0,"readingMore":false,"decoder":null,"encoding":null},"readable":true,"domain":null,"_events":{},"_eventsCount":2,"path":"D:\\work\\liushiyizu\\client\\service\\webApp\\dist\\html\\index.html","fd":null,"flags":"r","mode":438,"autoClose":true,"bytesRead":0}
*************** response log end ***************

[2018-03-06T11:42:56.608] [INFO] resLogger - 
*************** response log start ***************
request method: GET
request originalUrl:  /img/captcha
request client ip:  ::ffff:127.0.0.1
request query:  {}
response time: 1
response status: 200
response body: 
{"_readableState":{"objectMode":false,"highWaterMark":65536,"buffer":{"head":null,"tail":null,"length":0},"length":0,"pipes":null,"pipesCount":0,"flowing":null,"ended":false,"endEmitted":false,"reading":false,"sync":true,"needReadable":false,"emittedReadable":false,"readableListening":false,"resumeScheduled":false,"destroyed":false,"defaultEncoding":"utf8","awaitDrain":0,"readingMore":false,"decoder":null,"encoding":null},"readable":true,"domain":null,"_events":{},"_eventsCount":2,"path":"D:\\work\\liushiyizu\\client\\service\\webApp\\static\\images\\captcha\\sunding.jpg","fd":null,"flags":"r","mode":438,"autoClose":true,"bytesRead":0}
*************** response log end ***************

[2018-03-06T11:43:06.470] [INFO] resLogger - 
*************** response log start ***************
request method: GET
request originalUrl:  /
request client ip:  ::ffff:127.0.0.1
request query:  {}
response time: 2
response status: 200
response body: 
{"_readableState":{"objectMode":false,"highWaterMark":65536,"buffer":{"head":null,"tail":null,"length":0},"length":0,"pipes":null,"pipesCount":0,"flowing":null,"ended":false,"endEmitted":false,"reading":false,"sync":true,"needReadable":false,"emittedReadable":false,"readableListening":false,"resumeScheduled":false,"destroyed":false,"defaultEncoding":"utf8","awaitDrain":0,"readingMore":false,"decoder":null,"encoding":null},"readable":true,"domain":null,"_events":{},"_eventsCount":2,"path":"D:\\work\\liushiyizu\\client\\service\\webApp\\dist\\html\\index.html","fd":null,"flags":"r","mode":438,"autoClose":true,"bytesRead":0}
*************** response log end ***************

[2018-03-06T11:43:07.068] [INFO] resLogger - 
*************** response log start ***************
request method: GET
request originalUrl:  /img/captcha
request client ip:  ::ffff:127.0.0.1
request query:  {}
response time: 1
response status: 200
response body: 
{"_readableState":{"objectMode":false,"highWaterMark":65536,"buffer":{"head":null,"tail":null,"length":0},"length":0,"pipes":null,"pipesCount":0,"flowing":null,"ended":false,"endEmitted":false,"reading":false,"sync":true,"needReadable":false,"emittedReadable":false,"readableListening":false,"resumeScheduled":false,"destroyed":false,"defaultEncoding":"utf8","awaitDrain":0,"readingMore":false,"decoder":null,"encoding":null},"readable":true,"domain":null,"_events":{},"_eventsCount":2,"path":"D:\\work\\liushiyizu\\client\\service\\webApp\\static\\images\\captcha\\othsely.jpg","fd":null,"flags":"r","mode":438,"autoClose":true,"bytesRead":0}
*************** response log end ***************

[2018-03-06T11:43:07.806] [INFO] resLogger - 
*************** response log start ***************
request method: GET
request originalUrl:  /static/upload/head/liu.jpg
request client ip:  ::ffff:127.0.0.1
request query:  {}
response time: 0
response status: 404
response body: 
undefined
*************** response log end ***************

[2018-03-06T11:43:08.623] [INFO] resLogger - 
*************** response log start ***************
request method: GET
request originalUrl:  /user/private
request client ip:  ::ffff:127.0.0.1
request query:  {}
response time: 1
response status: 200
response body: 
{"_readableState":{"objectMode":false,"highWaterMark":65536,"buffer":{"head":null,"tail":null,"length":0},"length":0,"pipes":null,"pipesCount":0,"flowing":null,"ended":false,"endEmitted":false,"reading":false,"sync":true,"needReadable":false,"emittedReadable":false,"readableListening":false,"resumeScheduled":false,"destroyed":false,"defaultEncoding":"utf8","awaitDrain":0,"readingMore":false,"decoder":null,"encoding":null},"readable":true,"domain":null,"_events":{},"_eventsCount":2,"path":"D:\\work\\liushiyizu\\client\\service\\webApp\\dist\\html\\user\\index.html","fd":null,"flags":"r","mode":438,"autoClose":true,"bytesRead":0}
*************** response log end ***************

[2018-03-06T11:43:10.005] [INFO] resLogger - 
*************** response log start ***************
request method: GET
request originalUrl:  /static/upload/head/liu.jpg
request client ip:  ::ffff:127.0.0.1
request query:  {}
response time: 1
response status: 404
response body: 
undefined
*************** response log end ***************

[2018-03-06T11:43:10.537] [INFO] resLogger - 
*************** response log start ***************
request method: GET
request originalUrl:  /static/upload/head/liu.jpg
request client ip:  ::ffff:127.0.0.1
request query:  {}
response time: 0
response status: 404
response body: 
undefined
*************** response log end ***************

[2018-03-06T11:43:14.780] [INFO] resLogger - 
*************** response log start ***************
request method: GET
request originalUrl:  /user/private
request client ip:  ::ffff:127.0.0.1
request query:  {}
response time: 2
response status: 200
response body: 
{"_readableState":{"objectMode":false,"highWaterMark":65536,"buffer":{"head":null,"tail":null,"length":0},"length":0,"pipes":null,"pipesCount":0,"flowing":null,"ended":false,"endEmitted":false,"reading":false,"sync":true,"needReadable":false,"emittedReadable":false,"readableListening":false,"resumeScheduled":false,"destroyed":false,"defaultEncoding":"utf8","awaitDrain":0,"readingMore":false,"decoder":null,"encoding":null},"readable":true,"domain":null,"_events":{},"_eventsCount":2,"path":"D:\\work\\liushiyizu\\client\\service\\webApp\\dist\\html\\user\\index.html","fd":null,"flags":"r","mode":438,"autoClose":true,"bytesRead":0}
*************** response log end ***************

[2018-03-06T11:43:31.016] [INFO] resLogger - 
*************** response log start ***************
request method: GET
request originalUrl:  /
request client ip:  ::ffff:127.0.0.1
request query:  {}
response time: 1
response status: 200
response body: 
{"_readableState":{"objectMode":false,"highWaterMark":65536,"buffer":{"head":null,"tail":null,"length":0},"length":0,"pipes":null,"pipesCount":0,"flowing":null,"ended":false,"endEmitted":false,"reading":false,"sync":true,"needReadable":false,"emittedReadable":false,"readableListening":false,"resumeScheduled":false,"destroyed":false,"defaultEncoding":"utf8","awaitDrain":0,"readingMore":false,"decoder":null,"encoding":null},"readable":true,"domain":null,"_events":{},"_eventsCount":2,"path":"D:\\work\\liushiyizu\\client\\service\\webApp\\dist\\html\\index.html","fd":null,"flags":"r","mode":438,"autoClose":true,"bytesRead":0}
*************** response log end ***************

[2018-03-06T11:43:31.816] [INFO] resLogger - 
*************** response log start ***************
request method: GET
request originalUrl:  /img/captcha
request client ip:  ::ffff:127.0.0.1
request query:  {}
response time: 2
response status: 200
response body: 
{"_readableState":{"objectMode":false,"highWaterMark":65536,"buffer":{"head":null,"tail":null,"length":0},"length":0,"pipes":null,"pipesCount":0,"flowing":null,"ended":false,"endEmitted":false,"reading":false,"sync":true,"needReadable":false,"emittedReadable":false,"readableListening":false,"resumeScheduled":false,"destroyed":false,"defaultEncoding":"utf8","awaitDrain":0,"readingMore":false,"decoder":null,"encoding":null},"readable":true,"domain":null,"_events":{},"_eventsCount":2,"path":"D:\\work\\liushiyizu\\client\\service\\webApp\\static\\images\\captcha\\detler.jpg","fd":null,"flags":"r","mode":438,"autoClose":true,"bytesRead":0}
*************** response log end ***************

[2018-03-06T11:43:35.778] [INFO] resLogger - 
*************** response log start ***************
request method: GET
request originalUrl:  /
request client ip:  ::ffff:127.0.0.1
request query:  {}
response time: 2
response status: 200
response body: 
{"_readableState":{"objectMode":false,"highWaterMark":65536,"buffer":{"head":null,"tail":null,"length":0},"length":0,"pipes":null,"pipesCount":0,"flowing":null,"ended":false,"endEmitted":false,"reading":false,"sync":true,"needReadable":false,"emittedReadable":false,"readableListening":false,"resumeScheduled":false,"destroyed":false,"defaultEncoding":"utf8","awaitDrain":0,"readingMore":false,"decoder":null,"encoding":null},"readable":true,"domain":null,"_events":{},"_eventsCount":2,"path":"D:\\work\\liushiyizu\\client\\service\\webApp\\dist\\html\\index.html","fd":null,"flags":"r","mode":438,"autoClose":true,"bytesRead":0}
*************** response log end ***************

[2018-03-06T11:43:36.434] [INFO] resLogger - 
*************** response log start ***************
request method: GET
request originalUrl:  /img/captcha
request client ip:  ::ffff:127.0.0.1
request query:  {}
response time: 1
response status: 200
response body: 
{"_readableState":{"objectMode":false,"highWaterMark":65536,"buffer":{"head":null,"tail":null,"length":0},"length":0,"pipes":null,"pipesCount":0,"flowing":null,"ended":false,"endEmitted":false,"reading":false,"sync":true,"needReadable":false,"emittedReadable":false,"readableListening":false,"resumeScheduled":false,"destroyed":false,"defaultEncoding":"utf8","awaitDrain":0,"readingMore":false,"decoder":null,"encoding":null},"readable":true,"domain":null,"_events":{},"_eventsCount":2,"path":"D:\\work\\liushiyizu\\client\\service\\webApp\\static\\images\\captcha\\sunding.jpg","fd":null,"flags":"r","mode":438,"autoClose":true,"bytesRead":0}
*************** response log end ***************

[2018-03-06T11:51:23.644] [INFO] resLogger - 
*************** response log start ***************
request method: GET
request originalUrl:  /
request client ip:  ::ffff:127.0.0.1
request query:  {}
response time: 4
response status: 200
response body: 
{"_readableState":{"objectMode":false,"highWaterMark":65536,"buffer":{"head":null,"tail":null,"length":0},"length":0,"pipes":null,"pipesCount":0,"flowing":null,"ended":false,"endEmitted":false,"reading":false,"sync":true,"needReadable":false,"emittedReadable":false,"readableListening":false,"resumeScheduled":false,"destroyed":false,"defaultEncoding":"utf8","awaitDrain":0,"readingMore":false,"decoder":null,"encoding":null},"readable":true,"domain":null,"_events":{},"_eventsCount":2,"path":"D:\\work\\liushiyizu\\client\\service\\webApp\\dist\\html\\index.html","fd":null,"flags":"r","mode":438,"autoClose":true,"bytesRead":0}
*************** response log end ***************

[2018-03-06T11:51:24.296] [INFO] resLogger - 
*************** response log start ***************
request method: GET
request originalUrl:  /img/captcha
request client ip:  ::ffff:127.0.0.1
request query:  {}
response time: 3
response status: 200
response body: 
{"_readableState":{"objectMode":false,"highWaterMark":65536,"buffer":{"head":null,"tail":null,"length":0},"length":0,"pipes":null,"pipesCount":0,"flowing":null,"ended":false,"endEmitted":false,"reading":false,"sync":true,"needReadable":false,"emittedReadable":false,"readableListening":false,"resumeScheduled":false,"destroyed":false,"defaultEncoding":"utf8","awaitDrain":0,"readingMore":false,"decoder":null,"encoding":null},"readable":true,"domain":null,"_events":{},"_eventsCount":2,"path":"D:\\work\\liushiyizu\\client\\service\\webApp\\static\\images\\captcha\\lauding.jpg","fd":null,"flags":"r","mode":438,"autoClose":true,"bytesRead":0}
*************** response log end ***************

[2018-03-06T11:51:32.655] [INFO] resLogger - 
*************** response log start ***************
request method: GET
request originalUrl:  /
request client ip:  ::ffff:127.0.0.1
request query:  {}
response time: 2
response status: 200
response body: 
{"_readableState":{"objectMode":false,"highWaterMark":65536,"buffer":{"head":null,"tail":null,"length":0},"length":0,"pipes":null,"pipesCount":0,"flowing":null,"ended":false,"endEmitted":false,"reading":false,"sync":true,"needReadable":false,"emittedReadable":false,"readableListening":false,"resumeScheduled":false,"destroyed":false,"defaultEncoding":"utf8","awaitDrain":0,"readingMore":false,"decoder":null,"encoding":null},"readable":true,"domain":null,"_events":{},"_eventsCount":2,"path":"D:\\work\\liushiyizu\\client\\service\\webApp\\dist\\html\\index.html","fd":null,"flags":"r","mode":438,"autoClose":true,"bytesRead":0}
*************** response log end ***************

[2018-03-06T11:51:33.246] [INFO] resLogger - 
*************** response log start ***************
request method: GET
request originalUrl:  /img/captcha
request client ip:  ::ffff:127.0.0.1
request query:  {}
response time: 1
response status: 200
response body: 
{"_readableState":{"objectMode":false,"highWaterMark":65536,"buffer":{"head":null,"tail":null,"length":0},"length":0,"pipes":null,"pipesCount":0,"flowing":null,"ended":false,"endEmitted":false,"reading":false,"sync":true,"needReadable":false,"emittedReadable":false,"readableListening":false,"resumeScheduled":false,"destroyed":false,"defaultEncoding":"utf8","awaitDrain":0,"readingMore":false,"decoder":null,"encoding":null},"readable":true,"domain":null,"_events":{},"_eventsCount":2,"path":"D:\\work\\liushiyizu\\client\\service\\webApp\\static\\images\\captcha\\ankthed.jpg","fd":null,"flags":"r","mode":438,"autoClose":true,"bytesRead":0}
*************** response log end ***************

[2018-03-06T11:51:33.946] [INFO] resLogger - 
*************** response log start ***************
request method: GET
request originalUrl:  /head/head_1517300344018.jpg
request client ip:  ::ffff:127.0.0.1
request query:  {}
response time: 5
response status: 302
response body: 
"Redirecting to <a href=\"/error/404\">/error/404</a>."
*************** response log end ***************

[2018-03-06T11:51:34.002] [INFO] resLogger - 
*************** response log start ***************
request method: GET
request originalUrl:  /error/404
request client ip:  ::ffff:127.0.0.1
request query:  {}
response time: 2
response status: 200
response body: 
{"_readableState":{"objectMode":false,"highWaterMark":65536,"buffer":{"head":null,"tail":null,"length":0},"length":0,"pipes":null,"pipesCount":0,"flowing":null,"ended":false,"endEmitted":false,"reading":false,"sync":true,"needReadable":false,"emittedReadable":false,"readableListening":false,"resumeScheduled":false,"destroyed":false,"defaultEncoding":"utf8","awaitDrain":0,"readingMore":false,"decoder":null,"encoding":null},"readable":true,"domain":null,"_events":{},"_eventsCount":2,"path":"D:\\work\\liushiyizu\\client\\service\\webApp\\html\\error\\404.html","fd":null,"flags":"r","mode":438,"autoClose":true,"bytesRead":0}
*************** response log end ***************

