[2018-12-03T10:02:58.941] [INFO] resLogger - 
*************** response log start ***************
request method: GET
request originalUrl:  /
request client ip:  ::ffff:127.0.0.1
request query:  {}
response time: 1916
response status: 200
response body: 
"<!DOCTYPE html>\r\n<html>\r\n\r\n<head>\r\n    <title>刘氏一族</title>\r\n    <meta charset=\"utf-8\">\r\n<meta name=\"viewport\" content=\"width=device-width, initial-scale=1, maximum-scale=1, minimum-scale=1, user-scalable=no, minimal-ui\">\r\n<link rel=\"shortcut icon\" href=\"/static/images/favicon.ico\" type=\"image/x-icon\" />\r\n\r\n\n    <link rel=\"stylesheet\" type=\"text/css\" href=\"/static/js/plugin/swiper/swiper-4.3.3.min.css\" />\n    <link rel=\"stylesheet\" type=\"text/css\" href=\"/static/js/plugin/element_ui/index.css\" />\n    <link rel=\"stylesheet\" type=\"text/css\" href=\"/static/js/plugin/element_ui/my.css\" />\n    <link rel=\"stylesheet\" type=\"text/css\" href=\"/components/header/header.css\" />\n    <link rel=\"stylesheet\" type=\"text/css\" href=\"/components/login/login.css\" />\n    <link rel=\"stylesheet\" type=\"text/css\" href=\"/components/main/main.css\" />\n    <link rel=\"stylesheet\" type=\"text/css\" href=\"/components/footer/footer.css\" />\n    <link rel=\"stylesheet\" type=\"text/css\" href=\"/static/font/iconfont.css\" />\n    <link rel=\"stylesheet\" type=\"text/css\" href=\"/static/css/common.css\" />\n    <link rel=\"stylesheet\" type=\"text/css\" href=\"/static/css/main.css\" />\n</head>\r\n\r\n<body>\r\n    <div id=\"app\">\r\n        <liu-header :tab-id=\"1\"></liu-header>\r\n        <liu-main>\r\n            <div class=\"index_banner_box\">\r\n                <div id=\"swiper\" class=\"swiper-container\">\r\n                    <div class=\"swiper-wrapper\">\r\n                        <div class=\"swiper-slide\">\r\n                            <a class=\"banner\" href=\"/articles/16\" target=\"_blank\" style=\"background-image:url('/static/images/index/hai_zei_wang.jpg');\"></a>\r\n                        </div>\r\n                        <div class=\"swiper-slide\">\r\n                            <a class=\"banner\" href=\"/articles/17\" target=\"_blank\" style=\"background-image:url('/static/images/index/tian_xing_jiu_ge.png');\"></a>\r\n                        </div>\r\n                    </div>\r\n                    <div class=\"swiper-pagination\"></div>\r\n                    <div class=\"swiper-button-prev\"></div>\r\n                    <div class=\"swiper-button-next\"></div>\r\n                </div>\r\n            </div>\r\n            <div class=\"auto_box Ptp40\">\r\n                <div>\r\n                    <h2>最新文章</h2>\r\n                    <div class=\"article_list Ptp30\">\r\n                        <div class=\"hidden_tag\">\r\n                            \r\n                        </div>\r\n                        <div v-for=\"article in articles\" class=\"p_ibt item_box\">\r\n                            <a :href=\"'/articles/'+article.article_id\" target=\"_blank\">\r\n                                <h3 class=\"h3\">{{article.article_title}}</h3>\r\n                                <div class=\"content\" v-html=\"article.article_content\"></div>\r\n                                <div class=\"option_box\">\r\n                                    <span>作者：</span>\r\n                                    <span class=\"Mrt20 p_ibt WTO max_wid70\">{{article.user_name}}</span>\r\n                                    <span>时间：</span>\r\n                                    <span>{{dateFormat(article.article_edit_date)}}</span>\r\n                                </div>\r\n                            </a>\r\n                        </div>\r\n                    </div>\r\n                </div>\r\n            </div>\r\n        </liu-main>\r\n        <liu-footer></liu-footer>\r\n    </div>\r\n\n<script data-loader src=\"/static/js/common/mod.js\"></script>\n<script data-loader src=\"/static/js/common/utils.js\"></script>\n<script type=\"text/javascript\" src=\"/static/js/plugin/jquery/jquery.js\"></script>\n<script type=\"text/javascript\" src=\"/static/js/plugin/swiper/swiper-4.3.3.min.js\"></script>\n<script type=\"text/javascript\" src=\"/static/js/plugin/vue/vue.js\"></script>\n<script type=\"text/javascript\" src=\"/static/js/plugin/element_ui/index.js\"></script>\n<script type=\"text/javascript\" src=\"/components/login/login.js\"></script>\n<script type=\"text/javascript\" src=\"/components/header/header.js\"></script>\n<script type=\"text/javascript\" src=\"/components/main/main.js\"></script>\n<script type=\"text/javascript\" src=\"/components/footer/footer.js\"></script>\n<script type=\"text/javascript\" src=\"/static/js/index.js\"></script>\n<script>\r\n        require('jquery')('.hidden_tag').remove();\r\n        require(\"webApp/static/js/index\");\r\n    </script>\n</body>\r\n\r\n</html>"
*************** response log end ***************

[2018-12-03T10:03:06.853] [INFO] resLogger - 
*************** response log start ***************
request method: GET
request originalUrl:  /notes
request client ip:  ::ffff:127.0.0.1
request query:  {}
response time: 1043
response status: 302
response body: 
"<!DOCTYPE html>\r\n<html>\r\n<head>\r\n\t<title>笔记</title>\r\n\t<meta charset=\"utf-8\">\r\n<meta name=\"viewport\" content=\"width=device-width, initial-scale=1, maximum-scale=1, minimum-scale=1, user-scalable=no, minimal-ui\">\r\n<link rel=\"shortcut icon\" href=\"/static/images/favicon.ico\" type=\"image/x-icon\" />\r\n\n    <link rel=\"stylesheet\" type=\"text/css\" href=\"/static/js/plugin/element_ui/index.css\" />\n    <link rel=\"stylesheet\" type=\"text/css\" href=\"/static/js/plugin/element_ui/my.css\" />\n    <link rel=\"stylesheet\" type=\"text/css\" href=\"/components/header/header.css\" />\n    <link rel=\"stylesheet\" type=\"text/css\" href=\"/components/login/login.css\" />\n    <link rel=\"stylesheet\" type=\"text/css\" href=\"/components/main/main.css\" />\n    <link rel=\"stylesheet\" type=\"text/css\" href=\"/components/footer/footer.css\" />\n    <link rel=\"stylesheet\" type=\"text/css\" href=\"/static/font/iconfont.css\" />\n    <link rel=\"stylesheet\" type=\"text/css\" href=\"/static/css/common.css\" />\n    <link rel=\"stylesheet\" type=\"text/css\" href=\"/static/css/main.css\" />\n</head>\r\n<body>\r\n\t<div id=\"app\">\r\n\t\t<liu-header :tab-id=\"2\"></liu-header>\r\n\t\t<liu-main>\r\n\t\t\t<div class=\"auto_box note_main_box\">\r\n\t\t\t\t<div>\r\n\t\t\t\t\t<div>\r\n\t\t\t\t\t\t<span>姓名：</span>\r\n\t\t\t\t\t\t<input v-model.trim=\"currentNote.user_name\" class=\"input0\" type=\"text\" name=\"name\" placeholder=\"请输入姓名\" maxlength=\"16\">\r\n\t\t\t\t\t</div>\r\n\t\t\t\t\t<div>\r\n\t\t\t\t\t\t<span>密码：</span>\r\n\t\t\t\t\t\t<input v-model.trim=\"currentNote.user_password\" class=\"input0\" type=\"text\" name=\"name\" placeholder=\"请输入密码\" maxlength=\"16\">\r\n\t\t\t\t\t</div>\r\n\t\t\t\t\t<div>\r\n\t\t\t\t\t\t<span>权限：</span>\r\n\t\t\t\t\t\t<div class=\"p_ibm posr\">\r\n\t\t\t\t\t\t\t<select class=\"select0\" v-model=\"currentNote.user_permission\">\r\n\t\t\t\t\t\t\t\t<option v-for=\"permit in permission\">{{permit}}</option>\r\n\t\t\t\t\t\t\t</select>\r\n\t\t\t\t\t\t\t<span class=\"select_icon0\"></span>\r\n\t\t\t\t\t\t</div>\r\n\t\t\t\t\t</div>\r\n\t\t\t\t\t<div>\r\n\t\t\t\t\t\t<span>姓别：</span>\r\n\t\t\t\t\t\t<div class=\"p_ibt\">\r\n\t\t\t\t\t\t\t<div @click=\"onRadioBtn(0)\" class=\"p_ibt iconfont icon-radio\" :class=\"{'icon-radio_fill':currentNote.user_sex==0}\"></div>\r\n\t\t\t\t\t\t\t<span class=\"p_ibt\">男</span>\r\n\t\t\t\t\t\t\t<div @click=\"onRadioBtn(1)\" class=\"p_ibt iconfont icon-radio\" :class=\"{'icon-radio_fill':currentNote.user_sex==1}\"></div>\r\n\t\t\t\t\t\t\t<span class=\"p_ibt\">女</span>\r\n\t\t\t\t\t\t\t<div @click=\"onRadioBtn(2)\" class=\"p_ibt iconfont icon-radio\" :class=\"{'icon-radio_fill':currentNote.user_sex==2}\"></div>\r\n\t\t\t\t\t\t\t<span class=\"p_ibt\">未知</span>\r\n\t\t\t\t\t\t</div>\r\n\t\t\t\t\t</div>\r\n\t\t\t\t\t<div>\r\n\t\t\t\t\t\t<span>年龄：</span>\r\n\t\t\t\t\t\t<input v-model.trim=\"currentNote.user_age\" class=\"input0\" type=\"text\" name=\"name\" placeholder=\"请输入年龄\" maxlength=\"3\">\r\n\t\t\t\t\t</div>\r\n\t\t\t\t\t<div>\r\n\t\t\t\t\t\t<span>手机：</span>\r\n\t\t\t\t\t\t<input v-model.trim=\"currentNote.user_phone\" class=\"input0\" type=\"text\" name=\"name\" placeholder=\"请输入手机号\" maxlength=\"11\">\r\n\t\t\t\t\t</div>\r\n\t\t\t\t\t<div>\r\n\t\t\t\t\t\t<span>邮箱：</span>\r\n\t\t\t\t\t\t<input v-model.trim=\"currentNote.user_email\" class=\"input0\" type=\"text\" name=\"name\" placeholder=\"请输入邮箱\" maxlength=\"40\">\r\n\t\t\t\t\t</div>\r\n\t\t\t\t\t<div>\r\n\t\t\t\t\t\t<span>住址：</span>\r\n\t\t\t\t\t\t<input v-model.trim=\"currentNote.user_address\" class=\"input0\" type=\"text\" name=\"name\" placeholder=\"请输入住址\" maxlength=\"50\">\r\n\t\t\t\t\t</div>\r\n\t\t\t\t\t<div>\r\n\t\t\t\t\t\t<a @click=\"onResetBtn\" class=\"button0\" href=\"javascript:;\">重 置</a>\r\n\t\t\t\t\t\t<a @click=\"onCommitBtn\" :class=\"{'button_disable':isCommit}\" class=\"button0\" href=\"javascript:;\">提 交</a>\r\n\t\t\t\t\t\t<a @click=\"onUpdateBtn\" :class=\"{'button_disable':!isUpdate}\" class=\"button0\" href=\"javascript:;\">更 新</a>\r\n\t\t\t\t\t</div>\r\n\t\t\t\t</div>\r\n\t\t\t\t<div>\r\n\t\t\t\t\t<div class=\"liu_table\">\r\n\t\t\t\t\t\t<div class=\"th\">\r\n\t\t\t\t\t\t\t<div class=\"p_ibt td wido15 Center\">编号</div>\r\n\t\t\t\t\t\t\t<div class=\"p_ibt td wido15\">姓名</div>\r\n\t\t\t\t\t\t\t<div class=\"p_ibt td wido5\">权限</div>\r\n\t\t\t\t\t\t\t<div class=\"p_ibt td wido5\">性别</div>\r\n\t\t\t\t\t\t\t<div class=\"p_ibt td wido5\">年龄</div>\r\n\t\t\t\t\t\t\t<div class=\"p_ibt td wido10\">手机</div>\r\n\t\t\t\t\t\t\t<div class=\"p_ibt td wido15\">邮箱</div>\r\n\t\t\t\t\t\t\t<div class=\"p_ibt td wido20\">住址</div>\r\n\t\t\t\t\t\t\t<div class=\"p_ibt td wido10 Center\">操作</div>\r\n\t\t\t\t\t\t</div>\r\n\t\t\t\t\t\t<div v-for=\"note in noteList\" class=\"tr\">\r\n\t\t\t\t\t\t\t<div class=\"p_ibt td wido15 Center\">{{note.user_code}}</div>\r\n\t\t\t\t\t\t\t<div class=\"p_ibt td wido15\">{{note.user_name}}</div>\r\n\t\t\t\t\t\t\t<div class=\"p_ibt td wido5\">{{note.user_permission}}</div>\r\n\t\t\t\t\t\t\t<div class=\"p_ibt td wido5\">{{sexMap[note.user_sex]}}</div>\r\n\t\t\t\t\t\t\t<div class=\"p_ibt td wido5\">{{note.user_age}}</div>\r\n\t\t\t\t\t\t\t<div class=\"p_ibt td wido10\">{{note.user_phone}}</div>\r\n\t\t\t\t\t\t\t<div class=\"p_ibt td wido15\">{{note.user_email}}</div>\r\n\t\t\t\t\t\t\t<div class=\"p_ibt td wido20\">{{note.user_address}}</div>\r\n\t\t\t\t\t\t\t<div class=\"p_ibt td wido10 Center\">\r\n\t\t\t\t\t\t\t\t<a @click=\"onEditBtn(note)\" class=\"Mrt10\" href=\"javascript:;\">编辑</a>\r\n\t\t\t\t\t\t\t\t<a @click=\"onDeleteBtn(note)\" href=\"javascript:;\">删除</a>\r\n\t\t\t\t\t\t\t</div>\r\n\t\t\t\t\t\t</div>\r\n\t\t\t\t\t</div>\r\n\t\t\t\t</div>\r\n\t\t\t</div>\r\n\t\t</liu-main>\r\n\t\t<liu-footer></liu-footer>\r\n\t</div>\r\n\n<script data-loader src=\"/static/js/common/mod.js\"></script>\n<script data-loader src=\"/static/js/common/utils.js\"></script>\n<script type=\"text/javascript\" src=\"/static/js/plugin/lodash.js\"></script>\n<script type=\"text/javascript\" src=\"/static/js/plugin/vue/vue.js\"></script>\n<script type=\"text/javascript\" src=\"/static/js/plugin/element_ui/index.js\"></script>\n<script type=\"text/javascript\" src=\"/static/js/plugin/jquery/jquery.js\"></script>\n<script type=\"text/javascript\" src=\"/components/login/login.js\"></script>\n<script type=\"text/javascript\" src=\"/components/header/header.js\"></script>\n<script type=\"text/javascript\" src=\"/components/main/main.js\"></script>\n<script type=\"text/javascript\" src=\"/components/footer/footer.js\"></script>\n<script type=\"text/javascript\" src=\"/static/js/note/index.js\"></script>\n<script>\r\n\trequire(\"webApp/static/js/note/index\");\r\n</script>\n</body>\r\n</html>"
*************** response log end ***************

[2018-12-03T10:03:06.868] [INFO] resLogger - 
*************** response log start ***************
request method: GET
request originalUrl:  /error/500
request client ip:  ::ffff:127.0.0.1
request query:  {}
response time: 3
response status: 200
response body: 
"<!DOCTYPE html>\r\n<html>\r\n<head>\r\n\t<title>500</title>\r\n\t<meta charset=\"utf-8\">\r\n\t<link rel=\"shortcut icon\" href=\"/images/Favicon.ico\" type=\"image/x-icon\" />\n    <link rel=\"stylesheet\" type=\"text/css\" href=\"/css/common.css\" />\n    <link rel=\"stylesheet\" type=\"text/css\" href=\"/css/main.css\" />\n</head>\r\n<body>\r\n\t<h1>500</h1>\r\n\n\n\n\n</body>\r\n</html>"
*************** response log end ***************

[2018-12-03T10:03:06.904] [INFO] resLogger - 
*************** response log start ***************
request method: GET
request originalUrl:  /css/common.css
request client ip:  ::ffff:127.0.0.1
request query:  {}
response time: 0
response status: 404
response body: 
undefined
*************** response log end ***************

[2018-12-03T10:03:06.905] [INFO] resLogger - 
*************** response log start ***************
request method: GET
request originalUrl:  /css/main.css
request client ip:  ::ffff:127.0.0.1
request query:  {}
response time: 0
response status: 404
response body: 
undefined
*************** response log end ***************

[2018-12-03T10:03:06.910] [INFO] resLogger - 
*************** response log start ***************
request method: GET
request originalUrl:  /images/Favicon.ico
request client ip:  ::ffff:127.0.0.1
request query:  {}
response time: 0
response status: 404
response body: 
undefined
*************** response log end ***************

[2018-12-03T10:04:00.868] [INFO] resLogger - 
*************** response log start ***************
request method: GET
request originalUrl:  /error/500
request client ip:  ::ffff:127.0.0.1
request query:  {}
response time: 1
response status: 200
response body: 
"<!DOCTYPE html>\r\n<html>\r\n<head>\r\n\t<title>500</title>\r\n\t<meta charset=\"utf-8\">\r\n\t<link rel=\"shortcut icon\" href=\"/images/Favicon.ico\" type=\"image/x-icon\" />\n    <link rel=\"stylesheet\" type=\"text/css\" href=\"/css/common.css\" />\n    <link rel=\"stylesheet\" type=\"text/css\" href=\"/css/main.css\" />\n</head>\r\n<body>\r\n\t<h1>500</h1>\r\n\n\n\n\n</body>\r\n</html>"
*************** response log end ***************

[2018-12-03T10:04:00.890] [INFO] resLogger - 
*************** response log start ***************
request method: GET
request originalUrl:  /css/common.css
request client ip:  ::ffff:127.0.0.1
request query:  {}
response time: 0
response status: 404
response body: 
undefined
*************** response log end ***************

[2018-12-03T10:04:00.891] [INFO] resLogger - 
*************** response log start ***************
request method: GET
request originalUrl:  /css/main.css
request client ip:  ::ffff:127.0.0.1
request query:  {}
response time: 0
response status: 404
response body: 
undefined
*************** response log end ***************

[2018-12-03T10:04:00.903] [INFO] resLogger - 
*************** response log start ***************
request method: GET
request originalUrl:  /images/Favicon.ico
request client ip:  ::ffff:127.0.0.1
request query:  {}
response time: 1
response status: 404
response body: 
undefined
*************** response log end ***************

[2018-12-03T10:04:07.533] [INFO] resLogger - 
*************** response log start ***************
request method: GET
request originalUrl:  /notes
request client ip:  ::ffff:127.0.0.1
request query:  {}
response time: 24
response status: 302
response body: 
"<!DOCTYPE html>\r\n<html>\r\n<head>\r\n\t<title>笔记</title>\r\n\t<meta charset=\"utf-8\">\r\n<meta name=\"viewport\" content=\"width=device-width, initial-scale=1, maximum-scale=1, minimum-scale=1, user-scalable=no, minimal-ui\">\r\n<link rel=\"shortcut icon\" href=\"/static/images/favicon.ico\" type=\"image/x-icon\" />\r\n\n    <link rel=\"stylesheet\" type=\"text/css\" href=\"/static/js/plugin/element_ui/index.css\" />\n    <link rel=\"stylesheet\" type=\"text/css\" href=\"/static/js/plugin/element_ui/my.css\" />\n    <link rel=\"stylesheet\" type=\"text/css\" href=\"/components/header/header.css\" />\n    <link rel=\"stylesheet\" type=\"text/css\" href=\"/components/login/login.css\" />\n    <link rel=\"stylesheet\" type=\"text/css\" href=\"/components/main/main.css\" />\n    <link rel=\"stylesheet\" type=\"text/css\" href=\"/components/footer/footer.css\" />\n    <link rel=\"stylesheet\" type=\"text/css\" href=\"/static/font/iconfont.css\" />\n    <link rel=\"stylesheet\" type=\"text/css\" href=\"/static/css/common.css\" />\n    <link rel=\"stylesheet\" type=\"text/css\" href=\"/static/css/main.css\" />\n</head>\r\n<body>\r\n\t<div id=\"app\">\r\n\t\t<liu-header :tab-id=\"2\"></liu-header>\r\n\t\t<liu-main>\r\n\t\t\t<div class=\"auto_box note_main_box\">\r\n\t\t\t\t<div>\r\n\t\t\t\t\t<div>\r\n\t\t\t\t\t\t<span>姓名：</span>\r\n\t\t\t\t\t\t<input v-model.trim=\"currentNote.user_name\" class=\"input0\" type=\"text\" name=\"name\" placeholder=\"请输入姓名\" maxlength=\"16\">\r\n\t\t\t\t\t</div>\r\n\t\t\t\t\t<div>\r\n\t\t\t\t\t\t<span>密码：</span>\r\n\t\t\t\t\t\t<input v-model.trim=\"currentNote.user_password\" class=\"input0\" type=\"text\" name=\"name\" placeholder=\"请输入密码\" maxlength=\"16\">\r\n\t\t\t\t\t</div>\r\n\t\t\t\t\t<div>\r\n\t\t\t\t\t\t<span>权限：</span>\r\n\t\t\t\t\t\t<div class=\"p_ibm posr\">\r\n\t\t\t\t\t\t\t<select class=\"select0\" v-model=\"currentNote.user_permission\">\r\n\t\t\t\t\t\t\t\t<option v-for=\"permit in permission\">{{permit}}</option>\r\n\t\t\t\t\t\t\t</select>\r\n\t\t\t\t\t\t\t<span class=\"select_icon0\"></span>\r\n\t\t\t\t\t\t</div>\r\n\t\t\t\t\t</div>\r\n\t\t\t\t\t<div>\r\n\t\t\t\t\t\t<span>姓别：</span>\r\n\t\t\t\t\t\t<div class=\"p_ibt\">\r\n\t\t\t\t\t\t\t<div @click=\"onRadioBtn(0)\" class=\"p_ibt iconfont icon-radio\" :class=\"{'icon-radio_fill':currentNote.user_sex==0}\"></div>\r\n\t\t\t\t\t\t\t<span class=\"p_ibt\">男</span>\r\n\t\t\t\t\t\t\t<div @click=\"onRadioBtn(1)\" class=\"p_ibt iconfont icon-radio\" :class=\"{'icon-radio_fill':currentNote.user_sex==1}\"></div>\r\n\t\t\t\t\t\t\t<span class=\"p_ibt\">女</span>\r\n\t\t\t\t\t\t\t<div @click=\"onRadioBtn(2)\" class=\"p_ibt iconfont icon-radio\" :class=\"{'icon-radio_fill':currentNote.user_sex==2}\"></div>\r\n\t\t\t\t\t\t\t<span class=\"p_ibt\">未知</span>\r\n\t\t\t\t\t\t</div>\r\n\t\t\t\t\t</div>\r\n\t\t\t\t\t<div>\r\n\t\t\t\t\t\t<span>年龄：</span>\r\n\t\t\t\t\t\t<input v-model.trim=\"currentNote.user_age\" class=\"input0\" type=\"text\" name=\"name\" placeholder=\"请输入年龄\" maxlength=\"3\">\r\n\t\t\t\t\t</div>\r\n\t\t\t\t\t<div>\r\n\t\t\t\t\t\t<span>手机：</span>\r\n\t\t\t\t\t\t<input v-model.trim=\"currentNote.user_phone\" class=\"input0\" type=\"text\" name=\"name\" placeholder=\"请输入手机号\" maxlength=\"11\">\r\n\t\t\t\t\t</div>\r\n\t\t\t\t\t<div>\r\n\t\t\t\t\t\t<span>邮箱：</span>\r\n\t\t\t\t\t\t<input v-model.trim=\"currentNote.user_email\" class=\"input0\" type=\"text\" name=\"name\" placeholder=\"请输入邮箱\" maxlength=\"40\">\r\n\t\t\t\t\t</div>\r\n\t\t\t\t\t<div>\r\n\t\t\t\t\t\t<span>住址：</span>\r\n\t\t\t\t\t\t<input v-model.trim=\"currentNote.user_address\" class=\"input0\" type=\"text\" name=\"name\" placeholder=\"请输入住址\" maxlength=\"50\">\r\n\t\t\t\t\t</div>\r\n\t\t\t\t\t<div>\r\n\t\t\t\t\t\t<a @click=\"onResetBtn\" class=\"button0\" href=\"javascript:;\">重 置</a>\r\n\t\t\t\t\t\t<a @click=\"onCommitBtn\" :class=\"{'button_disable':isCommit}\" class=\"button0\" href=\"javascript:;\">提 交</a>\r\n\t\t\t\t\t\t<a @click=\"onUpdateBtn\" :class=\"{'button_disable':!isUpdate}\" class=\"button0\" href=\"javascript:;\">更 新</a>\r\n\t\t\t\t\t</div>\r\n\t\t\t\t</div>\r\n\t\t\t\t<div>\r\n\t\t\t\t\t<div class=\"liu_table\">\r\n\t\t\t\t\t\t<div class=\"th\">\r\n\t\t\t\t\t\t\t<div class=\"p_ibt td wido15 Center\">编号</div>\r\n\t\t\t\t\t\t\t<div class=\"p_ibt td wido15\">姓名</div>\r\n\t\t\t\t\t\t\t<div class=\"p_ibt td wido5\">权限</div>\r\n\t\t\t\t\t\t\t<div class=\"p_ibt td wido5\">性别</div>\r\n\t\t\t\t\t\t\t<div class=\"p_ibt td wido5\">年龄</div>\r\n\t\t\t\t\t\t\t<div class=\"p_ibt td wido10\">手机</div>\r\n\t\t\t\t\t\t\t<div class=\"p_ibt td wido15\">邮箱</div>\r\n\t\t\t\t\t\t\t<div class=\"p_ibt td wido20\">住址</div>\r\n\t\t\t\t\t\t\t<div class=\"p_ibt td wido10 Center\">操作</div>\r\n\t\t\t\t\t\t</div>\r\n\t\t\t\t\t\t<div v-for=\"note in noteList\" class=\"tr\">\r\n\t\t\t\t\t\t\t<div class=\"p_ibt td wido15 Center\">{{note.user_code}}</div>\r\n\t\t\t\t\t\t\t<div class=\"p_ibt td wido15\">{{note.user_name}}</div>\r\n\t\t\t\t\t\t\t<div class=\"p_ibt td wido5\">{{note.user_permission}}</div>\r\n\t\t\t\t\t\t\t<div class=\"p_ibt td wido5\">{{sexMap[note.user_sex]}}</div>\r\n\t\t\t\t\t\t\t<div class=\"p_ibt td wido5\">{{note.user_age}}</div>\r\n\t\t\t\t\t\t\t<div class=\"p_ibt td wido10\">{{note.user_phone}}</div>\r\n\t\t\t\t\t\t\t<div class=\"p_ibt td wido15\">{{note.user_email}}</div>\r\n\t\t\t\t\t\t\t<div class=\"p_ibt td wido20\">{{note.user_address}}</div>\r\n\t\t\t\t\t\t\t<div class=\"p_ibt td wido10 Center\">\r\n\t\t\t\t\t\t\t\t<a @click=\"onEditBtn(note)\" class=\"Mrt10\" href=\"javascript:;\">编辑</a>\r\n\t\t\t\t\t\t\t\t<a @click=\"onDeleteBtn(note)\" href=\"javascript:;\">删除</a>\r\n\t\t\t\t\t\t\t</div>\r\n\t\t\t\t\t\t</div>\r\n\t\t\t\t\t</div>\r\n\t\t\t\t</div>\r\n\t\t\t</div>\r\n\t\t</liu-main>\r\n\t\t<liu-footer></liu-footer>\r\n\t</div>\r\n\n<script data-loader src=\"/static/js/common/mod.js\"></script>\n<script data-loader src=\"/static/js/common/utils.js\"></script>\n<script type=\"text/javascript\" src=\"/static/js/plugin/lodash.js\"></script>\n<script type=\"text/javascript\" src=\"/static/js/plugin/vue/vue.js\"></script>\n<script type=\"text/javascript\" src=\"/static/js/plugin/element_ui/index.js\"></script>\n<script type=\"text/javascript\" src=\"/static/js/plugin/jquery/jquery.js\"></script>\n<script type=\"text/javascript\" src=\"/components/login/login.js\"></script>\n<script type=\"text/javascript\" src=\"/components/header/header.js\"></script>\n<script type=\"text/javascript\" src=\"/components/main/main.js\"></script>\n<script type=\"text/javascript\" src=\"/components/footer/footer.js\"></script>\n<script type=\"text/javascript\" src=\"/static/js/note/index.js\"></script>\n<script>\r\n\trequire(\"webApp/static/js/note/index\");\r\n</script>\n</body>\r\n</html>"
*************** response log end ***************

[2018-12-03T10:04:08.619] [INFO] resLogger - 
*************** response log start ***************
request method: GET
request originalUrl:  /
request client ip:  ::ffff:127.0.0.1
request query:  {}
response time: 1078
response status: 200
response body: 
"<!DOCTYPE html>\r\n<html>\r\n\r\n<head>\r\n    <title>刘氏一族</title>\r\n    <meta charset=\"utf-8\">\r\n<meta name=\"viewport\" content=\"width=device-width, initial-scale=1, maximum-scale=1, minimum-scale=1, user-scalable=no, minimal-ui\">\r\n<link rel=\"shortcut icon\" href=\"/static/images/favicon.ico\" type=\"image/x-icon\" />\r\n\r\n\n    <link rel=\"stylesheet\" type=\"text/css\" href=\"/static/js/plugin/swiper/swiper-4.3.3.min.css\" />\n    <link rel=\"stylesheet\" type=\"text/css\" href=\"/static/js/plugin/element_ui/index.css\" />\n    <link rel=\"stylesheet\" type=\"text/css\" href=\"/static/js/plugin/element_ui/my.css\" />\n    <link rel=\"stylesheet\" type=\"text/css\" href=\"/components/header/header.css\" />\n    <link rel=\"stylesheet\" type=\"text/css\" href=\"/components/login/login.css\" />\n    <link rel=\"stylesheet\" type=\"text/css\" href=\"/components/main/main.css\" />\n    <link rel=\"stylesheet\" type=\"text/css\" href=\"/components/footer/footer.css\" />\n    <link rel=\"stylesheet\" type=\"text/css\" href=\"/static/font/iconfont.css\" />\n    <link rel=\"stylesheet\" type=\"text/css\" href=\"/static/css/common.css\" />\n    <link rel=\"stylesheet\" type=\"text/css\" href=\"/static/css/main.css\" />\n</head>\r\n\r\n<body>\r\n    <div id=\"app\">\r\n        <liu-header :tab-id=\"1\"></liu-header>\r\n        <liu-main>\r\n            <div class=\"index_banner_box\">\r\n                <div id=\"swiper\" class=\"swiper-container\">\r\n                    <div class=\"swiper-wrapper\">\r\n                        <div class=\"swiper-slide\">\r\n                            <a class=\"banner\" href=\"/articles/16\" target=\"_blank\" style=\"background-image:url('/static/images/index/hai_zei_wang.jpg');\"></a>\r\n                        </div>\r\n                        <div class=\"swiper-slide\">\r\n                            <a class=\"banner\" href=\"/articles/17\" target=\"_blank\" style=\"background-image:url('/static/images/index/tian_xing_jiu_ge.png');\"></a>\r\n                        </div>\r\n                    </div>\r\n                    <div class=\"swiper-pagination\"></div>\r\n                    <div class=\"swiper-button-prev\"></div>\r\n                    <div class=\"swiper-button-next\"></div>\r\n                </div>\r\n            </div>\r\n            <div class=\"auto_box Ptp40\">\r\n                <div>\r\n                    <h2>最新文章</h2>\r\n                    <div class=\"article_list Ptp30\">\r\n                        <div class=\"hidden_tag\">\r\n                            \r\n                            <div class=\"p_ibt item_box\">\r\n                                <a href=\"/articles/15\" target=\"_blank\">\r\n                                    <h3 class=\"h3\">admin article</h3>\r\n                                    <div class=\"content\"><p>我就是老大！</p><p>谁敢不听话，我就揍谁！</p><p>我叫江小白，是要成为王的男人！<br/></p></div>\r\n                                    <div class=\"option_box\">\r\n                                        <span>作者：</span>\r\n                                        <span class=\"Mrt20 p_ibt WTO max_wid70\">admin</span>\r\n                                        <span>时间：</span>\r\n                                        <span>2018-11-5</span>\r\n                                    </div>\r\n                                </a>\r\n                            </div>\r\n                            \r\n                            <div class=\"p_ibt item_box\">\r\n                                <a href=\"/articles/1\" target=\"_blank\">\r\n                                    <h3 class=\"h3\">service</h3>\r\n                                    <div class=\"content\"><p><span style=\"color: rgb(34, 34, 34); font-family: Consolas, &quot;Lucida Console&quot;, &quot;Courier New&quot;, monospace; font-size: 12px; white-space: pre-wrap; background-color: rgb(255, 255, 255);\">#查看mysql日志\ncat /var/log/mysqld.log\n\n#删除mysql\nyum remove mysql-server\n\n#安装mysql\nyum install &nbsp;mysql-server\n\n#查看mysql-server的版本\nrpm -qi mysql-server\n#查看mysql 的启动状态\nservice mysqld status\n\n#设置mysqld服务开机自动启动\nchkconfig mysqld on\n\n#通过该命令给root账号设置密码为 root\nmysqladmin -u root password &#39;root&#39;\n\n#登录mysql数据库\nmysql -u root -p\n\n/etc/my.cnf 这是mysql的主配置文件\n/var/lib/mysql &nbsp; mysql数据库的数据库文件存放位置\n\n#查看Linux系统是否在监听 3306 这个端口号\nnetstat -anp | more\n\n\n#安全模式登陆mysql 跳过验证\nmysqld_safe --skip-grant-tables &amp;\n#设置新密码\nupdate mysql.user set authentication_string=password(&#39;root&#39;) where user=&#39;root&#39;\n#保存\nflush privileges;\n#退出\nquit;\n\n\n\n#授权任意ip远程连接数据库\nGRANT ALL PRIVILEGES ON *.* TO &#39;root&#39;@&#39;%&#39; IDENTIFIED BY &#39;root&#39; WITH GRANT OPTION;\nFLUSH PRIVILEGES;//保存生效\n#处理安全模式登陆后修改密码，再次登陆后可能出现的错误\n#ERROR 1045 (28000): Access denied for user &#39;root&#39;@&#39;localhost&#39; (using password: NO) \nSET PASSWORD = PASSWORD(&#39;123456&#39;);\n\n#pm2路径\n/opt/node-v8.6.0-linux-x86/bin/pm2\n\n#淘宝镜像地址\nnpm install packageName --registry=https://registry.npm.taobao.org\n\n//查看文件 -500 从倒数500行开始读\ntail -500f log.log\n//pm2常用命令\nhttp://www.jianshu.com/p/e709b71f12da\n\n#nginx命令\n启动：nginx\n# 强制停止nginx服务器，如果有未处理的数据，丢弃\n停止：nginx -s stop\n# 优雅的停止nginx服务器，如果有未处理的数据，等待处理完成之后停止\nnginx -s quit\n\n#linux下nginx命令\n启动\ncd /usr/local/nginx/sbin\n./nginx\n停止\n#查询nginx主进程号\nps -ef | grep nginx\n#停止进程\nkill -QUIT 主进程号\n#快速停止\nkill -TERM 主进程号\n#强制停止\npkill -9 nginx\n\n\n#git 生成ssh秘钥\n1.打开git bash 输入 ssh-keygen -t rsa -C &quot;1623685118@qq.com&quot;\n2.打开C:Usersliujianzeng.ssh 目录下id_rsa.pub文件复制秘钥\n3.登陆gitHub 进入个人中心（Personal settings）选择 SSH and GPG keys \n4.然后点击New SSH key 新建一个key title随意写，粘贴key确定即可。\n3.测试是否成功在git bash输入ssh -T git@github.com\n如果是第一次的会提示是否continue，输入yes回车再输入密码后就会看到：You’ve successfully authenticated, but GitHub does not provide shell access 。这就表示已成功连上github。\n\n#git 提交项目\n1.git add [file name or .]点代表所有\n2.git status 查看添加状态\n3.git commit -a -m 提交；-a提交修改不需要add命令，-m注释\n4.git push origin master 提交到服务器\n\n\n#vim\n命令行出入 u 为撤销上一步输入\n命令行Ctrl+r 恢复上一步被撤销的操作\n\n\n#linux\nls -a可以显示该目录下的所有文件（包括隐藏文件）。\nrmdir -rf filename 删除文件或文件夹命令（-r：递归删除 &nbsp;-f：忽略不存在文件，从不提示）<br/><br/>-------------重启服务器----------------<br/>启动nginx<br/>cd /usr/local/nginx/sbin<br/>./nginx<br/><br/>启动Redis<br/>cd /redis-4.0.9/src<br/>pm2 start redis-server<br/><br/>启动client服务<br/>cd /root/webapp/liushiyizu/client<br/>pm2 -n client start ./bin/www<br/>启动server服务<br/>cd /root/webapp/liushiyizu/server<br/>pm2 -n client server ./bin/www<br/><br/>#检查服务是否都启动了<br/>ps -ef | grep nginx&nbsp; //nginx 是两个进程<br/>ps -ef | grep redis&nbsp; //redis 是一个进程<br/>service mysqld status //mysql running...<br/><br/>#正常状态<br/>┌──────────┬────┬──────┬───────┬────────┬─────────┬────────┬─────┬───────────┬──────┬──────────┐<br/>│ App name │ id │ mode │ pid&nbsp;&nbsp; │ status │ restart │ uptime │ cpu │ mem&nbsp;&nbsp;&nbsp;&nbsp;&nbsp;&nbsp; │ user │ watching │<br/>├──────────┼────┼──────┼───────┼────────┼─────────┼────────┼─────┼───────────┼──────┼──────────┤<br/>│ redis&nbsp;&nbsp;&nbsp; │ 2&nbsp; │ fork │ 19548 │ online │ 0&nbsp;&nbsp;&nbsp;&nbsp;&nbsp;&nbsp; │ 3m&nbsp;&nbsp;&nbsp;&nbsp; │ 0%&nbsp; │ 1.9 MB&nbsp;&nbsp;&nbsp; │ root │ disabled │<br/>│ server&nbsp;&nbsp; │ 1&nbsp; │ fork │ 16507 │ online │ 0&nbsp;&nbsp;&nbsp;&nbsp;&nbsp;&nbsp; │ 49m&nbsp;&nbsp;&nbsp; │ 0%&nbsp; │ 26.6 MB&nbsp;&nbsp; │ root │ disabled │<br/>│ www&nbsp;&nbsp;&nbsp;&nbsp;&nbsp; │ 0&nbsp; │ fork │ 3806&nbsp; │ online │ 0&nbsp;&nbsp;&nbsp;&nbsp;&nbsp;&nbsp; │ 3D&nbsp;&nbsp;&nbsp;&nbsp; │ 0%&nbsp; │ 41.9 MB&nbsp;&nbsp; │ root │ disabled │<br/>└──────────┴────┴──────┴───────┴────────┴─────────┴────────┴─────┴───────────┴──────┴──────────┘</span></p></div>\r\n                                    <div class=\"option_box\">\r\n                                        <span>作者：</span>\r\n                                        <span class=\"Mrt20 p_ibt WTO max_wid70\">liu</span>\r\n                                        <span>时间：</span>\r\n                                        <span>2018-11-5</span>\r\n                                    </div>\r\n                                </a>\r\n                            </div>\r\n                            \r\n                            <div class=\"p_ibt item_box\">\r\n                                <a href=\"/articles/17\" target=\"_blank\">\r\n                                    <h3 class=\"h3\">天行九歌</h3>\r\n                                    <div class=\"content\"><p><em>简介：</em><span class=\"briefIntroTxt\">“天行九歌”是玄机科技旗下“秦时明月”的双子星品牌，大预算、大制作、大宣发，是一部战国题材3A级玄幻动画大作，由秦时明月核心主创2016革新呈献，该剧将引领观众进入战国末年，风起云涌的大时代中，战国七雄在乱世中群雄并起，百家争鸣。</span></p></div>\r\n                                    <div class=\"option_box\">\r\n                                        <span>作者：</span>\r\n                                        <span class=\"Mrt20 p_ibt WTO max_wid70\">liu</span>\r\n                                        <span>时间：</span>\r\n                                        <span>2018-8-4</span>\r\n                                    </div>\r\n                                </a>\r\n                            </div>\r\n                            \r\n                            <div class=\"p_ibt item_box\">\r\n                                <a href=\"/articles/16\" target=\"_blank\">\r\n                                    <h3 class=\"h3\">海贼王</h3>\r\n                                    <div class=\"content\"><p>&nbsp;<em>地区：</em>日漫 &nbsp; &nbsp; \t\t\t\t\t\t<em>语言：</em>日语\n &nbsp;&nbsp; &nbsp; &nbsp; &nbsp; &nbsp; &nbsp; &nbsp; &nbsp; &nbsp; &nbsp;&nbsp; <em>更新时间：</em>每周日12:00更新1集，VIP抢先看一集\n &nbsp; &nbsp; &nbsp; &nbsp; &nbsp; &nbsp; &nbsp; &nbsp; &nbsp; &nbsp; \t\t\t\t\t&nbsp;类型：动作 /热血 /冒险 /魔幻 /励志 /番剧</p><p>&nbsp;<br/></p><p><em>简介：</em> \t\t\t\t<span class=\"briefIntroTxt\">有个男人他拥有世界上一切财富、名望和权势，他就是「海盗王」高路德•罗杰。在临死前说过这样一句话：让全世界的人都奔向大海「想要我的财宝吗？想要的话全就拿去吧……！你们去找吧！我把世界上的一切都放在那里了」。后来世界上的人们将这个宝藏称作“一个大秘宝”（One\n Piece），许多人为了争夺大秘宝One \nPiece，无数海盗扬起旗帜，互相斗争，后来就形成了「大海盗时代」。主角蒙奇•D•路飞在遥远的路途上找寻着志同道合的伙伴，携手共进「伟大航线」，目标当上「海盗王」。航海王是一个依着彼此坚毅的友情最终获得胜利，大伙一起朝着梦想扬帆努力的冒险故事。</span></p><p><br/></p></div>\r\n                                    <div class=\"option_box\">\r\n                                        <span>作者：</span>\r\n                                        <span class=\"Mrt20 p_ibt WTO max_wid70\">liu</span>\r\n                                        <span>时间：</span>\r\n                                        <span>2018-8-4</span>\r\n                                    </div>\r\n                                </a>\r\n                            </div>\r\n                            \r\n                        </div>\r\n                        <div v-for=\"article in articles\" class=\"p_ibt item_box\">\r\n                            <a :href=\"'/articles/'+article.article_id\" target=\"_blank\">\r\n                                <h3 class=\"h3\">{{article.article_title}}</h3>\r\n                                <div class=\"content\" v-html=\"article.article_content\"></div>\r\n                                <div class=\"option_box\">\r\n                                    <span>作者：</span>\r\n                                    <span class=\"Mrt20 p_ibt WTO max_wid70\">{{article.user_name}}</span>\r\n                                    <span>时间：</span>\r\n                                    <span>{{dateFormat(article.article_edit_date)}}</span>\r\n                                </div>\r\n                            </a>\r\n                        </div>\r\n                    </div>\r\n                </div>\r\n            </div>\r\n        </liu-main>\r\n        <liu-footer></liu-footer>\r\n    </div>\r\n\n<script data-loader src=\"/static/js/common/mod.js\"></script>\n<script data-loader src=\"/static/js/common/utils.js\"></script>\n<script type=\"text/javascript\" src=\"/static/js/plugin/jquery/jquery.js\"></script>\n<script type=\"text/javascript\" src=\"/static/js/plugin/swiper/swiper-4.3.3.min.js\"></script>\n<script type=\"text/javascript\" src=\"/static/js/plugin/vue/vue.js\"></script>\n<script type=\"text/javascript\" src=\"/static/js/plugin/element_ui/index.js\"></script>\n<script type=\"text/javascript\" src=\"/components/login/login.js\"></script>\n<script type=\"text/javascript\" src=\"/components/header/header.js\"></script>\n<script type=\"text/javascript\" src=\"/components/main/main.js\"></script>\n<script type=\"text/javascript\" src=\"/components/footer/footer.js\"></script>\n<script type=\"text/javascript\" src=\"/static/js/index.js\"></script>\n<script>\r\n        require('jquery')('.hidden_tag').remove();\r\n        require(\"webApp/static/js/index\");\r\n    </script>\n</body>\r\n\r\n</html>"
*************** response log end ***************

[2018-12-03T10:04:15.629] [INFO] resLogger - 
*************** response log start ***************
request method: GET
request originalUrl:  /
request client ip:  ::ffff:127.0.0.1
request query:  {}
response time: 692
response status: 200
response body: 
"<!DOCTYPE html>\r\n<html>\r\n\r\n<head>\r\n    <title>刘氏一族</title>\r\n    <meta charset=\"utf-8\">\r\n<meta name=\"viewport\" content=\"width=device-width, initial-scale=1, maximum-scale=1, minimum-scale=1, user-scalable=no, minimal-ui\">\r\n<link rel=\"shortcut icon\" href=\"/static/images/favicon.ico\" type=\"image/x-icon\" />\r\n\r\n\n    <link rel=\"stylesheet\" type=\"text/css\" href=\"/static/js/plugin/swiper/swiper-4.3.3.min.css\" />\n    <link rel=\"stylesheet\" type=\"text/css\" href=\"/static/js/plugin/element_ui/index.css\" />\n    <link rel=\"stylesheet\" type=\"text/css\" href=\"/static/js/plugin/element_ui/my.css\" />\n    <link rel=\"stylesheet\" type=\"text/css\" href=\"/components/header/header.css\" />\n    <link rel=\"stylesheet\" type=\"text/css\" href=\"/components/login/login.css\" />\n    <link rel=\"stylesheet\" type=\"text/css\" href=\"/components/main/main.css\" />\n    <link rel=\"stylesheet\" type=\"text/css\" href=\"/components/footer/footer.css\" />\n    <link rel=\"stylesheet\" type=\"text/css\" href=\"/static/font/iconfont.css\" />\n    <link rel=\"stylesheet\" type=\"text/css\" href=\"/static/css/common.css\" />\n    <link rel=\"stylesheet\" type=\"text/css\" href=\"/static/css/main.css\" />\n</head>\r\n\r\n<body>\r\n    <div id=\"app\">\r\n        <liu-header :tab-id=\"1\"></liu-header>\r\n        <liu-main>\r\n            <div class=\"index_banner_box\">\r\n                <div id=\"swiper\" class=\"swiper-container\">\r\n                    <div class=\"swiper-wrapper\">\r\n                        <div class=\"swiper-slide\">\r\n                            <a class=\"banner\" href=\"/articles/16\" target=\"_blank\" style=\"background-image:url('/static/images/index/hai_zei_wang.jpg');\"></a>\r\n                        </div>\r\n                        <div class=\"swiper-slide\">\r\n                            <a class=\"banner\" href=\"/articles/17\" target=\"_blank\" style=\"background-image:url('/static/images/index/tian_xing_jiu_ge.png');\"></a>\r\n                        </div>\r\n                    </div>\r\n                    <div class=\"swiper-pagination\"></div>\r\n                    <div class=\"swiper-button-prev\"></div>\r\n                    <div class=\"swiper-button-next\"></div>\r\n                </div>\r\n            </div>\r\n            <div class=\"auto_box Ptp40\">\r\n                <div>\r\n                    <h2>最新文章</h2>\r\n                    <div class=\"article_list Ptp30\">\r\n                        <div class=\"hidden_tag\">\r\n                            \r\n                            <div class=\"p_ibt item_box\">\r\n                                <a href=\"/articles/15\" target=\"_blank\">\r\n                                    <h3 class=\"h3\">admin article</h3>\r\n                                    <div class=\"content\"><p>我就是老大！</p><p>谁敢不听话，我就揍谁！</p><p>我叫江小白，是要成为王的男人！<br/></p></div>\r\n                                    <div class=\"option_box\">\r\n                                        <span>作者：</span>\r\n                                        <span class=\"Mrt20 p_ibt WTO max_wid70\">admin</span>\r\n                                        <span>时间：</span>\r\n                                        <span>2018-11-5</span>\r\n                                    </div>\r\n                                </a>\r\n                            </div>\r\n                            \r\n                            <div class=\"p_ibt item_box\">\r\n                                <a href=\"/articles/1\" target=\"_blank\">\r\n                                    <h3 class=\"h3\">service</h3>\r\n                                    <div class=\"content\"><p><span style=\"color: rgb(34, 34, 34); font-family: Consolas, &quot;Lucida Console&quot;, &quot;Courier New&quot;, monospace; font-size: 12px; white-space: pre-wrap; background-color: rgb(255, 255, 255);\">#查看mysql日志\ncat /var/log/mysqld.log\n\n#删除mysql\nyum remove mysql-server\n\n#安装mysql\nyum install &nbsp;mysql-server\n\n#查看mysql-server的版本\nrpm -qi mysql-server\n#查看mysql 的启动状态\nservice mysqld status\n\n#设置mysqld服务开机自动启动\nchkconfig mysqld on\n\n#通过该命令给root账号设置密码为 root\nmysqladmin -u root password &#39;root&#39;\n\n#登录mysql数据库\nmysql -u root -p\n\n/etc/my.cnf 这是mysql的主配置文件\n/var/lib/mysql &nbsp; mysql数据库的数据库文件存放位置\n\n#查看Linux系统是否在监听 3306 这个端口号\nnetstat -anp | more\n\n\n#安全模式登陆mysql 跳过验证\nmysqld_safe --skip-grant-tables &amp;\n#设置新密码\nupdate mysql.user set authentication_string=password(&#39;root&#39;) where user=&#39;root&#39;\n#保存\nflush privileges;\n#退出\nquit;\n\n\n\n#授权任意ip远程连接数据库\nGRANT ALL PRIVILEGES ON *.* TO &#39;root&#39;@&#39;%&#39; IDENTIFIED BY &#39;root&#39; WITH GRANT OPTION;\nFLUSH PRIVILEGES;//保存生效\n#处理安全模式登陆后修改密码，再次登陆后可能出现的错误\n#ERROR 1045 (28000): Access denied for user &#39;root&#39;@&#39;localhost&#39; (using password: NO) \nSET PASSWORD = PASSWORD(&#39;123456&#39;);\n\n#pm2路径\n/opt/node-v8.6.0-linux-x86/bin/pm2\n\n#淘宝镜像地址\nnpm install packageName --registry=https://registry.npm.taobao.org\n\n//查看文件 -500 从倒数500行开始读\ntail -500f log.log\n//pm2常用命令\nhttp://www.jianshu.com/p/e709b71f12da\n\n#nginx命令\n启动：nginx\n# 强制停止nginx服务器，如果有未处理的数据，丢弃\n停止：nginx -s stop\n# 优雅的停止nginx服务器，如果有未处理的数据，等待处理完成之后停止\nnginx -s quit\n\n#linux下nginx命令\n启动\ncd /usr/local/nginx/sbin\n./nginx\n停止\n#查询nginx主进程号\nps -ef | grep nginx\n#停止进程\nkill -QUIT 主进程号\n#快速停止\nkill -TERM 主进程号\n#强制停止\npkill -9 nginx\n\n\n#git 生成ssh秘钥\n1.打开git bash 输入 ssh-keygen -t rsa -C &quot;1623685118@qq.com&quot;\n2.打开C:Usersliujianzeng.ssh 目录下id_rsa.pub文件复制秘钥\n3.登陆gitHub 进入个人中心（Personal settings）选择 SSH and GPG keys \n4.然后点击New SSH key 新建一个key title随意写，粘贴key确定即可。\n3.测试是否成功在git bash输入ssh -T git@github.com\n如果是第一次的会提示是否continue，输入yes回车再输入密码后就会看到：You’ve successfully authenticated, but GitHub does not provide shell access 。这就表示已成功连上github。\n\n#git 提交项目\n1.git add [file name or .]点代表所有\n2.git status 查看添加状态\n3.git commit -a -m 提交；-a提交修改不需要add命令，-m注释\n4.git push origin master 提交到服务器\n\n\n#vim\n命令行出入 u 为撤销上一步输入\n命令行Ctrl+r 恢复上一步被撤销的操作\n\n\n#linux\nls -a可以显示该目录下的所有文件（包括隐藏文件）。\nrmdir -rf filename 删除文件或文件夹命令（-r：递归删除 &nbsp;-f：忽略不存在文件，从不提示）<br/><br/>-------------重启服务器----------------<br/>启动nginx<br/>cd /usr/local/nginx/sbin<br/>./nginx<br/><br/>启动Redis<br/>cd /redis-4.0.9/src<br/>pm2 start redis-server<br/><br/>启动client服务<br/>cd /root/webapp/liushiyizu/client<br/>pm2 -n client start ./bin/www<br/>启动server服务<br/>cd /root/webapp/liushiyizu/server<br/>pm2 -n client server ./bin/www<br/><br/>#检查服务是否都启动了<br/>ps -ef | grep nginx&nbsp; //nginx 是两个进程<br/>ps -ef | grep redis&nbsp; //redis 是一个进程<br/>service mysqld status //mysql running...<br/><br/>#正常状态<br/>┌──────────┬────┬──────┬───────┬────────┬─────────┬────────┬─────┬───────────┬──────┬──────────┐<br/>│ App name │ id │ mode │ pid&nbsp;&nbsp; │ status │ restart │ uptime │ cpu │ mem&nbsp;&nbsp;&nbsp;&nbsp;&nbsp;&nbsp; │ user │ watching │<br/>├──────────┼────┼──────┼───────┼────────┼─────────┼────────┼─────┼───────────┼──────┼──────────┤<br/>│ redis&nbsp;&nbsp;&nbsp; │ 2&nbsp; │ fork │ 19548 │ online │ 0&nbsp;&nbsp;&nbsp;&nbsp;&nbsp;&nbsp; │ 3m&nbsp;&nbsp;&nbsp;&nbsp; │ 0%&nbsp; │ 1.9 MB&nbsp;&nbsp;&nbsp; │ root │ disabled │<br/>│ server&nbsp;&nbsp; │ 1&nbsp; │ fork │ 16507 │ online │ 0&nbsp;&nbsp;&nbsp;&nbsp;&nbsp;&nbsp; │ 49m&nbsp;&nbsp;&nbsp; │ 0%&nbsp; │ 26.6 MB&nbsp;&nbsp; │ root │ disabled │<br/>│ www&nbsp;&nbsp;&nbsp;&nbsp;&nbsp; │ 0&nbsp; │ fork │ 3806&nbsp; │ online │ 0&nbsp;&nbsp;&nbsp;&nbsp;&nbsp;&nbsp; │ 3D&nbsp;&nbsp;&nbsp;&nbsp; │ 0%&nbsp; │ 41.9 MB&nbsp;&nbsp; │ root │ disabled │<br/>└──────────┴────┴──────┴───────┴────────┴─────────┴────────┴─────┴───────────┴──────┴──────────┘</span></p></div>\r\n                                    <div class=\"option_box\">\r\n                                        <span>作者：</span>\r\n                                        <span class=\"Mrt20 p_ibt WTO max_wid70\">liu</span>\r\n                                        <span>时间：</span>\r\n                                        <span>2018-11-5</span>\r\n                                    </div>\r\n                                </a>\r\n                            </div>\r\n                            \r\n                            <div class=\"p_ibt item_box\">\r\n                                <a href=\"/articles/17\" target=\"_blank\">\r\n                                    <h3 class=\"h3\">天行九歌</h3>\r\n                                    <div class=\"content\"><p><em>简介：</em><span class=\"briefIntroTxt\">“天行九歌”是玄机科技旗下“秦时明月”的双子星品牌，大预算、大制作、大宣发，是一部战国题材3A级玄幻动画大作，由秦时明月核心主创2016革新呈献，该剧将引领观众进入战国末年，风起云涌的大时代中，战国七雄在乱世中群雄并起，百家争鸣。</span></p></div>\r\n                                    <div class=\"option_box\">\r\n                                        <span>作者：</span>\r\n                                        <span class=\"Mrt20 p_ibt WTO max_wid70\">liu</span>\r\n                                        <span>时间：</span>\r\n                                        <span>2018-8-4</span>\r\n                                    </div>\r\n                                </a>\r\n                            </div>\r\n                            \r\n                            <div class=\"p_ibt item_box\">\r\n                                <a href=\"/articles/16\" target=\"_blank\">\r\n                                    <h3 class=\"h3\">海贼王</h3>\r\n                                    <div class=\"content\"><p>&nbsp;<em>地区：</em>日漫 &nbsp; &nbsp; \t\t\t\t\t\t<em>语言：</em>日语\n &nbsp;&nbsp; &nbsp; &nbsp; &nbsp; &nbsp; &nbsp; &nbsp; &nbsp; &nbsp; &nbsp;&nbsp; <em>更新时间：</em>每周日12:00更新1集，VIP抢先看一集\n &nbsp; &nbsp; &nbsp; &nbsp; &nbsp; &nbsp; &nbsp; &nbsp; &nbsp; &nbsp; \t\t\t\t\t&nbsp;类型：动作 /热血 /冒险 /魔幻 /励志 /番剧</p><p>&nbsp;<br/></p><p><em>简介：</em> \t\t\t\t<span class=\"briefIntroTxt\">有个男人他拥有世界上一切财富、名望和权势，他就是「海盗王」高路德•罗杰。在临死前说过这样一句话：让全世界的人都奔向大海「想要我的财宝吗？想要的话全就拿去吧……！你们去找吧！我把世界上的一切都放在那里了」。后来世界上的人们将这个宝藏称作“一个大秘宝”（One\n Piece），许多人为了争夺大秘宝One \nPiece，无数海盗扬起旗帜，互相斗争，后来就形成了「大海盗时代」。主角蒙奇•D•路飞在遥远的路途上找寻着志同道合的伙伴，携手共进「伟大航线」，目标当上「海盗王」。航海王是一个依着彼此坚毅的友情最终获得胜利，大伙一起朝着梦想扬帆努力的冒险故事。</span></p><p><br/></p></div>\r\n                                    <div class=\"option_box\">\r\n                                        <span>作者：</span>\r\n                                        <span class=\"Mrt20 p_ibt WTO max_wid70\">liu</span>\r\n                                        <span>时间：</span>\r\n                                        <span>2018-8-4</span>\r\n                                    </div>\r\n                                </a>\r\n                            </div>\r\n                            \r\n                        </div>\r\n                        <div v-for=\"article in articles\" class=\"p_ibt item_box\">\r\n                            <a :href=\"'/articles/'+article.article_id\" target=\"_blank\">\r\n                                <h3 class=\"h3\">{{article.article_title}}</h3>\r\n                                <div class=\"content\" v-html=\"article.article_content\"></div>\r\n                                <div class=\"option_box\">\r\n                                    <span>作者：</span>\r\n                                    <span class=\"Mrt20 p_ibt WTO max_wid70\">{{article.user_name}}</span>\r\n                                    <span>时间：</span>\r\n                                    <span>{{dateFormat(article.article_edit_date)}}</span>\r\n                                </div>\r\n                            </a>\r\n                        </div>\r\n                    </div>\r\n                </div>\r\n            </div>\r\n        </liu-main>\r\n        <liu-footer></liu-footer>\r\n    </div>\r\n\n<script data-loader src=\"/static/js/common/mod.js\"></script>\n<script data-loader src=\"/static/js/common/utils.js\"></script>\n<script type=\"text/javascript\" src=\"/static/js/plugin/jquery/jquery.js\"></script>\n<script type=\"text/javascript\" src=\"/static/js/plugin/swiper/swiper-4.3.3.min.js\"></script>\n<script type=\"text/javascript\" src=\"/static/js/plugin/vue/vue.js\"></script>\n<script type=\"text/javascript\" src=\"/static/js/plugin/element_ui/index.js\"></script>\n<script type=\"text/javascript\" src=\"/components/login/login.js\"></script>\n<script type=\"text/javascript\" src=\"/components/header/header.js\"></script>\n<script type=\"text/javascript\" src=\"/components/main/main.js\"></script>\n<script type=\"text/javascript\" src=\"/components/footer/footer.js\"></script>\n<script type=\"text/javascript\" src=\"/static/js/index.js\"></script>\n<script>\r\n        require('jquery')('.hidden_tag').remove();\r\n        require(\"webApp/static/js/index\");\r\n    </script>\n</body>\r\n\r\n</html>"
*************** response log end ***************

